# JRE version: Java(TM) SE Runtime Environment (8.0_161-b12) (build 1.8.0_161-b12)
# Java VM: Java HotSpot(TM) 64-Bit Server VM (25.161-b12 mixed mode windows-amd64 compressed oops)
Heap:
 PSYoungGen      total 1367040K, used 1038503K [0x000000076b500000, 0x00000007bfe80000, 0x00000007c0000000)
  eden space 1349120K, 76% used [0x000000076b500000,0x00000007aa299da8,0x00000007bda80000)
  from space 17920K, 48% used [0x00000007bed00000,0x00000007bf590000,0x00000007bfe80000)
  to   space 18432K, 0% used [0x00000007bda80000,0x00000007bda80000,0x00000007bec80000)
 ParOldGen       total 678912K, used 397512K [0x00000006c1e00000, 0x00000006eb500000, 0x000000076b500000)
  object space 678912K, 58% used [0x00000006c1e00000,0x00000006da232028,0x00000006eb500000)
 Metaspace       used 29695K, capacity 29964K, committed 30336K, reserved 1075200K
  class space    used 3794K, capacity 3870K, committed 3968K, reserved 1048576K
GC Heap History (10 events):
Event: 440.767 GC heap before
{Heap before GC invocations=210 (full 4):
 PSYoungGen      total 1366016K, used 1354752K [0x000000076b500000, 0x00000007bfd80000, 0x00000007c0000000)
  eden space 1346048K, 100% used [0x000000076b500000,0x00000007bd780000,0x00000007bd780000)
  from space 19968K, 43% used [0x00000007bd780000,0x00000007be000000,0x00000007beb00000)
  to   space 18944K, 0% used [0x00000007beb00000,0x00000007beb00000,0x00000007bfd80000)
 ParOldGen       total 678912K, used 397456K [0x00000006c1e00000, 0x00000006eb500000, 0x000000076b500000)
  object space 678912K, 58% used [0x00000006c1e00000,0x00000006da224028,0x00000006eb500000)
 Metaspace       used 29655K, capacity 29964K, committed 30336K, reserved 1075200K
  class space    used 3794K, capacity 3870K, committed 3968K, reserved 1048576K
Event: 440.770 GC heap after
Heap after GC invocations=210 (full 4):
 PSYoungGen      total 1365504K, used 13056K [0x000000076b500000, 0x00000007c0000000, 0x00000007c0000000)
  eden space 1346560K, 0% used [0x000000076b500000,0x000000076b500000,0x00000007bd800000)
  from space 18944K, 68% used [0x00000007beb00000,0x00000007bf7c0000,0x00000007bfd80000)
  to   space 19456K, 0% used [0x00000007bd800000,0x00000007bd800000,0x00000007beb00000)
 ParOldGen       total 678912K, used 397464K [0x00000006c1e00000, 0x00000006eb500000, 0x000000076b500000)
  object space 678912K, 58% used [0x00000006c1e00000,0x00000006da226028,0x00000006eb500000)
 Metaspace       used 29655K, capacity 29964K, committed 30336K, reserved 1075200K
  class space    used 3794K, capacity 3870K, committed 3968K, reserved 1048576K
}
Event: 443.201 GC heap before
{Heap before GC invocations=211 (full 4):
 PSYoungGen      total 1365504K, used 1359616K [0x000000076b500000, 0x00000007c0000000, 0x00000007c0000000)
  eden space 1346560K, 100% used [0x000000076b500000,0x00000007bd800000,0x00000007bd800000)
  from space 18944K, 68% used [0x00000007beb00000,0x00000007bf7c0000,0x00000007bfd80000)
  to   space 19456K, 0% used [0x00000007bd800000,0x00000007bd800000,0x00000007beb00000)
 ParOldGen       total 678912K, used 397464K [0x00000006c1e00000, 0x00000006eb500000, 0x000000076b500000)
  object space 678912K, 58% used [0x00000006c1e00000,0x00000006da226028,0x00000006eb500000)
 Metaspace       used 29655K, capacity 29964K, committed 30336K, reserved 1075200K
  class space    used 3794K, capacity 3870K, committed 3968K, reserved 1048576K
Event: 443.203 GC heap after
Heap after GC invocations=211 (full 4):
 PSYoungGen      total 1366016K, used 1120K [0x000000076b500000, 0x00000007c0000000, 0x00000007c0000000)
  eden space 1346560K, 0% used [0x000000076b500000,0x000000076b500000,0x00000007bd800000)
  from space 19456K, 5% used [0x00000007bd800000,0x00000007bd918000,0x00000007beb00000)
  to   space 19968K, 0% used [0x00000007bec80000,0x00000007bec80000,0x00000007c0000000)
 ParOldGen       total 678912K, used 397496K [0x00000006c1e00000, 0x00000006eb500000, 0x000000076b500000)
  object space 678912K, 58% used [0x00000006c1e00000,0x00000006da22e028,0x00000006eb500000)
 Metaspace       used 29655K, capacity 29964K, committed 30336K, reserved 1075200K
  class space    used 3794K, capacity 3870K, committed 3968K, reserved 1048576K
}
Event: 445.664 GC heap before
{Heap before GC invocations=212 (full 4):
 PSYoungGen      total 1366016K, used 1347680K [0x000000076b500000, 0x00000007c0000000, 0x00000007c0000000)
  eden space 1346560K, 100% used [0x000000076b500000,0x00000007bd800000,0x00000007bd800000)
  from space 19456K, 5% used [0x00000007bd800000,0x00000007bd918000,0x00000007beb00000)
  to   space 19968K, 0% used [0x00000007bec80000,0x00000007bec80000,0x00000007c0000000)
 ParOldGen       total 678912K, used 397496K [0x00000006c1e00000, 0x00000006eb500000, 0x000000076b500000)
  object space 678912K, 58% used [0x00000006c1e00000,0x00000006da22e028,0x00000006eb500000)
 Metaspace       used 29656K, capacity 29964K, committed 30336K, reserved 1075200K
  class space    used 3794K, capacity 3870K, committed 3968K, reserved 1048576K
Event: 445.666 GC heap after
Heap after GC invocations=212 (full 4):
 PSYoungGen      total 1366528K, used 9014K [0x000000076b500000, 0x00000007bfe80000, 0x00000007c0000000)
  eden space 1348096K, 0% used [0x000000076b500000,0x000000076b500000,0x00000007bd980000)
  from space 18432K, 48% used [0x00000007bec80000,0x00000007bf54da10,0x00000007bfe80000)
  to   space 18944K, 0% used [0x00000007bd980000,0x00000007bd980000,0x00000007bec00000)
 ParOldGen       total 678912K, used 397496K [0x00000006c1e00000, 0x00000006eb500000, 0x000000076b500000)
  object space 678912K, 58% used [0x00000006c1e00000,0x00000006da22e028,0x00000006eb500000)
 Metaspace       used 29656K, capacity 29964K, committed 30336K, reserved 1075200K
  class space    used 3794K, capacity 3870K, committed 3968K, reserved 1048576K
}
Event: 447.809 GC heap before
{Heap before GC invocations=213 (full 4):
 PSYoungGen      total 1366528K, used 1357110K [0x000000076b500000, 0x00000007bfe80000, 0x00000007c0000000)
  eden space 1348096K, 100% used [0x000000076b500000,0x00000007bd980000,0x00000007bd980000)
  from space 18432K, 48% used [0x00000007bec80000,0x00000007bf54da10,0x00000007bfe80000)
  to   space 18944K, 0% used [0x00000007bd980000,0x00000007bd980000,0x00000007bec00000)
 ParOldGen       total 678912K, used 397496K [0x00000006c1e00000, 0x00000006eb500000, 0x000000076b500000)
  object space 678912K, 58% used [0x00000006c1e00000,0x00000006da22e028,0x00000006eb500000)
 Metaspace       used 29663K, capacity 29964K, committed 30336K, reserved 1075200K
  class space    used 3794K, capacity 3870K, committed 3968K, reserved 1048576K
Event: 447.811 GC heap after
Heap after GC invocations=213 (full 4):
 PSYoungGen      total 1367040K, used 1312K [0x000000076b500000, 0x00000007c0000000, 0x00000007c0000000)
  eden space 1348096K, 0% used [0x000000076b500000,0x000000076b500000,0x00000007bd980000)
  from space 18944K, 6% used [0x00000007bd980000,0x00000007bdac8000,0x00000007bec00000)
  to   space 19456K, 0% used [0x00000007bed00000,0x00000007bed00000,0x00000007c0000000)
 ParOldGen       total 678912K, used 397512K [0x00000006c1e00000, 0x00000006eb500000, 0x000000076b500000)
  object space 678912K, 58% used [0x00000006c1e00000,0x00000006da232028,0x00000006eb500000)
 Metaspace       used 29663K, capacity 29964K, committed 30336K, reserved 1075200K
  class space    used 3794K, capacity 3870K, committed 3968K, reserved 1048576K
}
Event: 449.676 GC heap before
{Heap before GC invocations=214 (full 4):
 PSYoungGen      total 1367040K, used 1349408K [0x000000076b500000, 0x00000007c0000000, 0x00000007c0000000)
  eden space 1348096K, 100% used [0x000000076b500000,0x00000007bd980000,0x00000007bd980000)
  from space 18944K, 6% used [0x00000007bd980000,0x00000007bdac8000,0x00000007bec00000)
  to   space 19456K, 0% used [0x00000007bed00000,0x00000007bed00000,0x00000007c0000000)
 ParOldGen       total 678912K, used 397512K [0x00000006c1e00000, 0x00000006eb500000, 0x000000076b500000)
  object space 678912K, 58% used [0x00000006c1e00000,0x00000006da232028,0x00000006eb500000)
 Metaspace       used 29664K, capacity 29964K, committed 30336K, reserved 1075200K
  class space    used 3794K, capacity 3870K, committed 3968K, reserved 1048576K
Event: 449.679 GC heap after
Heap after GC invocations=214 (full 4):
 PSYoungGen      total 1367040K, used 8768K [0x000000076b500000, 0x00000007bfe80000, 0x00000007c0000000)
  eden space 1349120K, 0% used [0x000000076b500000,0x000000076b500000,0x00000007bda80000)
  from space 17920K, 48% used [0x00000007bed00000,0x00000007bf590000,0x00000007bfe80000)
  to   space 18432K, 0% used [0x00000007bda80000,0x00000007bda80000,0x00000007bec80000)
 ParOldGen       total 678912K, used 397512K [0x00000006c1e00000, 0x00000006eb500000, 0x000000076b500000)
  object space 678912K, 58% used [0x00000006c1e00000,0x00000006da232028,0x00000006eb500000)
 Metaspace       used 29664K, capacity 29964K, committed 30336K, reserved 1075200K
  class space    used 3794K, capacity 3870K, committed 3968K, reserved 1048576K
}

