# JRE version: Java(TM) SE Runtime Environment (8.0_161-b12) (build 1.8.0_161-b12)
# Java VM: Java HotSpot(TM) 64-Bit Server VM (25.161-b12 mixed mode windows-amd64 compressed oops)
Heap:
 PSYoungGen      total 1366528K, used 280303K [0x000000076b500000, 0x00000007c0000000, 0x00000007c0000000)
  eden space 1346560K, 19% used [0x000000076b500000,0x000000077b9abd30,0x00000007bd800000)
  from space 19968K, 66% used [0x00000007bd800000,0x00000007be510000,0x00000007beb80000)
  to   space 19968K, 0% used [0x00000007bec80000,0x00000007bec80000,0x00000007c0000000)
 ParOldGen       total 691712K, used 405952K [0x00000006c1e00000, 0x00000006ec180000, 0x000000076b500000)
  object space 691712K, 58% used [0x00000006c1e00000,0x00000006daa703c8,0x00000006ec180000)
 Metaspace       used 30048K, capacity 30344K, committed 30592K, reserved 1075200K
  class space    used 3823K, capacity 3907K, committed 3968K, reserved 1048576K
GC Heap History (10 events):
Event: 368.697 GC heap before
{Heap before GC invocations=159 (full 5):
 PSYoungGen      total 1366528K, used 1354272K [0x000000076b500000, 0x00000007bff00000, 0x00000007c0000000)
  eden space 1347584K, 100% used [0x000000076b500000,0x00000007bd900000,0x00000007bd900000)
  from space 18944K, 35% used [0x00000007bec80000,0x00000007bf308000,0x00000007bff00000)
  to   space 19456K, 0% used [0x00000007bd900000,0x00000007bd900000,0x00000007bec00000)
 ParOldGen       total 691712K, used 405952K [0x00000006c1e00000, 0x00000006ec180000, 0x000000076b500000)
  object space 691712K, 58% used [0x00000006c1e00000,0x00000006daa703c8,0x00000006ec180000)
 Metaspace       used 29916K, capacity 30280K, committed 30592K, reserved 1075200K
  class space    used 3809K, capacity 3907K, committed 3968K, reserved 1048576K
Event: 368.702 GC heap after
Heap after GC invocations=159 (full 5):
 PSYoungGen      total 1367040K, used 13184K [0x000000076b500000, 0x00000007c0000000, 0x00000007c0000000)
  eden space 1347584K, 0% used [0x000000076b500000,0x000000076b500000,0x00000007bd900000)
  from space 19456K, 67% used [0x00000007bd900000,0x00000007be5e0000,0x00000007bec00000)
  to   space 19968K, 0% used [0x00000007bec80000,0x00000007bec80000,0x00000007c0000000)
 ParOldGen       total 691712K, used 405952K [0x00000006c1e00000, 0x00000006ec180000, 0x000000076b500000)
  object space 691712K, 58% used [0x00000006c1e00000,0x00000006daa703c8,0x00000006ec180000)
 Metaspace       used 29916K, capacity 30280K, committed 30592K, reserved 1075200K
  class space    used 3809K, capacity 3907K, committed 3968K, reserved 1048576K
}
Event: 371.545 GC heap before
{Heap before GC invocations=160 (full 5):
 PSYoungGen      total 1367040K, used 1360768K [0x000000076b500000, 0x00000007c0000000, 0x00000007c0000000)
  eden space 1347584K, 100% used [0x000000076b500000,0x00000007bd900000,0x00000007bd900000)
  from space 19456K, 67% used [0x00000007bd900000,0x00000007be5e0000,0x00000007bec00000)
  to   space 19968K, 0% used [0x00000007bec80000,0x00000007bec80000,0x00000007c0000000)
 ParOldGen       total 691712K, used 405952K [0x00000006c1e00000, 0x00000006ec180000, 0x000000076b500000)
  object space 691712K, 58% used [0x00000006c1e00000,0x00000006daa703c8,0x00000006ec180000)
 Metaspace       used 29918K, capacity 30280K, committed 30592K, reserved 1075200K
  class space    used 3809K, capacity 3907K, committed 3968K, reserved 1048576K
Event: 371.551 GC heap after
Heap after GC invocations=160 (full 5):
 PSYoungGen      total 1366528K, used 13280K [0x000000076b500000, 0x00000007c0000000, 0x00000007c0000000)
  eden space 1346560K, 0% used [0x000000076b500000,0x000000076b500000,0x00000007bd800000)
  from space 19968K, 66% used [0x00000007bec80000,0x00000007bf978000,0x00000007c0000000)
  to   space 20480K, 0% used [0x00000007bd800000,0x00000007bd800000,0x00000007bec00000)
 ParOldGen       total 691712K, used 405952K [0x00000006c1e00000, 0x00000006ec180000, 0x000000076b500000)
  object space 691712K, 58% used [0x00000006c1e00000,0x00000006daa703c8,0x00000006ec180000)
 Metaspace       used 29918K, capacity 30280K, committed 30592K, reserved 1075200K
  class space    used 3809K, capacity 3907K, committed 3968K, reserved 1048576K
}
Event: 374.406 GC heap before
{Heap before GC invocations=161 (full 5):
 PSYoungGen      total 1366528K, used 1359840K [0x000000076b500000, 0x00000007c0000000, 0x00000007c0000000)
  eden space 1346560K, 100% used [0x000000076b500000,0x00000007bd800000,0x00000007bd800000)
  from space 19968K, 66% used [0x00000007bec80000,0x00000007bf978000,0x00000007c0000000)
  to   space 20480K, 0% used [0x00000007bd800000,0x00000007bd800000,0x00000007bec00000)
 ParOldGen       total 691712K, used 405952K [0x00000006c1e00000, 0x00000006ec180000, 0x000000076b500000)
  object space 691712K, 58% used [0x00000006c1e00000,0x00000006daa703c8,0x00000006ec180000)
 Metaspace       used 29918K, capacity 30280K, committed 30592K, reserved 1075200K
  class space    used 3809K, capacity 3907K, committed 3968K, reserved 1048576K
Event: 374.411 GC heap after
Heap after GC invocations=161 (full 5):
 PSYoungGen      total 1367040K, used 13312K [0x000000076b500000, 0x00000007c0000000, 0x00000007c0000000)
  eden space 1346560K, 0% used [0x000000076b500000,0x000000076b500000,0x00000007bd800000)
  from space 20480K, 65% used [0x00000007bd800000,0x00000007be500000,0x00000007bec00000)
  to   space 20480K, 0% used [0x00000007bec00000,0x00000007bec00000,0x00000007c0000000)
 ParOldGen       total 691712K, used 405952K [0x00000006c1e00000, 0x00000006ec180000, 0x000000076b500000)
  object space 691712K, 58% used [0x00000006c1e00000,0x00000006daa703c8,0x00000006ec180000)
 Metaspace       used 29918K, capacity 30280K, committed 30592K, reserved 1075200K
  class space    used 3809K, capacity 3907K, committed 3968K, reserved 1048576K
}
Event: 377.278 GC heap before
{Heap before GC invocations=162 (full 5):
 PSYoungGen      total 1367040K, used 1359872K [0x000000076b500000, 0x00000007c0000000, 0x00000007c0000000)
  eden space 1346560K, 100% used [0x000000076b500000,0x00000007bd800000,0x00000007bd800000)
  from space 20480K, 65% used [0x00000007bd800000,0x00000007be500000,0x00000007bec00000)
  to   space 20480K, 0% used [0x00000007bec00000,0x00000007bec00000,0x00000007c0000000)
 ParOldGen       total 691712K, used 405952K [0x00000006c1e00000, 0x00000006ec180000, 0x000000076b500000)
  object space 691712K, 58% used [0x00000006c1e00000,0x00000006daa703c8,0x00000006ec180000)
 Metaspace       used 29918K, capacity 30280K, committed 30592K, reserved 1075200K
  class space    used 3809K, capacity 3907K, committed 3968K, reserved 1048576K
Event: 377.283 GC heap after
Heap after GC invocations=162 (full 5):
 PSYoungGen      total 1366016K, used 8512K [0x000000076b500000, 0x00000007bff00000, 0x00000007c0000000)
  eden space 1346560K, 0% used [0x000000076b500000,0x000000076b500000,0x00000007bd800000)
  from space 19456K, 43% used [0x00000007bec00000,0x00000007bf450000,0x00000007bff00000)
  to   space 19968K, 0% used [0x00000007bd800000,0x00000007bd800000,0x00000007beb80000)
 ParOldGen       total 691712K, used 405952K [0x00000006c1e00000, 0x00000006ec180000, 0x000000076b500000)
  object space 691712K, 58% used [0x00000006c1e00000,0x00000006daa703c8,0x00000006ec180000)
 Metaspace       used 29918K, capacity 30280K, committed 30592K, reserved 1075200K
  class space    used 3809K, capacity 3907K, committed 3968K, reserved 1048576K
}
Event: 380.476 GC heap before
{Heap before GC invocations=163 (full 5):
 PSYoungGen      total 1366016K, used 1355072K [0x000000076b500000, 0x00000007bff00000, 0x00000007c0000000)
  eden space 1346560K, 100% used [0x000000076b500000,0x00000007bd800000,0x00000007bd800000)
  from space 19456K, 43% used [0x00000007bec00000,0x00000007bf450000,0x00000007bff00000)
  to   space 19968K, 0% used [0x00000007bd800000,0x00000007bd800000,0x00000007beb80000)
 ParOldGen       total 691712K, used 405952K [0x00000006c1e00000, 0x00000006ec180000, 0x000000076b500000)
  object space 691712K, 58% used [0x00000006c1e00000,0x00000006daa703c8,0x00000006ec180000)
 Metaspace       used 30042K, capacity 30344K, committed 30592K, reserved 1075200K
  class space    used 3822K, capacity 3907K, committed 3968K, reserved 1048576K
Event: 380.481 GC heap after
Heap after GC invocations=163 (full 5):
 PSYoungGen      total 1366528K, used 13376K [0x000000076b500000, 0x00000007c0000000, 0x00000007c0000000)
  eden space 1346560K, 0% used [0x000000076b500000,0x000000076b500000,0x00000007bd800000)
  from space 19968K, 66% used [0x00000007bd800000,0x00000007be510000,0x00000007beb80000)
  to   space 19968K, 0% used [0x00000007bec80000,0x00000007bec80000,0x00000007c0000000)
 ParOldGen       total 691712K, used 405952K [0x00000006c1e00000, 0x00000006ec180000, 0x000000076b500000)
  object space 691712K, 58% used [0x00000006c1e00000,0x00000006daa703c8,0x00000006ec180000)
 Metaspace       used 30042K, capacity 30344K, committed 30592K, reserved 1075200K
  class space    used 3822K, capacity 3907K, committed 3968K, reserved 1048576K
}

