# JRE version: Java(TM) SE Runtime Environment (8.0_161-b12) (build 1.8.0_161-b12)
# Java VM: Java HotSpot(TM) 64-Bit Server VM (25.161-b12 mixed mode windows-amd64 compressed oops)
Heap:
 PSYoungGen      total 1334784K, used 897972K [0x000000076b500000, 0x00000007c0000000, 0x00000007c0000000)
  eden space 1308672K, 66% used [0x000000076b500000,0x00000007a08a7c08,0x00000007bb300000)
  from space 26112K, 99% used [0x00000007bb300000,0x00000007bcc457c0,0x00000007bcc80000)
  to   space 39936K, 0% used [0x00000007bd900000,0x00000007bd900000,0x00000007c0000000)
 ParOldGen       total 680960K, used 498312K [0x00000006c1e00000, 0x00000006eb700000, 0x000000076b500000)
  object space 680960K, 73% used [0x00000006c1e00000,0x00000006e04a2210,0x00000006eb700000)
 Metaspace       used 29898K, capacity 30278K, committed 30592K, reserved 1075200K
  class space    used 3827K, capacity 3933K, committed 3968K, reserved 1048576K
GC Heap History (10 events):
Event: 345.028 GC heap before
{Heap before GC invocations=291 (full 4):
 PSYoungGen      total 1351680K, used 1348131K [0x000000076b500000, 0x00000007c0000000, 0x00000007c0000000)
  eden space 1321984K, 100% used [0x000000076b500000,0x00000007bc000000,0x00000007bc000000)
  from space 29696K, 88% used [0x00000007be300000,0x00000007bfc88e28,0x00000007c0000000)
  to   space 32768K, 0% used [0x00000007bc000000,0x00000007bc000000,0x00000007be000000)
 ParOldGen       total 680960K, used 498248K [0x00000006c1e00000, 0x00000006eb700000, 0x000000076b500000)
  object space 680960K, 73% used [0x00000006c1e00000,0x00000006e0492210,0x00000006eb700000)
 Metaspace       used 29839K, capacity 30150K, committed 30592K, reserved 1075200K
  class space    used 3827K, capacity 3933K, committed 3968K, reserved 1048576K
Event: 345.035 GC heap after
Heap after GC invocations=291 (full 4):
 PSYoungGen      total 1348608K, used 26122K [0x000000076b500000, 0x00000007c0000000, 0x00000007c0000000)
  eden space 1321984K, 0% used [0x000000076b500000,0x000000076b500000,0x00000007bc000000)
  from space 26624K, 98% used [0x00000007bc000000,0x00000007bd982910,0x00000007bda00000)
  to   space 35328K, 0% used [0x00000007bdd80000,0x00000007bdd80000,0x00000007c0000000)
 ParOldGen       total 680960K, used 498248K [0x00000006c1e00000, 0x00000006eb700000, 0x000000076b500000)
  object space 680960K, 73% used [0x00000006c1e00000,0x00000006e0492210,0x00000006eb700000)
 Metaspace       used 29839K, capacity 30150K, committed 30592K, reserved 1075200K
  class space    used 3827K, capacity 3933K, committed 3968K, reserved 1048576K
}
Event: 347.404 GC heap before
{Heap before GC invocations=292 (full 4):
 PSYoungGen      total 1348608K, used 1348106K [0x000000076b500000, 0x00000007c0000000, 0x00000007c0000000)
  eden space 1321984K, 100% used [0x000000076b500000,0x00000007bc000000,0x00000007bc000000)
  from space 26624K, 98% used [0x00000007bc000000,0x00000007bd982910,0x00000007bda00000)
  to   space 35328K, 0% used [0x00000007bdd80000,0x00000007bdd80000,0x00000007c0000000)
 ParOldGen       total 680960K, used 498248K [0x00000006c1e00000, 0x00000006eb700000, 0x000000076b500000)
  object space 680960K, 73% used [0x00000006c1e00000,0x00000006e0492210,0x00000006eb700000)
 Metaspace       used 29840K, capacity 30150K, committed 30592K, reserved 1075200K
  class space    used 3827K, capacity 3933K, committed 3968K, reserved 1048576K
Event: 347.412 GC heap after
Heap after GC invocations=292 (full 4):
 PSYoungGen      total 1347072K, used 29431K [0x000000076b500000, 0x00000007c0000000, 0x00000007c0000000)
  eden space 1311744K, 0% used [0x000000076b500000,0x000000076b500000,0x00000007bb600000)
  from space 35328K, 83% used [0x00000007bdd80000,0x00000007bfa3dfa8,0x00000007c0000000)
  to   space 37888K, 0% used [0x00000007bb600000,0x00000007bb600000,0x00000007bdb00000)
 ParOldGen       total 680960K, used 498248K [0x00000006c1e00000, 0x00000006eb700000, 0x000000076b500000)
  object space 680960K, 73% used [0x00000006c1e00000,0x00000006e0492210,0x00000006eb700000)
 Metaspace       used 29840K, capacity 30150K, committed 30592K, reserved 1075200K
  class space    used 3827K, capacity 3933K, committed 3968K, reserved 1048576K
}
Event: 347.869 GC heap before
{Heap before GC invocations=293 (full 4):
 PSYoungGen      total 1347072K, used 1341175K [0x000000076b500000, 0x00000007c0000000, 0x00000007c0000000)
  eden space 1311744K, 100% used [0x000000076b500000,0x00000007bb600000,0x00000007bb600000)
  from space 35328K, 83% used [0x00000007bdd80000,0x00000007bfa3dfa8,0x00000007c0000000)
  to   space 37888K, 0% used [0x00000007bb600000,0x00000007bb600000,0x00000007bdb00000)
 ParOldGen       total 680960K, used 498248K [0x00000006c1e00000, 0x00000006eb700000, 0x000000076b500000)
  object space 680960K, 73% used [0x00000006c1e00000,0x00000006e0492210,0x00000006eb700000)
 Metaspace       used 29870K, capacity 30214K, committed 30592K, reserved 1075200K
  class space    used 3827K, capacity 3933K, committed 3968K, reserved 1048576K
Event: 347.879 GC heap after
Heap after GC invocations=293 (full 4):
 PSYoungGen      total 1349632K, used 20806K [0x000000076b500000, 0x00000007c0000000, 0x00000007c0000000)
  eden space 1311744K, 0% used [0x000000076b500000,0x000000076b500000,0x00000007bb600000)
  from space 37888K, 54% used [0x00000007bb600000,0x00000007bca51b38,0x00000007bdb00000)
  to   space 37376K, 0% used [0x00000007bdb80000,0x00000007bdb80000,0x00000007c0000000)
 ParOldGen       total 680960K, used 498248K [0x00000006c1e00000, 0x00000006eb700000, 0x000000076b500000)
  object space 680960K, 73% used [0x00000006c1e00000,0x00000006e0492210,0x00000006eb700000)
 Metaspace       used 29870K, capacity 30214K, committed 30592K, reserved 1075200K
  class space    used 3827K, capacity 3933K, committed 3968K, reserved 1048576K
}
Event: 350.041 GC heap before
{Heap before GC invocations=294 (full 4):
 PSYoungGen      total 1349632K, used 1332550K [0x000000076b500000, 0x00000007c0000000, 0x00000007c0000000)
  eden space 1311744K, 100% used [0x000000076b500000,0x00000007bb600000,0x00000007bb600000)
  from space 37888K, 54% used [0x00000007bb600000,0x00000007bca51b38,0x00000007bdb00000)
  to   space 37376K, 0% used [0x00000007bdb80000,0x00000007bdb80000,0x00000007c0000000)
 ParOldGen       total 680960K, used 498248K [0x00000006c1e00000, 0x00000006eb700000, 0x000000076b500000)
  object space 680960K, 73% used [0x00000006c1e00000,0x00000006e0492210,0x00000006eb700000)
 Metaspace       used 29874K, capacity 30214K, committed 30592K, reserved 1075200K
  class space    used 3827K, capacity 3933K, committed 3968K, reserved 1048576K
Event: 350.052 GC heap after
Heap after GC invocations=294 (full 4):
 PSYoungGen      total 1346048K, used 28854K [0x000000076b500000, 0x00000007c0000000, 0x00000007c0000000)
  eden space 1308672K, 0% used [0x000000076b500000,0x000000076b500000,0x00000007bb300000)
  from space 37376K, 77% used [0x00000007bdb80000,0x00000007bf7ad820,0x00000007c0000000)
  to   space 39424K, 0% used [0x00000007bb300000,0x00000007bb300000,0x00000007bd980000)
 ParOldGen       total 680960K, used 498264K [0x00000006c1e00000, 0x00000006eb700000, 0x000000076b500000)
  object space 680960K, 73% used [0x00000006c1e00000,0x00000006e0496210,0x00000006eb700000)
 Metaspace       used 29874K, capacity 30214K, committed 30592K, reserved 1075200K
  class space    used 3827K, capacity 3933K, committed 3968K, reserved 1048576K
}
Event: 350.627 GC heap before
{Heap before GC invocations=295 (full 4):
 PSYoungGen      total 1346048K, used 1337526K [0x000000076b500000, 0x00000007c0000000, 0x00000007c0000000)
  eden space 1308672K, 100% used [0x000000076b500000,0x00000007bb300000,0x00000007bb300000)
  from space 37376K, 77% used [0x00000007bdb80000,0x00000007bf7ad820,0x00000007c0000000)
  to   space 39424K, 0% used [0x00000007bb300000,0x00000007bb300000,0x00000007bd980000)
 ParOldGen       total 680960K, used 498264K [0x00000006c1e00000, 0x00000006eb700000, 0x000000076b500000)
  object space 680960K, 73% used [0x00000006c1e00000,0x00000006e0496210,0x00000006eb700000)
 Metaspace       used 29884K, capacity 30214K, committed 30592K, reserved 1075200K
  class space    used 3827K, capacity 3933K, committed 3968K, reserved 1048576K
Event: 350.638 GC heap after
Heap after GC invocations=295 (full 4):
 PSYoungGen      total 1334784K, used 25877K [0x000000076b500000, 0x00000007c0000000, 0x00000007c0000000)
  eden space 1308672K, 0% used [0x000000076b500000,0x000000076b500000,0x00000007bb300000)
  from space 26112K, 99% used [0x00000007bb300000,0x00000007bcc457c0,0x00000007bcc80000)
  to   space 39936K, 0% used [0x00000007bd900000,0x00000007bd900000,0x00000007c0000000)
 ParOldGen       total 680960K, used 498312K [0x00000006c1e00000, 0x00000006eb700000, 0x000000076b500000)
  object space 680960K, 73% used [0x00000006c1e00000,0x00000006e04a2210,0x00000006eb700000)
 Metaspace       used 29884K, capacity 30214K, committed 30592K, reserved 1075200K
  class space    used 3827K, capacity 3933K, committed 3968K, reserved 1048576K
}

