# JRE version: Java(TM) SE Runtime Environment (8.0_161-b12) (build 1.8.0_161-b12)
# Java VM: Java HotSpot(TM) 64-Bit Server VM (25.161-b12 mixed mode windows-amd64 compressed oops)
Heap:
 PSYoungGen      total 658432K, used 277623K [0x000000076b500000, 0x0000000794a80000, 0x00000007c0000000)
  eden space 639488K, 41% used [0x000000076b500000,0x000000077b701958,0x0000000792580000)
  from space 18944K, 70% used [0x0000000792580000,0x000000079329c438,0x0000000793800000)
  to   space 17920K, 0% used [0x0000000793900000,0x0000000793900000,0x0000000794a80000)
 ParOldGen       total 192000K, used 171289K [0x00000006c1e00000, 0x00000006cd980000, 0x000000076b500000)
  object space 192000K, 89% used [0x00000006c1e00000,0x00000006cc546748,0x00000006cd980000)
 Metaspace       used 19364K, capacity 19661K, committed 19968K, reserved 1069056K
  class space    used 2209K, capacity 2291K, committed 2304K, reserved 1048576K
GC Heap History (10 events):
Event: 133.121 GC heap before
{Heap before GC invocations=46 (full 0):
 PSYoungGen      total 658432K, used 641428K [0x000000076b500000, 0x0000000794a80000, 0x00000007c0000000)
  eden space 639488K, 100% used [0x000000076b500000,0x0000000792580000,0x0000000792580000)
  from space 18944K, 10% used [0x0000000792580000,0x0000000792765220,0x0000000793800000)
  to   space 17920K, 0% used [0x0000000793900000,0x0000000793900000,0x0000000794a80000)
 ParOldGen       total 175104K, used 148190K [0x00000006c1e00000, 0x00000006cc900000, 0x000000076b500000)
  object space 175104K, 84% used [0x00000006c1e00000,0x00000006caeb79e8,0x00000006cc900000)
 Metaspace       used 14508K, capacity 14768K, committed 14976K, reserved 1062912K
  class space    used 1770K, capacity 1841K, committed 1920K, reserved 1048576K
Event: 133.129 GC heap after
Heap after GC invocations=46 (full 0):
 PSYoungGen      total 657408K, used 4151K [0x000000076b500000, 0x0000000794a80000, 0x00000007c0000000)
  eden space 639488K, 0% used [0x000000076b500000,0x000000076b500000,0x0000000792580000)
  from space 17920K, 23% used [0x0000000793900000,0x0000000793d0de20,0x0000000794a80000)
  to   space 18944K, 0% used [0x0000000792580000,0x0000000792580000,0x0000000793800000)
 ParOldGen       total 175104K, used 149838K [0x00000006c1e00000, 0x00000006cc900000, 0x000000076b500000)
  object space 175104K, 85% used [0x00000006c1e00000,0x00000006cb0539e8,0x00000006cc900000)
 Metaspace       used 14508K, capacity 14768K, committed 14976K, reserved 1062912K
  class space    used 1770K, capacity 1841K, committed 1920K, reserved 1048576K
}
Event: 133.234 GC heap before
{Heap before GC invocations=47 (full 0):
 PSYoungGen      total 657408K, used 643639K [0x000000076b500000, 0x0000000794a80000, 0x00000007c0000000)
  eden space 639488K, 100% used [0x000000076b500000,0x0000000792580000,0x0000000792580000)
  from space 17920K, 23% used [0x0000000793900000,0x0000000793d0de20,0x0000000794a80000)
  to   space 18944K, 0% used [0x0000000792580000,0x0000000792580000,0x0000000793800000)
 ParOldGen       total 175104K, used 149838K [0x00000006c1e00000, 0x00000006cc900000, 0x000000076b500000)
  object space 175104K, 85% used [0x00000006c1e00000,0x00000006cb0539e8,0x00000006cc900000)
 Metaspace       used 14508K, capacity 14768K, committed 14976K, reserved 1062912K
  class space    used 1770K, capacity 1841K, committed 1920K, reserved 1048576K
Event: 133.243 GC heap after
Heap after GC invocations=47 (full 0):
 PSYoungGen      total 658432K, used 1600K [0x000000076b500000, 0x0000000794a80000, 0x00000007c0000000)
  eden space 639488K, 0% used [0x000000076b500000,0x000000076b500000,0x0000000792580000)
  from space 18944K, 8% used [0x0000000792580000,0x0000000792710128,0x0000000793800000)
  to   space 17920K, 0% used [0x0000000793900000,0x0000000793900000,0x0000000794a80000)
 ParOldGen       total 175104K, used 153651K [0x00000006c1e00000, 0x00000006cc900000, 0x000000076b500000)
  object space 175104K, 87% used [0x00000006c1e00000,0x00000006cb40cf60,0x00000006cc900000)
 Metaspace       used 14508K, capacity 14768K, committed 14976K, reserved 1062912K
  class space    used 1770K, capacity 1841K, committed 1920K, reserved 1048576K
}
Event: 134.977 GC heap before
{Heap before GC invocations=48 (full 0):
 PSYoungGen      total 658432K, used 641088K [0x000000076b500000, 0x0000000794a80000, 0x00000007c0000000)
  eden space 639488K, 100% used [0x000000076b500000,0x0000000792580000,0x0000000792580000)
  from space 18944K, 8% used [0x0000000792580000,0x0000000792710128,0x0000000793800000)
  to   space 17920K, 0% used [0x0000000793900000,0x0000000793900000,0x0000000794a80000)
 ParOldGen       total 175104K, used 153651K [0x00000006c1e00000, 0x00000006cc900000, 0x000000076b500000)
  object space 175104K, 87% used [0x00000006c1e00000,0x00000006cb40cf60,0x00000006cc900000)
 Metaspace       used 16512K, capacity 16794K, committed 17024K, reserved 1064960K
  class space    used 2028K, capacity 2110K, committed 2176K, reserved 1048576K
Event: 135.042 GC heap after
Heap after GC invocations=48 (full 0):
 PSYoungGen      total 657408K, used 17917K [0x000000076b500000, 0x0000000794a80000, 0x00000007c0000000)
  eden space 639488K, 0% used [0x000000076b500000,0x000000076b500000,0x0000000792580000)
  from space 17920K, 99% used [0x0000000793900000,0x0000000794a7f460,0x0000000794a80000)
  to   space 18944K, 0% used [0x0000000792580000,0x0000000792580000,0x0000000793800000)
 ParOldGen       total 192000K, used 189556K [0x00000006c1e00000, 0x00000006cd980000, 0x000000076b500000)
  object space 192000K, 98% used [0x00000006c1e00000,0x00000006cd71d388,0x00000006cd980000)
 Metaspace       used 16512K, capacity 16794K, committed 17024K, reserved 1064960K
  class space    used 2028K, capacity 2110K, committed 2176K, reserved 1048576K
}
Event: 135.042 GC heap before
{Heap before GC invocations=49 (full 1):
 PSYoungGen      total 657408K, used 17917K [0x000000076b500000, 0x0000000794a80000, 0x00000007c0000000)
  eden space 639488K, 0% used [0x000000076b500000,0x000000076b500000,0x0000000792580000)
  from space 17920K, 99% used [0x0000000793900000,0x0000000794a7f460,0x0000000794a80000)
  to   space 18944K, 0% used [0x0000000792580000,0x0000000792580000,0x0000000793800000)
 ParOldGen       total 192000K, used 189556K [0x00000006c1e00000, 0x00000006cd980000, 0x000000076b500000)
  object space 192000K, 98% used [0x00000006c1e00000,0x00000006cd71d388,0x00000006cd980000)
 Metaspace       used 16512K, capacity 16794K, committed 17024K, reserved 1064960K
  class space    used 2028K, capacity 2110K, committed 2176K, reserved 1048576K
Event: 135.822 GC heap after
Heap after GC invocations=49 (full 1):
 PSYoungGen      total 657408K, used 0K [0x000000076b500000, 0x0000000794a80000, 0x00000007c0000000)
  eden space 639488K, 0% used [0x000000076b500000,0x000000076b500000,0x0000000792580000)
  from space 17920K, 0% used [0x0000000793900000,0x0000000793900000,0x0000000794a80000)
  to   space 18944K, 0% used [0x0000000792580000,0x0000000792580000,0x0000000793800000)
 ParOldGen       total 192000K, used 171281K [0x00000006c1e00000, 0x00000006cd980000, 0x000000076b500000)
  object space 192000K, 89% used [0x00000006c1e00000,0x00000006cc544748,0x00000006cd980000)
 Metaspace       used 16512K, capacity 16794K, committed 17024K, reserved 1064960K
  class space    used 2028K, capacity 2110K, committed 2176K, reserved 1048576K
}
Event: 136.167 GC heap before
{Heap before GC invocations=50 (full 1):
 PSYoungGen      total 657408K, used 639488K [0x000000076b500000, 0x0000000794a80000, 0x00000007c0000000)
  eden space 639488K, 100% used [0x000000076b500000,0x0000000792580000,0x0000000792580000)
  from space 17920K, 0% used [0x0000000793900000,0x0000000793900000,0x0000000794a80000)
  to   space 18944K, 0% used [0x0000000792580000,0x0000000792580000,0x0000000793800000)
 ParOldGen       total 192000K, used 171281K [0x00000006c1e00000, 0x00000006cd980000, 0x000000076b500000)
  object space 192000K, 89% used [0x00000006c1e00000,0x00000006cc544748,0x00000006cd980000)
 Metaspace       used 19278K, capacity 19533K, committed 19712K, reserved 1067008K
  class space    used 2204K, capacity 2291K, committed 2304K, reserved 1048576K
Event: 136.187 GC heap after
Heap after GC invocations=50 (full 1):
 PSYoungGen      total 658432K, used 13425K [0x000000076b500000, 0x0000000794a80000, 0x00000007c0000000)
  eden space 639488K, 0% used [0x000000076b500000,0x000000076b500000,0x0000000792580000)
  from space 18944K, 70% used [0x0000000792580000,0x000000079329c438,0x0000000793800000)
  to   space 17920K, 0% used [0x0000000793900000,0x0000000793900000,0x0000000794a80000)
 ParOldGen       total 192000K, used 171289K [0x00000006c1e00000, 0x00000006cd980000, 0x000000076b500000)
  object space 192000K, 89% used [0x00000006c1e00000,0x00000006cc546748,0x00000006cd980000)
 Metaspace       used 19278K, capacity 19533K, committed 19712K, reserved 1067008K
  class space    used 2204K, capacity 2291K, committed 2304K, reserved 1048576K
}

