# JRE version: Java(TM) SE Runtime Environment (8.0_161-b12) (build 1.8.0_161-b12)
# Java VM: Java HotSpot(TM) 64-Bit Server VM (25.161-b12 mixed mode windows-amd64 compressed oops)
Heap:
 PSYoungGen      total 1341952K, used 1139761K [0x000000076b500000, 0x00000007c0000000, 0x00000007c0000000)
  eden space 1303552K, 85% used [0x000000076b500000,0x00000007af9e3fd8,0x00000007bae00000)
  from space 38400K, 53% used [0x00000007bae00000,0x00000007bc228710,0x00000007bd380000)
  to   space 37888K, 0% used [0x00000007bdb00000,0x00000007bdb00000,0x00000007c0000000)
 ParOldGen       total 558080K, used 368927K [0x00000006c1e00000, 0x00000006e3f00000, 0x000000076b500000)
  object space 558080K, 66% used [0x00000006c1e00000,0x00000006d8647ec8,0x00000006e3f00000)
 Metaspace       used 28056K, capacity 28384K, committed 28672K, reserved 1075200K
  class space    used 3676K, capacity 3772K, committed 3840K, reserved 1048576K
GC Heap History (10 events):
Event: 72.909 GC heap before
{Heap before GC invocations=62 (full 3):
 PSYoungGen      total 1328640K, used 1301825K [0x000000076b500000, 0x00000007bf880000, 0x00000007c0000000)
  eden space 1286656K, 100% used [0x000000076b500000,0x00000007b9d80000,0x00000007b9d80000)
  from space 41984K, 36% used [0x00000007bcf80000,0x00000007bde50710,0x00000007bf880000)
  to   space 46592K, 0% used [0x00000007b9d80000,0x00000007b9d80000,0x00000007bcb00000)
 ParOldGen       total 558080K, used 368911K [0x00000006c1e00000, 0x00000006e3f00000, 0x000000076b500000)
  object space 558080K, 66% used [0x00000006c1e00000,0x00000006d8643ec8,0x00000006e3f00000)
 Metaspace       used 27919K, capacity 28256K, committed 28416K, reserved 1073152K
  class space    used 3657K, capacity 3772K, committed 3840K, reserved 1048576K
Event: 72.914 GC heap after
Heap after GC invocations=62 (full 3):
 PSYoungGen      total 1333248K, used 14689K [0x000000076b500000, 0x00000007c0000000, 0x00000007c0000000)
  eden space 1286656K, 0% used [0x000000076b500000,0x000000076b500000,0x00000007b9d80000)
  from space 46592K, 31% used [0x00000007b9d80000,0x00000007babd8710,0x00000007bcb00000)
  to   space 44544K, 0% used [0x00000007bd480000,0x00000007bd480000,0x00000007c0000000)
 ParOldGen       total 558080K, used 368911K [0x00000006c1e00000, 0x00000006e3f00000, 0x000000076b500000)
  object space 558080K, 66% used [0x00000006c1e00000,0x00000006d8643ec8,0x00000006e3f00000)
 Metaspace       used 27919K, capacity 28256K, committed 28416K, reserved 1073152K
  class space    used 3657K, capacity 3772K, committed 3840K, reserved 1048576K
}
Event: 74.715 GC heap before
{Heap before GC invocations=63 (full 3):
 PSYoungGen      total 1333248K, used 1301345K [0x000000076b500000, 0x00000007c0000000, 0x00000007c0000000)
  eden space 1286656K, 100% used [0x000000076b500000,0x00000007b9d80000,0x00000007b9d80000)
  from space 46592K, 31% used [0x00000007b9d80000,0x00000007babd8710,0x00000007bcb00000)
  to   space 44544K, 0% used [0x00000007bd480000,0x00000007bd480000,0x00000007c0000000)
 ParOldGen       total 558080K, used 368911K [0x00000006c1e00000, 0x00000006e3f00000, 0x000000076b500000)
  object space 558080K, 66% used [0x00000006c1e00000,0x00000006d8643ec8,0x00000006e3f00000)
 Metaspace       used 28011K, capacity 28320K, committed 28672K, reserved 1075200K
  class space    used 3675K, capacity 3772K, committed 3840K, reserved 1048576K
Event: 74.721 GC heap after
Heap after GC invocations=63 (full 3):
 PSYoungGen      total 1336832K, used 7297K [0x000000076b500000, 0x00000007bfc00000, 0x00000007c0000000)
  eden space 1296384K, 0% used [0x000000076b500000,0x000000076b500000,0x00000007ba700000)
  from space 40448K, 18% used [0x00000007bd480000,0x00000007bdba0710,0x00000007bfc00000)
  to   space 43520K, 0% used [0x00000007ba700000,0x00000007ba700000,0x00000007bd180000)
 ParOldGen       total 558080K, used 368911K [0x00000006c1e00000, 0x00000006e3f00000, 0x000000076b500000)
  object space 558080K, 66% used [0x00000006c1e00000,0x00000006d8643ec8,0x00000006e3f00000)
 Metaspace       used 28011K, capacity 28320K, committed 28672K, reserved 1075200K
  class space    used 3675K, capacity 3772K, committed 3840K, reserved 1048576K
}
Event: 76.577 GC heap before
{Heap before GC invocations=64 (full 3):
 PSYoungGen      total 1336832K, used 1303681K [0x000000076b500000, 0x00000007bfc00000, 0x00000007c0000000)
  eden space 1296384K, 100% used [0x000000076b500000,0x00000007ba700000,0x00000007ba700000)
  from space 40448K, 18% used [0x00000007bd480000,0x00000007bdba0710,0x00000007bfc00000)
  to   space 43520K, 0% used [0x00000007ba700000,0x00000007ba700000,0x00000007bd180000)
 ParOldGen       total 558080K, used 368911K [0x00000006c1e00000, 0x00000006e3f00000, 0x000000076b500000)
  object space 558080K, 66% used [0x00000006c1e00000,0x00000006d8643ec8,0x00000006e3f00000)
 Metaspace       used 28012K, capacity 28320K, committed 28672K, reserved 1075200K
  class space    used 3675K, capacity 3772K, committed 3840K, reserved 1048576K
Event: 76.581 GC heap after
Heap after GC invocations=64 (full 3):
 PSYoungGen      total 1339904K, used 16065K [0x000000076b500000, 0x00000007bfd00000, 0x00000007c0000000)
  eden space 1296384K, 0% used [0x000000076b500000,0x000000076b500000,0x00000007ba700000)
  from space 43520K, 36% used [0x00000007ba700000,0x00000007bb6b0710,0x00000007bd180000)
  to   space 40448K, 0% used [0x00000007bd580000,0x00000007bd580000,0x00000007bfd00000)
 ParOldGen       total 558080K, used 368911K [0x00000006c1e00000, 0x00000006e3f00000, 0x000000076b500000)
  object space 558080K, 66% used [0x00000006c1e00000,0x00000006d8643ec8,0x00000006e3f00000)
 Metaspace       used 28012K, capacity 28320K, committed 28672K, reserved 1075200K
  class space    used 3675K, capacity 3772K, committed 3840K, reserved 1048576K
}
Event: 78.480 GC heap before
{Heap before GC invocations=65 (full 3):
 PSYoungGen      total 1339904K, used 1312449K [0x000000076b500000, 0x00000007bfd00000, 0x00000007c0000000)
  eden space 1296384K, 100% used [0x000000076b500000,0x00000007ba700000,0x00000007ba700000)
  from space 43520K, 36% used [0x00000007ba700000,0x00000007bb6b0710,0x00000007bd180000)
  to   space 40448K, 0% used [0x00000007bd580000,0x00000007bd580000,0x00000007bfd00000)
 ParOldGen       total 558080K, used 368911K [0x00000006c1e00000, 0x00000006e3f00000, 0x000000076b500000)
  object space 558080K, 66% used [0x00000006c1e00000,0x00000006d8643ec8,0x00000006e3f00000)
 Metaspace       used 28037K, capacity 28384K, committed 28672K, reserved 1075200K
  class space    used 3676K, capacity 3772K, committed 3840K, reserved 1048576K
Event: 78.485 GC heap after
Heap after GC invocations=65 (full 3):
 PSYoungGen      total 1339904K, used 14977K [0x000000076b500000, 0x00000007bf900000, 0x00000007c0000000)
  eden space 1303552K, 0% used [0x000000076b500000,0x000000076b500000,0x00000007bae00000)
  from space 36352K, 41% used [0x00000007bd580000,0x00000007be420710,0x00000007bf900000)
  to   space 38400K, 0% used [0x00000007bae00000,0x00000007bae00000,0x00000007bd380000)
 ParOldGen       total 558080K, used 368919K [0x00000006c1e00000, 0x00000006e3f00000, 0x000000076b500000)
  object space 558080K, 66% used [0x00000006c1e00000,0x00000006d8645ec8,0x00000006e3f00000)
 Metaspace       used 28037K, capacity 28384K, committed 28672K, reserved 1075200K
  class space    used 3676K, capacity 3772K, committed 3840K, reserved 1048576K
}
Event: 80.328 GC heap before
{Heap before GC invocations=66 (full 3):
 PSYoungGen      total 1339904K, used 1318529K [0x000000076b500000, 0x00000007bf900000, 0x00000007c0000000)
  eden space 1303552K, 100% used [0x000000076b500000,0x00000007bae00000,0x00000007bae00000)
  from space 36352K, 41% used [0x00000007bd580000,0x00000007be420710,0x00000007bf900000)
  to   space 38400K, 0% used [0x00000007bae00000,0x00000007bae00000,0x00000007bd380000)
 ParOldGen       total 558080K, used 368919K [0x00000006c1e00000, 0x00000006e3f00000, 0x000000076b500000)
  object space 558080K, 66% used [0x00000006c1e00000,0x00000006d8645ec8,0x00000006e3f00000)
 Metaspace       used 28056K, capacity 28384K, committed 28672K, reserved 1075200K
  class space    used 3676K, capacity 3772K, committed 3840K, reserved 1048576K
Event: 80.333 GC heap after
Heap after GC invocations=66 (full 3):
 PSYoungGen      total 1341952K, used 20641K [0x000000076b500000, 0x00000007c0000000, 0x00000007c0000000)
  eden space 1303552K, 0% used [0x000000076b500000,0x000000076b500000,0x00000007bae00000)
  from space 38400K, 53% used [0x00000007bae00000,0x00000007bc228710,0x00000007bd380000)
  to   space 37888K, 0% used [0x00000007bdb00000,0x00000007bdb00000,0x00000007c0000000)
 ParOldGen       total 558080K, used 368927K [0x00000006c1e00000, 0x00000006e3f00000, 0x000000076b500000)
  object space 558080K, 66% used [0x00000006c1e00000,0x00000006d8647ec8,0x00000006e3f00000)
 Metaspace       used 28056K, capacity 28384K, committed 28672K, reserved 1075200K
  class space    used 3676K, capacity 3772K, committed 3840K, reserved 1048576K
}

