# JRE version: Java(TM) SE Runtime Environment (8.0_161-b12) (build 1.8.0_161-b12)
# Java VM: Java HotSpot(TM) 64-Bit Server VM (25.161-b12 mixed mode windows-amd64 compressed oops)
Heap:
 PSYoungGen      total 1366528K, used 356419K [0x000000076b500000, 0x00000007c0000000, 0x00000007c0000000)
  eden space 1346560K, 26% used [0x000000076b500000,0x0000000780d38d80,0x00000007bd800000)
  from space 19968K, 19% used [0x00000007bec80000,0x00000007bf058000,0x00000007c0000000)
  to   space 20480K, 0% used [0x00000007bd800000,0x00000007bd800000,0x00000007bec00000)
 ParOldGen       total 490496K, used 415258K [0x00000006c1e00000, 0x00000006dfd00000, 0x000000076b500000)
  object space 490496K, 84% used [0x00000006c1e00000,0x00000006db386860,0x00000006dfd00000)
 Metaspace       used 29758K, capacity 30112K, committed 30336K, reserved 1075200K
  class space    used 3801K, capacity 3900K, committed 3968K, reserved 1048576K
GC Heap History (10 events):
Event: 865.350 GC heap before
{Heap before GC invocations=376 (full 4):
 PSYoungGen      total 1366528K, used 1366080K [0x000000076b500000, 0x00000007c0000000, 0x00000007c0000000)
  eden space 1350656K, 100% used [0x000000076b500000,0x00000007bdc00000,0x00000007bdc00000)
  from space 15872K, 97% used [0x00000007bdc00000,0x00000007beb10000,0x00000007beb80000)
  to   space 19456K, 0% used [0x00000007bed00000,0x00000007bed00000,0x00000007c0000000)
 ParOldGen       total 490496K, used 415178K [0x00000006c1e00000, 0x00000006dfd00000, 0x000000076b500000)
  object space 490496K, 84% used [0x00000006c1e00000,0x00000006db372860,0x00000006dfd00000)
 Metaspace       used 29753K, capacity 30112K, committed 30336K, reserved 1075200K
  class space    used 3801K, capacity 3900K, committed 3968K, reserved 1048576K
Event: 865.355 GC heap after
Heap after GC invocations=376 (full 4):
 PSYoungGen      total 1366016K, used 17152K [0x000000076b500000, 0x00000007c0000000, 0x00000007c0000000)
  eden space 1346560K, 0% used [0x000000076b500000,0x000000076b500000,0x00000007bd800000)
  from space 19456K, 88% used [0x00000007bed00000,0x00000007bfdc0000,0x00000007c0000000)
  to   space 20480K, 0% used [0x00000007bd800000,0x00000007bd800000,0x00000007bec00000)
 ParOldGen       total 490496K, used 415202K [0x00000006c1e00000, 0x00000006dfd00000, 0x000000076b500000)
  object space 490496K, 84% used [0x00000006c1e00000,0x00000006db378860,0x00000006dfd00000)
 Metaspace       used 29753K, capacity 30112K, committed 30336K, reserved 1075200K
  class space    used 3801K, capacity 3900K, committed 3968K, reserved 1048576K
}
Event: 867.750 GC heap before
{Heap before GC invocations=377 (full 4):
 PSYoungGen      total 1366016K, used 1363712K [0x000000076b500000, 0x00000007c0000000, 0x00000007c0000000)
  eden space 1346560K, 100% used [0x000000076b500000,0x00000007bd800000,0x00000007bd800000)
  from space 19456K, 88% used [0x00000007bed00000,0x00000007bfdc0000,0x00000007c0000000)
  to   space 20480K, 0% used [0x00000007bd800000,0x00000007bd800000,0x00000007bec00000)
 ParOldGen       total 490496K, used 415202K [0x00000006c1e00000, 0x00000006dfd00000, 0x000000076b500000)
  object space 490496K, 84% used [0x00000006c1e00000,0x00000006db378860,0x00000006dfd00000)
 Metaspace       used 29754K, capacity 30112K, committed 30336K, reserved 1075200K
  class space    used 3801K, capacity 3900K, committed 3968K, reserved 1048576K
Event: 867.753 GC heap after
Heap after GC invocations=377 (full 4):
 PSYoungGen      total 1367040K, used 11456K [0x000000076b500000, 0x00000007c0000000, 0x00000007c0000000)
  eden space 1346560K, 0% used [0x000000076b500000,0x000000076b500000,0x00000007bd800000)
  from space 20480K, 55% used [0x00000007bd800000,0x00000007be330000,0x00000007bec00000)
  to   space 19968K, 0% used [0x00000007bec80000,0x00000007bec80000,0x00000007c0000000)
 ParOldGen       total 490496K, used 415210K [0x00000006c1e00000, 0x00000006dfd00000, 0x000000076b500000)
  object space 490496K, 84% used [0x00000006c1e00000,0x00000006db37a860,0x00000006dfd00000)
 Metaspace       used 29754K, capacity 30112K, committed 30336K, reserved 1075200K
  class space    used 3801K, capacity 3900K, committed 3968K, reserved 1048576K
}
Event: 870.148 GC heap before
{Heap before GC invocations=378 (full 4):
 PSYoungGen      total 1367040K, used 1358016K [0x000000076b500000, 0x00000007c0000000, 0x00000007c0000000)
  eden space 1346560K, 100% used [0x000000076b500000,0x00000007bd800000,0x00000007bd800000)
  from space 20480K, 55% used [0x00000007bd800000,0x00000007be330000,0x00000007bec00000)
  to   space 19968K, 0% used [0x00000007bec80000,0x00000007bec80000,0x00000007c0000000)
 ParOldGen       total 490496K, used 415210K [0x00000006c1e00000, 0x00000006dfd00000, 0x000000076b500000)
  object space 490496K, 84% used [0x00000006c1e00000,0x00000006db37a860,0x00000006dfd00000)
 Metaspace       used 29754K, capacity 30112K, committed 30336K, reserved 1075200K
  class space    used 3801K, capacity 3900K, committed 3968K, reserved 1048576K
Event: 870.152 GC heap after
Heap after GC invocations=378 (full 4):
 PSYoungGen      total 1365504K, used 11840K [0x000000076b500000, 0x00000007bfe80000, 0x00000007c0000000)
  eden space 1347072K, 0% used [0x000000076b500000,0x000000076b500000,0x00000007bd880000)
  from space 18432K, 64% used [0x00000007bec80000,0x00000007bf810000,0x00000007bfe80000)
  to   space 19456K, 0% used [0x00000007bd880000,0x00000007bd880000,0x00000007beb80000)
 ParOldGen       total 490496K, used 415250K [0x00000006c1e00000, 0x00000006dfd00000, 0x000000076b500000)
  object space 490496K, 84% used [0x00000006c1e00000,0x00000006db384860,0x00000006dfd00000)
 Metaspace       used 29754K, capacity 30112K, committed 30336K, reserved 1075200K
  class space    used 3801K, capacity 3900K, committed 3968K, reserved 1048576K
}
Event: 872.562 GC heap before
{Heap before GC invocations=379 (full 4):
 PSYoungGen      total 1365504K, used 1358912K [0x000000076b500000, 0x00000007bfe80000, 0x00000007c0000000)
  eden space 1347072K, 100% used [0x000000076b500000,0x00000007bd880000,0x00000007bd880000)
  from space 18432K, 64% used [0x00000007bec80000,0x00000007bf810000,0x00000007bfe80000)
  to   space 19456K, 0% used [0x00000007bd880000,0x00000007bd880000,0x00000007beb80000)
 ParOldGen       total 490496K, used 415250K [0x00000006c1e00000, 0x00000006dfd00000, 0x000000076b500000)
  object space 490496K, 84% used [0x00000006c1e00000,0x00000006db384860,0x00000006dfd00000)
 Metaspace       used 29758K, capacity 30112K, committed 30336K, reserved 1075200K
  class space    used 3801K, capacity 3900K, committed 3968K, reserved 1048576K
Event: 872.565 GC heap after
Heap after GC invocations=379 (full 4):
 PSYoungGen      total 1366528K, used 3936K [0x000000076b500000, 0x00000007c0000000, 0x00000007c0000000)
  eden space 1347072K, 0% used [0x000000076b500000,0x000000076b500000,0x00000007bd880000)
  from space 19456K, 20% used [0x00000007bd880000,0x00000007bdc58000,0x00000007beb80000)
  to   space 19968K, 0% used [0x00000007bec80000,0x00000007bec80000,0x00000007c0000000)
 ParOldGen       total 490496K, used 415258K [0x00000006c1e00000, 0x00000006dfd00000, 0x000000076b500000)
  object space 490496K, 84% used [0x00000006c1e00000,0x00000006db386860,0x00000006dfd00000)
 Metaspace       used 29758K, capacity 30112K, committed 30336K, reserved 1075200K
  class space    used 3801K, capacity 3900K, committed 3968K, reserved 1048576K
}
Event: 874.985 GC heap before
{Heap before GC invocations=380 (full 4):
 PSYoungGen      total 1366528K, used 1351008K [0x000000076b500000, 0x00000007c0000000, 0x00000007c0000000)
  eden space 1347072K, 100% used [0x000000076b500000,0x00000007bd880000,0x00000007bd880000)
  from space 19456K, 20% used [0x00000007bd880000,0x00000007bdc58000,0x00000007beb80000)
  to   space 19968K, 0% used [0x00000007bec80000,0x00000007bec80000,0x00000007c0000000)
 ParOldGen       total 490496K, used 415258K [0x00000006c1e00000, 0x00000006dfd00000, 0x000000076b500000)
  object space 490496K, 84% used [0x00000006c1e00000,0x00000006db386860,0x00000006dfd00000)
 Metaspace       used 29758K, capacity 30112K, committed 30336K, reserved 1075200K
  class space    used 3801K, capacity 3900K, committed 3968K, reserved 1048576K
Event: 874.988 GC heap after
Heap after GC invocations=380 (full 4):
 PSYoungGen      total 1366528K, used 3936K [0x000000076b500000, 0x00000007c0000000, 0x00000007c0000000)
  eden space 1346560K, 0% used [0x000000076b500000,0x000000076b500000,0x00000007bd800000)
  from space 19968K, 19% used [0x00000007bec80000,0x00000007bf058000,0x00000007c0000000)
  to   space 20480K, 0% used [0x00000007bd800000,0x00000007bd800000,0x00000007bec00000)
 ParOldGen       total 490496K, used 415258K [0x00000006c1e00000, 0x00000006dfd00000, 0x000000076b500000)
  object space 490496K, 84% used [0x00000006c1e00000,0x00000006db386860,0x00000006dfd00000)
 Metaspace       used 29758K, capacity 30112K, committed 30336K, reserved 1075200K
  class space    used 3801K, capacity 3900K, committed 3968K, reserved 1048576K
}

