# JRE version: Java(TM) SE Runtime Environment (8.0_161-b12) (build 1.8.0_161-b12)
# Java VM: Java HotSpot(TM) 64-Bit Server VM (25.161-b12 mixed mode windows-amd64 compressed oops)
Heap:
 PSYoungGen      total 1366016K, used 468719K [0x000000076b500000, 0x00000007c0000000, 0x00000007c0000000)
  eden space 1346048K, 34% used [0x000000076b500000,0x0000000787e49a60,0x00000007bd780000)
  from space 19968K, 2% used [0x00000007beb80000,0x00000007bebf21c0,0x00000007bff00000)
  to   space 20480K, 0% used [0x00000007bd780000,0x00000007bd780000,0x00000007beb80000)
 ParOldGen       total 456192K, used 327078K [0x00000006c1e00000, 0x00000006ddb80000, 0x000000076b500000)
  object space 456192K, 71% used [0x00000006c1e00000,0x00000006d5d69810,0x00000006ddb80000)
 Metaspace       used 31057K, capacity 31348K, committed 31616K, reserved 1077248K
  class space    used 3866K, capacity 3941K, committed 3968K, reserved 1048576K
GC Heap History (10 events):
Event: 219.638 GC heap before
{Heap before GC invocations=203 (full 3):
 PSYoungGen      total 1367040K, used 1359473K [0x000000076b500000, 0x00000007c0000000, 0x00000007c0000000)
  eden space 1347584K, 100% used [0x000000076b500000,0x00000007bd900000,0x00000007bd900000)
  from space 19456K, 61% used [0x00000007bd900000,0x00000007be49c610,0x00000007bec00000)
  to   space 19968K, 0% used [0x00000007bec80000,0x00000007bec80000,0x00000007c0000000)
 ParOldGen       total 456192K, used 327030K [0x00000006c1e00000, 0x00000006ddb80000, 0x000000076b500000)
  object space 456192K, 71% used [0x00000006c1e00000,0x00000006d5d5d810,0x00000006ddb80000)
 Metaspace       used 31036K, capacity 31348K, committed 31616K, reserved 1077248K
  class space    used 3866K, capacity 3941K, committed 3968K, reserved 1048576K
Event: 219.641 GC heap after
Heap after GC invocations=203 (full 3):
 PSYoungGen      total 1367552K, used 12992K [0x000000076b500000, 0x00000007c0000000, 0x00000007c0000000)
  eden space 1347584K, 0% used [0x000000076b500000,0x000000076b500000,0x00000007bd900000)
  from space 19968K, 65% used [0x00000007bec80000,0x00000007bf930000,0x00000007c0000000)
  to   space 19968K, 0% used [0x00000007bd900000,0x00000007bd900000,0x00000007bec80000)
 ParOldGen       total 456192K, used 327062K [0x00000006c1e00000, 0x00000006ddb80000, 0x000000076b500000)
  object space 456192K, 71% used [0x00000006c1e00000,0x00000006d5d65810,0x00000006ddb80000)
 Metaspace       used 31036K, capacity 31348K, committed 31616K, reserved 1077248K
  class space    used 3866K, capacity 3941K, committed 3968K, reserved 1048576K
}
Event: 221.513 GC heap before
{Heap before GC invocations=204 (full 3):
 PSYoungGen      total 1367552K, used 1360576K [0x000000076b500000, 0x00000007c0000000, 0x00000007c0000000)
  eden space 1347584K, 100% used [0x000000076b500000,0x00000007bd900000,0x00000007bd900000)
  from space 19968K, 65% used [0x00000007bec80000,0x00000007bf930000,0x00000007c0000000)
  to   space 19968K, 0% used [0x00000007bd900000,0x00000007bd900000,0x00000007bec80000)
 ParOldGen       total 456192K, used 327062K [0x00000006c1e00000, 0x00000006ddb80000, 0x000000076b500000)
  object space 456192K, 71% used [0x00000006c1e00000,0x00000006d5d65810,0x00000006ddb80000)
 Metaspace       used 31036K, capacity 31348K, committed 31616K, reserved 1077248K
  class space    used 3866K, capacity 3941K, committed 3968K, reserved 1048576K
Event: 221.515 GC heap after
Heap after GC invocations=204 (full 3):
 PSYoungGen      total 1360384K, used 12640K [0x000000076b500000, 0x00000007c0000000, 0x00000007c0000000)
  eden space 1347584K, 0% used [0x000000076b500000,0x000000076b500000,0x00000007bd900000)
  from space 12800K, 98% used [0x00000007bd900000,0x00000007be558000,0x00000007be580000)
  to   space 20480K, 0% used [0x00000007bec00000,0x00000007bec00000,0x00000007c0000000)
 ParOldGen       total 456192K, used 327078K [0x00000006c1e00000, 0x00000006ddb80000, 0x000000076b500000)
  object space 456192K, 71% used [0x00000006c1e00000,0x00000006d5d69810,0x00000006ddb80000)
 Metaspace       used 31036K, capacity 31348K, committed 31616K, reserved 1077248K
  class space    used 3866K, capacity 3941K, committed 3968K, reserved 1048576K
}
Event: 223.394 GC heap before
{Heap before GC invocations=205 (full 3):
 PSYoungGen      total 1360384K, used 1360224K [0x000000076b500000, 0x00000007c0000000, 0x00000007c0000000)
  eden space 1347584K, 100% used [0x000000076b500000,0x00000007bd900000,0x00000007bd900000)
  from space 12800K, 98% used [0x00000007bd900000,0x00000007be558000,0x00000007be580000)
  to   space 20480K, 0% used [0x00000007bec00000,0x00000007bec00000,0x00000007c0000000)
 ParOldGen       total 456192K, used 327078K [0x00000006c1e00000, 0x00000006ddb80000, 0x000000076b500000)
  object space 456192K, 71% used [0x00000006c1e00000,0x00000006d5d69810,0x00000006ddb80000)
 Metaspace       used 31037K, capacity 31348K, committed 31616K, reserved 1077248K
  class space    used 3866K, capacity 3941K, committed 3968K, reserved 1048576K
Event: 223.396 GC heap after
Heap after GC invocations=205 (full 3):
 PSYoungGen      total 1367040K, used 11872K [0x000000076b500000, 0x00000007c0000000, 0x00000007c0000000)
  eden space 1346560K, 0% used [0x000000076b500000,0x000000076b500000,0x00000007bd800000)
  from space 20480K, 57% used [0x00000007bec00000,0x00000007bf798000,0x00000007c0000000)
  to   space 20480K, 0% used [0x00000007bd800000,0x00000007bd800000,0x00000007bec00000)
 ParOldGen       total 456192K, used 327078K [0x00000006c1e00000, 0x00000006ddb80000, 0x000000076b500000)
  object space 456192K, 71% used [0x00000006c1e00000,0x00000006d5d69810,0x00000006ddb80000)
 Metaspace       used 31037K, capacity 31348K, committed 31616K, reserved 1077248K
  class space    used 3866K, capacity 3941K, committed 3968K, reserved 1048576K
}
Event: 225.281 GC heap before
{Heap before GC invocations=206 (full 3):
 PSYoungGen      total 1367040K, used 1358432K [0x000000076b500000, 0x00000007c0000000, 0x00000007c0000000)
  eden space 1346560K, 100% used [0x000000076b500000,0x00000007bd800000,0x00000007bd800000)
  from space 20480K, 57% used [0x00000007bec00000,0x00000007bf798000,0x00000007c0000000)
  to   space 20480K, 0% used [0x00000007bd800000,0x00000007bd800000,0x00000007bec00000)
 ParOldGen       total 456192K, used 327078K [0x00000006c1e00000, 0x00000006ddb80000, 0x000000076b500000)
  object space 456192K, 71% used [0x00000006c1e00000,0x00000006d5d69810,0x00000006ddb80000)
 Metaspace       used 31046K, capacity 31348K, committed 31616K, reserved 1077248K
  class space    used 3866K, capacity 3941K, committed 3968K, reserved 1048576K
Event: 225.283 GC heap after
Heap after GC invocations=206 (full 3):
 PSYoungGen      total 1358848K, used 11872K [0x000000076b500000, 0x00000007bff00000, 0x00000007c0000000)
  eden space 1346560K, 0% used [0x000000076b500000,0x000000076b500000,0x00000007bd800000)
  from space 12288K, 96% used [0x00000007bd800000,0x00000007be398000,0x00000007be400000)
  to   space 19968K, 0% used [0x00000007beb80000,0x00000007beb80000,0x00000007bff00000)
 ParOldGen       total 456192K, used 327078K [0x00000006c1e00000, 0x00000006ddb80000, 0x000000076b500000)
  object space 456192K, 71% used [0x00000006c1e00000,0x00000006d5d69810,0x00000006ddb80000)
 Metaspace       used 31046K, capacity 31348K, committed 31616K, reserved 1077248K
  class space    used 3866K, capacity 3941K, committed 3968K, reserved 1048576K
}
Event: 227.181 GC heap before
{Heap before GC invocations=207 (full 3):
 PSYoungGen      total 1358848K, used 1358384K [0x000000076b500000, 0x00000007bff00000, 0x00000007c0000000)
  eden space 1346560K, 99% used [0x000000076b500000,0x00000007bd7f4368,0x00000007bd800000)
  from space 12288K, 96% used [0x00000007bd800000,0x00000007be398000,0x00000007be400000)
  to   space 19968K, 0% used [0x00000007beb80000,0x00000007beb80000,0x00000007bff00000)
 ParOldGen       total 456192K, used 327078K [0x00000006c1e00000, 0x00000006ddb80000, 0x000000076b500000)
  object space 456192K, 71% used [0x00000006c1e00000,0x00000006d5d69810,0x00000006ddb80000)
 Metaspace       used 31056K, capacity 31348K, committed 31616K, reserved 1077248K
  class space    used 3866K, capacity 3941K, committed 3968K, reserved 1048576K
Event: 227.182 GC heap after
Heap after GC invocations=207 (full 3):
 PSYoungGen      total 1366016K, used 456K [0x000000076b500000, 0x00000007c0000000, 0x00000007c0000000)
  eden space 1346048K, 0% used [0x000000076b500000,0x000000076b500000,0x00000007bd780000)
  from space 19968K, 2% used [0x00000007beb80000,0x00000007bebf21c0,0x00000007bff00000)
  to   space 20480K, 0% used [0x00000007bd780000,0x00000007bd780000,0x00000007beb80000)
 ParOldGen       total 456192K, used 327078K [0x00000006c1e00000, 0x00000006ddb80000, 0x000000076b500000)
  object space 456192K, 71% used [0x00000006c1e00000,0x00000006d5d69810,0x00000006ddb80000)
 Metaspace       used 31056K, capacity 31348K, committed 31616K, reserved 1077248K
  class space    used 3866K, capacity 3941K, committed 3968K, reserved 1048576K
}

