# JRE version: Java(TM) SE Runtime Environment (8.0_161-b12) (build 1.8.0_161-b12)
# Java VM: Java HotSpot(TM) 64-Bit Server VM (25.161-b12 mixed mode windows-amd64 compressed oops)
Heap:
 PSYoungGen      total 1361920K, used 1145024K [0x000000076b500000, 0x00000007bfe00000, 0x00000007c0000000)
  eden space 1340416K, 84% used [0x000000076b500000,0x00000007b0bc83d8,0x00000007bd200000)
  from space 21504K, 35% used [0x00000007be900000,0x00000007bf068000,0x00000007bfe00000)
  to   space 22528K, 0% used [0x00000007bd200000,0x00000007bd200000,0x00000007be800000)
 ParOldGen       total 563712K, used 378250K [0x00000006c1e00000, 0x00000006e4480000, 0x000000076b500000)
  object space 563712K, 67% used [0x00000006c1e00000,0x00000006d8f62a00,0x00000006e4480000)
 Metaspace       used 29632K, capacity 30016K, committed 30336K, reserved 1075200K
  class space    used 3790K, capacity 3907K, committed 3968K, reserved 1048576K
GC Heap History (10 events):
Event: 168.797 GC heap before
{Heap before GC invocations=87 (full 3):
 PSYoungGen      total 1360896K, used 1348256K [0x000000076b500000, 0x00000007bff00000, 0x00000007c0000000)
  eden space 1336320K, 100% used [0x000000076b500000,0x00000007bce00000,0x00000007bce00000)
  from space 24576K, 48% used [0x00000007bce00000,0x00000007bd9a8000,0x00000007be600000)
  to   space 24064K, 0% used [0x00000007be780000,0x00000007be780000,0x00000007bff00000)
 ParOldGen       total 563712K, used 378210K [0x00000006c1e00000, 0x00000006e4480000, 0x000000076b500000)
  object space 563712K, 67% used [0x00000006c1e00000,0x00000006d8f58a00,0x00000006e4480000)
 Metaspace       used 29631K, capacity 30016K, committed 30336K, reserved 1075200K
  class space    used 3790K, capacity 3907K, committed 3968K, reserved 1048576K
Event: 168.802 GC heap after
Heap after GC invocations=87 (full 3):
 PSYoungGen      total 1361920K, used 15104K [0x000000076b500000, 0x00000007c0000000, 0x00000007c0000000)
  eden space 1337856K, 0% used [0x000000076b500000,0x000000076b500000,0x00000007bcf80000)
  from space 24064K, 62% used [0x00000007be780000,0x00000007bf640000,0x00000007bff00000)
  to   space 24576K, 0% used [0x00000007bcf80000,0x00000007bcf80000,0x00000007be780000)
 ParOldGen       total 563712K, used 378210K [0x00000006c1e00000, 0x00000006e4480000, 0x000000076b500000)
  object space 563712K, 67% used [0x00000006c1e00000,0x00000006d8f58a00,0x00000006e4480000)
 Metaspace       used 29631K, capacity 30016K, committed 30336K, reserved 1075200K
  class space    used 3790K, capacity 3907K, committed 3968K, reserved 1048576K
}
Event: 172.338 GC heap before
{Heap before GC invocations=88 (full 3):
 PSYoungGen      total 1361920K, used 1352960K [0x000000076b500000, 0x00000007c0000000, 0x00000007c0000000)
  eden space 1337856K, 100% used [0x000000076b500000,0x00000007bcf80000,0x00000007bcf80000)
  from space 24064K, 62% used [0x00000007be780000,0x00000007bf640000,0x00000007bff00000)
  to   space 24576K, 0% used [0x00000007bcf80000,0x00000007bcf80000,0x00000007be780000)
 ParOldGen       total 563712K, used 378210K [0x00000006c1e00000, 0x00000006e4480000, 0x000000076b500000)
  object space 563712K, 67% used [0x00000006c1e00000,0x00000006d8f58a00,0x00000006e4480000)
 Metaspace       used 29631K, capacity 30016K, committed 30336K, reserved 1075200K
  class space    used 3790K, capacity 3907K, committed 3968K, reserved 1048576K
Event: 172.341 GC heap after
Heap after GC invocations=88 (full 3):
 PSYoungGen      total 1362432K, used 11936K [0x000000076b500000, 0x00000007bff80000, 0x00000007c0000000)
  eden space 1337856K, 0% used [0x000000076b500000,0x000000076b500000,0x00000007bcf80000)
  from space 24576K, 48% used [0x00000007bcf80000,0x00000007bdb28000,0x00000007be780000)
  to   space 24064K, 0% used [0x00000007be800000,0x00000007be800000,0x00000007bff80000)
 ParOldGen       total 563712K, used 378218K [0x00000006c1e00000, 0x00000006e4480000, 0x000000076b500000)
  object space 563712K, 67% used [0x00000006c1e00000,0x00000006d8f5aa00,0x00000006e4480000)
 Metaspace       used 29631K, capacity 30016K, committed 30336K, reserved 1075200K
  class space    used 3790K, capacity 3907K, committed 3968K, reserved 1048576K
}
Event: 175.875 GC heap before
{Heap before GC invocations=89 (full 3):
 PSYoungGen      total 1362432K, used 1349792K [0x000000076b500000, 0x00000007bff80000, 0x00000007c0000000)
  eden space 1337856K, 100% used [0x000000076b500000,0x00000007bcf80000,0x00000007bcf80000)
  from space 24576K, 48% used [0x00000007bcf80000,0x00000007bdb28000,0x00000007be780000)
  to   space 24064K, 0% used [0x00000007be800000,0x00000007be800000,0x00000007bff80000)
 ParOldGen       total 563712K, used 378218K [0x00000006c1e00000, 0x00000006e4480000, 0x000000076b500000)
  object space 563712K, 67% used [0x00000006c1e00000,0x00000006d8f5aa00,0x00000006e4480000)
 Metaspace       used 29631K, capacity 30016K, committed 30336K, reserved 1075200K
  class space    used 3790K, capacity 3907K, committed 3968K, reserved 1048576K
Event: 175.879 GC heap after
Heap after GC invocations=89 (full 3):
 PSYoungGen      total 1361920K, used 11936K [0x000000076b500000, 0x00000007bfe80000, 0x00000007c0000000)
  eden space 1338880K, 0% used [0x000000076b500000,0x000000076b500000,0x00000007bd080000)
  from space 23040K, 51% used [0x00000007be800000,0x00000007bf3a8000,0x00000007bfe80000)
  to   space 23552K, 0% used [0x00000007bd080000,0x00000007bd080000,0x00000007be780000)
 ParOldGen       total 563712K, used 378250K [0x00000006c1e00000, 0x00000006e4480000, 0x000000076b500000)
  object space 563712K, 67% used [0x00000006c1e00000,0x00000006d8f62a00,0x00000006e4480000)
 Metaspace       used 29631K, capacity 30016K, committed 30336K, reserved 1075200K
  class space    used 3790K, capacity 3907K, committed 3968K, reserved 1048576K
}
Event: 179.322 GC heap before
{Heap before GC invocations=90 (full 3):
 PSYoungGen      total 1361920K, used 1350816K [0x000000076b500000, 0x00000007bfe80000, 0x00000007c0000000)
  eden space 1338880K, 100% used [0x000000076b500000,0x00000007bd080000,0x00000007bd080000)
  from space 23040K, 51% used [0x00000007be800000,0x00000007bf3a8000,0x00000007bfe80000)
  to   space 23552K, 0% used [0x00000007bd080000,0x00000007bd080000,0x00000007be780000)
 ParOldGen       total 563712K, used 378250K [0x00000006c1e00000, 0x00000006e4480000, 0x000000076b500000)
  object space 563712K, 67% used [0x00000006c1e00000,0x00000006d8f62a00,0x00000006e4480000)
 Metaspace       used 29631K, capacity 30016K, committed 30336K, reserved 1075200K
  class space    used 3790K, capacity 3907K, committed 3968K, reserved 1048576K
Event: 179.325 GC heap after
Heap after GC invocations=90 (full 3):
 PSYoungGen      total 1362432K, used 2016K [0x000000076b500000, 0x00000007c0000000, 0x00000007c0000000)
  eden space 1338880K, 0% used [0x000000076b500000,0x000000076b500000,0x00000007bd080000)
  from space 23552K, 8% used [0x00000007bd080000,0x00000007bd278000,0x00000007be780000)
  to   space 23552K, 0% used [0x00000007be900000,0x00000007be900000,0x00000007c0000000)
 ParOldGen       total 563712K, used 378250K [0x00000006c1e00000, 0x00000006e4480000, 0x000000076b500000)
  object space 563712K, 67% used [0x00000006c1e00000,0x00000006d8f62a00,0x00000006e4480000)
 Metaspace       used 29631K, capacity 30016K, committed 30336K, reserved 1075200K
  class space    used 3790K, capacity 3907K, committed 3968K, reserved 1048576K
}
Event: 182.603 GC heap before
{Heap before GC invocations=91 (full 3):
 PSYoungGen      total 1362432K, used 1340896K [0x000000076b500000, 0x00000007c0000000, 0x00000007c0000000)
  eden space 1338880K, 100% used [0x000000076b500000,0x00000007bd080000,0x00000007bd080000)
  from space 23552K, 8% used [0x00000007bd080000,0x00000007bd278000,0x00000007be780000)
  to   space 23552K, 0% used [0x00000007be900000,0x00000007be900000,0x00000007c0000000)
 ParOldGen       total 563712K, used 378250K [0x00000006c1e00000, 0x00000006e4480000, 0x000000076b500000)
  object space 563712K, 67% used [0x00000006c1e00000,0x00000006d8f62a00,0x00000006e4480000)
 Metaspace       used 29632K, capacity 30016K, committed 30336K, reserved 1075200K
  class space    used 3790K, capacity 3907K, committed 3968K, reserved 1048576K
Event: 182.607 GC heap after
Heap after GC invocations=91 (full 3):
 PSYoungGen      total 1361920K, used 7584K [0x000000076b500000, 0x00000007bfe00000, 0x00000007c0000000)
  eden space 1340416K, 0% used [0x000000076b500000,0x000000076b500000,0x00000007bd200000)
  from space 21504K, 35% used [0x00000007be900000,0x00000007bf068000,0x00000007bfe00000)
  to   space 22528K, 0% used [0x00000007bd200000,0x00000007bd200000,0x00000007be800000)
 ParOldGen       total 563712K, used 378250K [0x00000006c1e00000, 0x00000006e4480000, 0x000000076b500000)
  object space 563712K, 67% used [0x00000006c1e00000,0x00000006d8f62a00,0x00000006e4480000)
 Metaspace       used 29632K, capacity 30016K, committed 30336K, reserved 1075200K
  class space    used 3790K, capacity 3907K, committed 3968K, reserved 1048576K
}

