# JRE version: Java(TM) SE Runtime Environment (8.0_161-b12) (build 1.8.0_161-b12)
# Java VM: Java HotSpot(TM) 64-Bit Server VM (25.161-b12 mixed mode windows-amd64 compressed oops)
Heap:
 PSYoungGen      total 1354240K, used 987526K [0x000000076b200000, 0x00000007bfe00000, 0x00000007c0000000)
  eden space 1320448K, 73% used [0x000000076b200000,0x00000007a6aa1870,0x00000007bbb80000)
  from space 33792K, 35% used [0x00000007bbb80000,0x00000007bc740000,0x00000007bdc80000)
  to   space 31744K, 0% used [0x00000007bdf00000,0x00000007bdf00000,0x00000007bfe00000)
 ParOldGen       total 393728K, used 262999K [0x00000006c1600000, 0x00000006d9680000, 0x000000076b200000)
  object space 393728K, 66% used [0x00000006c1600000,0x00000006d16d5f20,0x00000006d9680000)
 Metaspace       used 30046K, capacity 30420K, committed 30848K, reserved 1077248K
  class space    used 3810K, capacity 3909K, committed 3968K, reserved 1048576K
GC Heap History (10 events):
Event: 137.763 GC heap before
{Heap before GC invocations=45 (full 2):
 PSYoungGen      total 1342464K, used 1322528K [0x000000076b200000, 0x00000007bfa80000, 0x00000007c0000000)
  eden space 1307136K, 100% used [0x000000076b200000,0x00000007bae80000,0x00000007bae80000)
  from space 35328K, 43% used [0x00000007bd800000,0x00000007be708000,0x00000007bfa80000)
  to   space 38912K, 0% used [0x00000007bae80000,0x00000007bae80000,0x00000007bd480000)
 ParOldGen       total 393728K, used 262975K [0x00000006c1600000, 0x00000006d9680000, 0x000000076b200000)
  object space 393728K, 66% used [0x00000006c1600000,0x00000006d16cff20,0x00000006d9680000)
 Metaspace       used 30017K, capacity 30420K, committed 30848K, reserved 1077248K
  class space    used 3809K, capacity 3909K, committed 3968K, reserved 1048576K
Event: 137.765 GC heap after
Heap after GC invocations=45 (full 2):
 PSYoungGen      total 1346048K, used 6656K [0x000000076b200000, 0x00000007c0000000, 0x00000007c0000000)
  eden space 1307136K, 0% used [0x000000076b200000,0x000000076b200000,0x00000007bae80000)
  from space 38912K, 17% used [0x00000007bae80000,0x00000007bb500000,0x00000007bd480000)
  to   space 37888K, 0% used [0x00000007bdb00000,0x00000007bdb00000,0x00000007c0000000)
 ParOldGen       total 393728K, used 262983K [0x00000006c1600000, 0x00000006d9680000, 0x000000076b200000)
  object space 393728K, 66% used [0x00000006c1600000,0x00000006d16d1f20,0x00000006d9680000)
 Metaspace       used 30017K, capacity 30420K, committed 30848K, reserved 1077248K
  class space    used 3809K, capacity 3909K, committed 3968K, reserved 1048576K
}
Event: 140.156 GC heap before
{Heap before GC invocations=46 (full 2):
 PSYoungGen      total 1346048K, used 1313792K [0x000000076b200000, 0x00000007c0000000, 0x00000007c0000000)
  eden space 1307136K, 100% used [0x000000076b200000,0x00000007bae80000,0x00000007bae80000)
  from space 38912K, 17% used [0x00000007bae80000,0x00000007bb500000,0x00000007bd480000)
  to   space 37888K, 0% used [0x00000007bdb00000,0x00000007bdb00000,0x00000007c0000000)
 ParOldGen       total 393728K, used 262983K [0x00000006c1600000, 0x00000006d9680000, 0x000000076b200000)
  object space 393728K, 66% used [0x00000006c1600000,0x00000006d16d1f20,0x00000006d9680000)
 Metaspace       used 30031K, capacity 30420K, committed 30848K, reserved 1077248K
  class space    used 3810K, capacity 3909K, committed 3968K, reserved 1048576K
Event: 140.159 GC heap after
Heap after GC invocations=46 (full 2):
 PSYoungGen      total 1346560K, used 12000K [0x000000076b200000, 0x00000007bfb00000, 0x00000007c0000000)
  eden space 1313792K, 0% used [0x000000076b200000,0x000000076b200000,0x00000007bb500000)
  from space 32768K, 36% used [0x00000007bdb00000,0x00000007be6b8000,0x00000007bfb00000)
  to   space 35840K, 0% used [0x00000007bb500000,0x00000007bb500000,0x00000007bd800000)
 ParOldGen       total 393728K, used 262991K [0x00000006c1600000, 0x00000006d9680000, 0x000000076b200000)
  object space 393728K, 66% used [0x00000006c1600000,0x00000006d16d3f20,0x00000006d9680000)
 Metaspace       used 30031K, capacity 30420K, committed 30848K, reserved 1077248K
  class space    used 3810K, capacity 3909K, committed 3968K, reserved 1048576K
}
Event: 142.616 GC heap before
{Heap before GC invocations=47 (full 2):
 PSYoungGen      total 1346560K, used 1325792K [0x000000076b200000, 0x00000007bfb00000, 0x00000007c0000000)
  eden space 1313792K, 100% used [0x000000076b200000,0x00000007bb500000,0x00000007bb500000)
  from space 32768K, 36% used [0x00000007bdb00000,0x00000007be6b8000,0x00000007bfb00000)
  to   space 35840K, 0% used [0x00000007bb500000,0x00000007bb500000,0x00000007bd800000)
 ParOldGen       total 393728K, used 262991K [0x00000006c1600000, 0x00000006d9680000, 0x000000076b200000)
  object space 393728K, 66% used [0x00000006c1600000,0x00000006d16d3f20,0x00000006d9680000)
 Metaspace       used 30033K, capacity 30420K, committed 30848K, reserved 1077248K
  class space    used 3810K, capacity 3909K, committed 3968K, reserved 1048576K
Event: 142.619 GC heap after
Heap after GC invocations=47 (full 2):
 PSYoungGen      total 1349632K, used 9216K [0x000000076b200000, 0x00000007c0000000, 0x00000007c0000000)
  eden space 1313792K, 0% used [0x000000076b200000,0x000000076b200000,0x00000007bb500000)
  from space 35840K, 25% used [0x00000007bb500000,0x00000007bbe00000,0x00000007bd800000)
  to   space 34304K, 0% used [0x00000007bde80000,0x00000007bde80000,0x00000007c0000000)
 ParOldGen       total 393728K, used 262999K [0x00000006c1600000, 0x00000006d9680000, 0x000000076b200000)
  object space 393728K, 66% used [0x00000006c1600000,0x00000006d16d5f20,0x00000006d9680000)
 Metaspace       used 30033K, capacity 30420K, committed 30848K, reserved 1077248K
  class space    used 3810K, capacity 3909K, committed 3968K, reserved 1048576K
}
Event: 145.090 GC heap before
{Heap before GC invocations=48 (full 2):
 PSYoungGen      total 1349632K, used 1323008K [0x000000076b200000, 0x00000007c0000000, 0x00000007c0000000)
  eden space 1313792K, 100% used [0x000000076b200000,0x00000007bb500000,0x00000007bb500000)
  from space 35840K, 25% used [0x00000007bb500000,0x00000007bbe00000,0x00000007bd800000)
  to   space 34304K, 0% used [0x00000007bde80000,0x00000007bde80000,0x00000007c0000000)
 ParOldGen       total 393728K, used 262999K [0x00000006c1600000, 0x00000006d9680000, 0x000000076b200000)
  object space 393728K, 66% used [0x00000006c1600000,0x00000006d16d5f20,0x00000006d9680000)
 Metaspace       used 30035K, capacity 30420K, committed 30848K, reserved 1077248K
  class space    used 3810K, capacity 3909K, committed 3968K, reserved 1048576K
Event: 145.092 GC heap after
Heap after GC invocations=48 (full 2):
 PSYoungGen      total 1352192K, used 3712K [0x000000076b200000, 0x00000007bfd80000, 0x00000007c0000000)
  eden space 1320448K, 0% used [0x000000076b200000,0x000000076b200000,0x00000007bbb80000)
  from space 31744K, 11% used [0x00000007bde80000,0x00000007be220000,0x00000007bfd80000)
  to   space 33792K, 0% used [0x00000007bbb80000,0x00000007bbb80000,0x00000007bdc80000)
 ParOldGen       total 393728K, used 262999K [0x00000006c1600000, 0x00000006d9680000, 0x000000076b200000)
  object space 393728K, 66% used [0x00000006c1600000,0x00000006d16d5f20,0x00000006d9680000)
 Metaspace       used 30035K, capacity 30420K, committed 30848K, reserved 1077248K
  class space    used 3810K, capacity 3909K, committed 3968K, reserved 1048576K
}
Event: 147.474 GC heap before
{Heap before GC invocations=49 (full 2):
 PSYoungGen      total 1352192K, used 1324160K [0x000000076b200000, 0x00000007bfd80000, 0x00000007c0000000)
  eden space 1320448K, 100% used [0x000000076b200000,0x00000007bbb80000,0x00000007bbb80000)
  from space 31744K, 11% used [0x00000007bde80000,0x00000007be220000,0x00000007bfd80000)
  to   space 33792K, 0% used [0x00000007bbb80000,0x00000007bbb80000,0x00000007bdc80000)
 ParOldGen       total 393728K, used 262999K [0x00000006c1600000, 0x00000006d9680000, 0x000000076b200000)
  object space 393728K, 66% used [0x00000006c1600000,0x00000006d16d5f20,0x00000006d9680000)
 Metaspace       used 30046K, capacity 30420K, committed 30848K, reserved 1077248K
  class space    used 3810K, capacity 3909K, committed 3968K, reserved 1048576K
Event: 147.477 GC heap after
Heap after GC invocations=49 (full 2):
 PSYoungGen      total 1354240K, used 12032K [0x000000076b200000, 0x00000007bfe00000, 0x00000007c0000000)
  eden space 1320448K, 0% used [0x000000076b200000,0x000000076b200000,0x00000007bbb80000)
  from space 33792K, 35% used [0x00000007bbb80000,0x00000007bc740000,0x00000007bdc80000)
  to   space 31744K, 0% used [0x00000007bdf00000,0x00000007bdf00000,0x00000007bfe00000)
 ParOldGen       total 393728K, used 262999K [0x00000006c1600000, 0x00000006d9680000, 0x000000076b200000)
  object space 393728K, 66% used [0x00000006c1600000,0x00000006d16d5f20,0x00000006d9680000)
 Metaspace       used 30046K, capacity 30420K, committed 30848K, reserved 1077248K
  class space    used 3810K, capacity 3909K, committed 3968K, reserved 1048576K
}

