# JRE version: Java(TM) SE Runtime Environment (8.0_161-b12) (build 1.8.0_161-b12)
# Java VM: Java HotSpot(TM) 64-Bit Server VM (25.161-b12 mixed mode windows-amd64 compressed oops)
Heap:
 PSYoungGen      total 1290752K, used 682030K [0x000000076b500000, 0x00000007bf480000, 0x00000007c0000000)
  eden space 1209856K, 55% used [0x000000076b500000,0x00000007942d2770,0x00000007b5280000)
  from space 80896K, 15% used [0x00000007ba580000,0x00000007bb1b91a8,0x00000007bf480000)
  to   space 82944K, 0% used [0x00000007b5280000,0x00000007b5280000,0x00000007ba380000)
 ParOldGen       total 529408K, used 378530K [0x00000006c1e00000, 0x00000006e2300000, 0x000000076b500000)
  object space 529408K, 71% used [0x00000006c1e00000,0x00000006d8fa8b90,0x00000006e2300000)
 Metaspace       used 28217K, capacity 28576K, committed 28928K, reserved 1075200K
  class space    used 3653K, capacity 3772K, committed 3840K, reserved 1048576K
GC Heap History (10 events):
Event: 158.708 GC heap before
{Heap before GC invocations=89 (full 3):
 PSYoungGen      total 1214464K, used 1214142K [0x000000076b500000, 0x00000007bfe00000, 0x00000007c0000000)
  eden space 1199616K, 100% used [0x000000076b500000,0x00000007b4880000,0x00000007b4880000)
  from space 14848K, 97% used [0x00000007b4880000,0x00000007b56afa70,0x00000007b5700000)
  to   space 92672K, 0% used [0x00000007ba380000,0x00000007ba380000,0x00000007bfe00000)
 ParOldGen       total 529408K, used 374495K [0x00000006c1e00000, 0x00000006e2300000, 0x000000076b500000)
  object space 529408K, 70% used [0x00000006c1e00000,0x00000006d8bb7f90,0x00000006e2300000)
 Metaspace       used 28202K, capacity 28576K, committed 28928K, reserved 1075200K
  class space    used 3653K, capacity 3772K, committed 3840K, reserved 1048576K
Event: 158.711 GC heap after
Heap after GC invocations=89 (full 3):
 PSYoungGen      total 1293824K, used 12961K [0x000000076b500000, 0x00000007c0000000, 0x00000007c0000000)
  eden space 1201152K, 0% used [0x000000076b500000,0x000000076b500000,0x00000007b4a00000)
  from space 92672K, 13% used [0x00000007ba380000,0x00000007bb028680,0x00000007bfe00000)
  to   space 91648K, 0% used [0x00000007b4a00000,0x00000007b4a00000,0x00000007ba380000)
 ParOldGen       total 529408K, used 374511K [0x00000006c1e00000, 0x00000006e2300000, 0x000000076b500000)
  object space 529408K, 70% used [0x00000006c1e00000,0x00000006d8bbbf90,0x00000006e2300000)
 Metaspace       used 28202K, capacity 28576K, committed 28928K, reserved 1075200K
  class space    used 3653K, capacity 3772K, committed 3840K, reserved 1048576K
}
Event: 160.448 GC heap before
{Heap before GC invocations=90 (full 3):
 PSYoungGen      total 1293824K, used 1214113K [0x000000076b500000, 0x00000007c0000000, 0x00000007c0000000)
  eden space 1201152K, 100% used [0x000000076b500000,0x00000007b4a00000,0x00000007b4a00000)
  from space 92672K, 13% used [0x00000007ba380000,0x00000007bb028680,0x00000007bfe00000)
  to   space 91648K, 0% used [0x00000007b4a00000,0x00000007b4a00000,0x00000007ba380000)
 ParOldGen       total 529408K, used 374511K [0x00000006c1e00000, 0x00000006e2300000, 0x000000076b500000)
  object space 529408K, 70% used [0x00000006c1e00000,0x00000006d8bbbf90,0x00000006e2300000)
 Metaspace       used 28205K, capacity 28576K, committed 28928K, reserved 1075200K
  class space    used 3653K, capacity 3772K, committed 3840K, reserved 1048576K
Event: 160.451 GC heap after
Heap after GC invocations=90 (full 3):
 PSYoungGen      total 1292800K, used 14596K [0x000000076b500000, 0x00000007bfc00000, 0x00000007c0000000)
  eden space 1201152K, 0% used [0x000000076b500000,0x000000076b500000,0x00000007b4a00000)
  from space 91648K, 15% used [0x00000007b4a00000,0x00000007b58410a8,0x00000007ba380000)
  to   space 90112K, 0% used [0x00000007ba400000,0x00000007ba400000,0x00000007bfc00000)
 ParOldGen       total 529408K, used 374567K [0x00000006c1e00000, 0x00000006e2300000, 0x000000076b500000)
  object space 529408K, 70% used [0x00000006c1e00000,0x00000006d8bc9f90,0x00000006e2300000)
 Metaspace       used 28205K, capacity 28576K, committed 28928K, reserved 1075200K
  class space    used 3653K, capacity 3772K, committed 3840K, reserved 1048576K
}
Event: 162.232 GC heap before
{Heap before GC invocations=91 (full 3):
 PSYoungGen      total 1292800K, used 1215748K [0x000000076b500000, 0x00000007bfc00000, 0x00000007c0000000)
  eden space 1201152K, 100% used [0x000000076b500000,0x00000007b4a00000,0x00000007b4a00000)
  from space 91648K, 15% used [0x00000007b4a00000,0x00000007b58410a8,0x00000007ba380000)
  to   space 90112K, 0% used [0x00000007ba400000,0x00000007ba400000,0x00000007bfc00000)
 ParOldGen       total 529408K, used 374567K [0x00000006c1e00000, 0x00000006e2300000, 0x000000076b500000)
  object space 529408K, 70% used [0x00000006c1e00000,0x00000006d8bc9f90,0x00000006e2300000)
 Metaspace       used 28214K, capacity 28576K, committed 28928K, reserved 1075200K
  class space    used 3653K, capacity 3772K, committed 3840K, reserved 1048576K
Event: 162.235 GC heap after
Heap after GC invocations=91 (full 3):
 PSYoungGen      total 1294336K, used 9124K [0x000000076b500000, 0x00000007bfb80000, 0x00000007c0000000)
  eden space 1204736K, 0% used [0x000000076b500000,0x000000076b500000,0x00000007b4d80000)
  from space 89600K, 10% used [0x00000007ba400000,0x00000007bace9018,0x00000007bfb80000)
  to   space 88576K, 0% used [0x00000007b4d80000,0x00000007b4d80000,0x00000007ba400000)
 ParOldGen       total 529408K, used 378466K [0x00000006c1e00000, 0x00000006e2300000, 0x000000076b500000)
  object space 529408K, 71% used [0x00000006c1e00000,0x00000006d8f98b90,0x00000006e2300000)
 Metaspace       used 28214K, capacity 28576K, committed 28928K, reserved 1075200K
  class space    used 3653K, capacity 3772K, committed 3840K, reserved 1048576K
}
Event: 164.009 GC heap before
{Heap before GC invocations=92 (full 3):
 PSYoungGen      total 1294336K, used 1213860K [0x000000076b500000, 0x00000007bfb80000, 0x00000007c0000000)
  eden space 1204736K, 100% used [0x000000076b500000,0x00000007b4d80000,0x00000007b4d80000)
  from space 89600K, 10% used [0x00000007ba400000,0x00000007bace9018,0x00000007bfb80000)
  to   space 88576K, 0% used [0x00000007b4d80000,0x00000007b4d80000,0x00000007ba400000)
 ParOldGen       total 529408K, used 378466K [0x00000006c1e00000, 0x00000006e2300000, 0x000000076b500000)
  object space 529408K, 71% used [0x00000006c1e00000,0x00000006d8f98b90,0x00000006e2300000)
 Metaspace       used 28216K, capacity 28576K, committed 28928K, reserved 1075200K
  class space    used 3653K, capacity 3772K, committed 3840K, reserved 1048576K
Event: 164.012 GC heap after
Heap after GC invocations=92 (full 3):
 PSYoungGen      total 1293312K, used 14897K [0x000000076b500000, 0x00000007bf900000, 0x00000007c0000000)
  eden space 1204736K, 0% used [0x000000076b500000,0x000000076b500000,0x00000007b4d80000)
  from space 88576K, 16% used [0x00000007b4d80000,0x00000007b5c0c4c8,0x00000007ba400000)
  to   space 85504K, 0% used [0x00000007ba580000,0x00000007ba580000,0x00000007bf900000)
 ParOldGen       total 529408K, used 378506K [0x00000006c1e00000, 0x00000006e2300000, 0x000000076b500000)
  object space 529408K, 71% used [0x00000006c1e00000,0x00000006d8fa2b90,0x00000006e2300000)
 Metaspace       used 28216K, capacity 28576K, committed 28928K, reserved 1075200K
  class space    used 3653K, capacity 3772K, committed 3840K, reserved 1048576K
}
Event: 165.753 GC heap before
{Heap before GC invocations=93 (full 3):
 PSYoungGen      total 1293312K, used 1219633K [0x000000076b500000, 0x00000007bf900000, 0x00000007c0000000)
  eden space 1204736K, 100% used [0x000000076b500000,0x00000007b4d80000,0x00000007b4d80000)
  from space 88576K, 16% used [0x00000007b4d80000,0x00000007b5c0c4c8,0x00000007ba400000)
  to   space 85504K, 0% used [0x00000007ba580000,0x00000007ba580000,0x00000007bf900000)
 ParOldGen       total 529408K, used 378506K [0x00000006c1e00000, 0x00000006e2300000, 0x000000076b500000)
  object space 529408K, 71% used [0x00000006c1e00000,0x00000006d8fa2b90,0x00000006e2300000)
 Metaspace       used 28216K, capacity 28576K, committed 28928K, reserved 1075200K
  class space    used 3653K, capacity 3772K, committed 3840K, reserved 1048576K
Event: 165.756 GC heap after
Heap after GC invocations=93 (full 3):
 PSYoungGen      total 1290752K, used 12516K [0x000000076b500000, 0x00000007bf480000, 0x00000007c0000000)
  eden space 1209856K, 0% used [0x000000076b500000,0x000000076b500000,0x00000007b5280000)
  from space 80896K, 15% used [0x00000007ba580000,0x00000007bb1b91a8,0x00000007bf480000)
  to   space 82944K, 0% used [0x00000007b5280000,0x00000007b5280000,0x00000007ba380000)
 ParOldGen       total 529408K, used 378530K [0x00000006c1e00000, 0x00000006e2300000, 0x000000076b500000)
  object space 529408K, 71% used [0x00000006c1e00000,0x00000006d8fa8b90,0x00000006e2300000)
 Metaspace       used 28216K, capacity 28576K, committed 28928K, reserved 1075200K
  class space    used 3653K, capacity 3772K, committed 3840K, reserved 1048576K
}

