# JRE version: Java(TM) SE Runtime Environment (8.0_161-b12) (build 1.8.0_161-b12)
# Java VM: Java HotSpot(TM) 64-Bit Server VM (25.161-b12 mixed mode windows-amd64 compressed oops)
Heap:
 PSYoungGen      total 1352192K, used 557465K [0x000000076b500000, 0x00000007c0000000, 0x00000007c0000000)
  eden space 1315328K, 41% used [0x000000076b500000,0x000000078c6756d8,0x00000007bb980000)
  from space 36864K, 41% used [0x00000007bdc00000,0x00000007beaf0fa0,0x00000007c0000000)
  to   space 35328K, 0% used [0x00000007bb980000,0x00000007bb980000,0x00000007bdc00000)
 ParOldGen       total 586240K, used 398100K [0x00000006c1e00000, 0x00000006e5a80000, 0x000000076b500000)
  object space 586240K, 67% used [0x00000006c1e00000,0x00000006da2c5318,0x00000006e5a80000)
 Metaspace       used 30285K, capacity 30606K, committed 30848K, reserved 1077248K
  class space    used 3816K, capacity 3908K, committed 3968K, reserved 1048576K
GC Heap History (10 events):
Event: 189.849 GC heap before
{Heap before GC invocations=67 (full 3):
 PSYoungGen      total 1346560K, used 1319101K [0x000000076b500000, 0x00000007c0000000, 0x00000007c0000000)
  eden space 1310208K, 100% used [0x000000076b500000,0x00000007bb480000,0x00000007bb480000)
  from space 36352K, 24% used [0x00000007bb480000,0x00000007bbd2f570,0x00000007bd800000)
  to   space 35840K, 0% used [0x00000007bdd00000,0x00000007bdd00000,0x00000007c0000000)
 ParOldGen       total 586240K, used 398092K [0x00000006c1e00000, 0x00000006e5a80000, 0x000000076b500000)
  object space 586240K, 67% used [0x00000006c1e00000,0x00000006da2c3318,0x00000006e5a80000)
 Metaspace       used 30208K, capacity 30606K, committed 30848K, reserved 1077248K
  class space    used 3814K, capacity 3908K, committed 3968K, reserved 1048576K
Event: 189.856 GC heap after
Heap after GC invocations=67 (full 3):
 PSYoungGen      total 1349632K, used 19679K [0x000000076b500000, 0x00000007bfe80000, 0x00000007c0000000)
  eden space 1315328K, 0% used [0x000000076b500000,0x000000076b500000,0x00000007bb980000)
  from space 34304K, 57% used [0x00000007bdd00000,0x00000007bf037e68,0x00000007bfe80000)
  to   space 35328K, 0% used [0x00000007bb980000,0x00000007bb980000,0x00000007bdc00000)
 ParOldGen       total 586240K, used 398092K [0x00000006c1e00000, 0x00000006e5a80000, 0x000000076b500000)
  object space 586240K, 67% used [0x00000006c1e00000,0x00000006da2c3318,0x00000006e5a80000)
 Metaspace       used 30208K, capacity 30606K, committed 30848K, reserved 1077248K
  class space    used 3814K, capacity 3908K, committed 3968K, reserved 1048576K
}
Event: 192.300 GC heap before
{Heap before GC invocations=68 (full 3):
 PSYoungGen      total 1349632K, used 1335007K [0x000000076b500000, 0x00000007bfe80000, 0x00000007c0000000)
  eden space 1315328K, 100% used [0x000000076b500000,0x00000007bb980000,0x00000007bb980000)
  from space 34304K, 57% used [0x00000007bdd00000,0x00000007bf037e68,0x00000007bfe80000)
  to   space 35328K, 0% used [0x00000007bb980000,0x00000007bb980000,0x00000007bdc00000)
 ParOldGen       total 586240K, used 398092K [0x00000006c1e00000, 0x00000006e5a80000, 0x000000076b500000)
  object space 586240K, 67% used [0x00000006c1e00000,0x00000006da2c3318,0x00000006e5a80000)
 Metaspace       used 30222K, capacity 30606K, committed 30848K, reserved 1077248K
  class space    used 3814K, capacity 3908K, committed 3968K, reserved 1048576K
Event: 192.306 GC heap after
Heap after GC invocations=68 (full 3):
 PSYoungGen      total 1350656K, used 23882K [0x000000076b500000, 0x00000007c0000000, 0x00000007c0000000)
  eden space 1315328K, 0% used [0x000000076b500000,0x000000076b500000,0x00000007bb980000)
  from space 35328K, 67% used [0x00000007bb980000,0x00000007bd0d2aa8,0x00000007bdc00000)
  to   space 35840K, 0% used [0x00000007bdd00000,0x00000007bdd00000,0x00000007c0000000)
 ParOldGen       total 586240K, used 398092K [0x00000006c1e00000, 0x00000006e5a80000, 0x000000076b500000)
  object space 586240K, 67% used [0x00000006c1e00000,0x00000006da2c3318,0x00000006e5a80000)
 Metaspace       used 30222K, capacity 30606K, committed 30848K, reserved 1077248K
  class space    used 3814K, capacity 3908K, committed 3968K, reserved 1048576K
}
Event: 193.987 GC heap before
{Heap before GC invocations=69 (full 3):
 PSYoungGen      total 1350656K, used 1339210K [0x000000076b500000, 0x00000007c0000000, 0x00000007c0000000)
  eden space 1315328K, 100% used [0x000000076b500000,0x00000007bb980000,0x00000007bb980000)
  from space 35328K, 67% used [0x00000007bb980000,0x00000007bd0d2aa8,0x00000007bdc00000)
  to   space 35840K, 0% used [0x00000007bdd00000,0x00000007bdd00000,0x00000007c0000000)
 ParOldGen       total 586240K, used 398092K [0x00000006c1e00000, 0x00000006e5a80000, 0x000000076b500000)
  object space 586240K, 67% used [0x00000006c1e00000,0x00000006da2c3318,0x00000006e5a80000)
 Metaspace       used 30229K, capacity 30606K, committed 30848K, reserved 1077248K
  class space    used 3814K, capacity 3908K, committed 3968K, reserved 1048576K
Event: 193.991 GC heap after
Heap after GC invocations=69 (full 3):
 PSYoungGen      total 1351680K, used 11468K [0x000000076b500000, 0x00000007bff80000, 0x00000007c0000000)
  eden space 1316352K, 0% used [0x000000076b500000,0x000000076b500000,0x00000007bba80000)
  from space 35328K, 32% used [0x00000007bdd00000,0x00000007be833020,0x00000007bff80000)
  to   space 35328K, 0% used [0x00000007bba80000,0x00000007bba80000,0x00000007bdd00000)
 ParOldGen       total 586240K, used 398092K [0x00000006c1e00000, 0x00000006e5a80000, 0x000000076b500000)
  object space 586240K, 67% used [0x00000006c1e00000,0x00000006da2c3318,0x00000006e5a80000)
 Metaspace       used 30229K, capacity 30606K, committed 30848K, reserved 1077248K
  class space    used 3814K, capacity 3908K, committed 3968K, reserved 1048576K
}
Event: 197.233 GC heap before
{Heap before GC invocations=70 (full 3):
 PSYoungGen      total 1351680K, used 1327820K [0x000000076b500000, 0x00000007bff80000, 0x00000007c0000000)
  eden space 1316352K, 100% used [0x000000076b500000,0x00000007bba80000,0x00000007bba80000)
  from space 35328K, 32% used [0x00000007bdd00000,0x00000007be833020,0x00000007bff80000)
  to   space 35328K, 0% used [0x00000007bba80000,0x00000007bba80000,0x00000007bdd00000)
 ParOldGen       total 586240K, used 398092K [0x00000006c1e00000, 0x00000006e5a80000, 0x000000076b500000)
  object space 586240K, 67% used [0x00000006c1e00000,0x00000006da2c3318,0x00000006e5a80000)
 Metaspace       used 30274K, capacity 30606K, committed 30848K, reserved 1077248K
  class space    used 3815K, capacity 3908K, committed 3968K, reserved 1048576K
Event: 197.242 GC heap after
Heap after GC invocations=70 (full 3):
 PSYoungGen      total 1342976K, used 26378K [0x000000076b500000, 0x00000007c0000000, 0x00000007c0000000)
  eden space 1316352K, 0% used [0x000000076b500000,0x000000076b500000,0x00000007bba80000)
  from space 26624K, 99% used [0x00000007bba80000,0x00000007bd442800,0x00000007bd480000)
  to   space 36864K, 0% used [0x00000007bdc00000,0x00000007bdc00000,0x00000007c0000000)
 ParOldGen       total 586240K, used 398100K [0x00000006c1e00000, 0x00000006e5a80000, 0x000000076b500000)
  object space 586240K, 67% used [0x00000006c1e00000,0x00000006da2c5318,0x00000006e5a80000)
 Metaspace       used 30274K, capacity 30606K, committed 30848K, reserved 1077248K
  class space    used 3815K, capacity 3908K, committed 3968K, reserved 1048576K
}
Event: 200.124 GC heap before
{Heap before GC invocations=71 (full 3):
 PSYoungGen      total 1342976K, used 1342730K [0x000000076b500000, 0x00000007c0000000, 0x00000007c0000000)
  eden space 1316352K, 100% used [0x000000076b500000,0x00000007bba80000,0x00000007bba80000)
  from space 26624K, 99% used [0x00000007bba80000,0x00000007bd442800,0x00000007bd480000)
  to   space 36864K, 0% used [0x00000007bdc00000,0x00000007bdc00000,0x00000007c0000000)
 ParOldGen       total 586240K, used 398100K [0x00000006c1e00000, 0x00000006e5a80000, 0x000000076b500000)
  object space 586240K, 67% used [0x00000006c1e00000,0x00000006da2c5318,0x00000006e5a80000)
 Metaspace       used 30283K, capacity 30606K, committed 30848K, reserved 1077248K
  class space    used 3816K, capacity 3908K, committed 3968K, reserved 1048576K
Event: 200.130 GC heap after
Heap after GC invocations=71 (full 3):
 PSYoungGen      total 1352192K, used 15299K [0x000000076b500000, 0x00000007c0000000, 0x00000007c0000000)
  eden space 1315328K, 0% used [0x000000076b500000,0x000000076b500000,0x00000007bb980000)
  from space 36864K, 41% used [0x00000007bdc00000,0x00000007beaf0fa0,0x00000007c0000000)
  to   space 35328K, 0% used [0x00000007bb980000,0x00000007bb980000,0x00000007bdc00000)
 ParOldGen       total 586240K, used 398100K [0x00000006c1e00000, 0x00000006e5a80000, 0x000000076b500000)
  object space 586240K, 67% used [0x00000006c1e00000,0x00000006da2c5318,0x00000006e5a80000)
 Metaspace       used 30283K, capacity 30606K, committed 30848K, reserved 1077248K
  class space    used 3816K, capacity 3908K, committed 3968K, reserved 1048576K
}

