# JRE version: Java(TM) SE Runtime Environment (8.0_161-b12) (build 1.8.0_161-b12)
# Java VM: Java HotSpot(TM) 64-Bit Server VM (25.161-b12 mixed mode windows-amd64 compressed oops)
Heap:
 PSYoungGen      total 1357824K, used 434376K [0x000000076b500000, 0x00000007c0000000, 0x00000007c0000000)
  eden space 1341440K, 31% used [0x000000076b500000,0x0000000784d94388,0x00000007bd300000)
  from space 16384K, 97% used [0x00000007bd300000,0x00000007be29df88,0x00000007be300000)
  to   space 24064K, 0% used [0x00000007be880000,0x00000007be880000,0x00000007c0000000)
 ParOldGen       total 907264K, used 575614K [0x00000006c1e00000, 0x00000006f9400000, 0x000000076b500000)
  object space 907264K, 63% used [0x00000006c1e00000,0x00000006e501f978,0x00000006f9400000)
 Metaspace       used 31172K, capacity 31516K, committed 31872K, reserved 1077248K
  class space    used 4068K, capacity 4130K, committed 4224K, reserved 1048576K
GC Heap History (10 events):
Event: 698.835 GC heap before
{Heap before GC invocations=482 (full 5):
 PSYoungGen      total 1367552K, used 1357696K [0x000000076b500000, 0x00000007bff00000, 0x00000007c0000000)
  eden space 1349632K, 100% used [0x000000076b500000,0x00000007bdb00000,0x00000007bdb00000)
  from space 17920K, 45% used [0x00000007bed80000,0x00000007bf560000,0x00000007bff00000)
  to   space 18432K, 0% used [0x00000007bdb00000,0x00000007bdb00000,0x00000007bed00000)
 ParOldGen       total 907264K, used 571197K [0x00000006c1e00000, 0x00000006f9400000, 0x000000076b500000)
  object space 907264K, 62% used [0x00000006c1e00000,0x00000006e4bcf4d0,0x00000006f9400000)
 Metaspace       used 31146K, capacity 31452K, committed 31872K, reserved 1077248K
  class space    used 4068K, capacity 4130K, committed 4224K, reserved 1048576K
Event: 698.839 GC heap after
Heap after GC invocations=482 (full 5):
 PSYoungGen      total 1368064K, used 9024K [0x000000076b500000, 0x00000007bfe80000, 0x00000007c0000000)
  eden space 1349632K, 0% used [0x000000076b500000,0x000000076b500000,0x00000007bdb00000)
  from space 18432K, 48% used [0x00000007bdb00000,0x00000007be3d0000,0x00000007bed00000)
  to   space 17408K, 0% used [0x00000007bed80000,0x00000007bed80000,0x00000007bfe80000)
 ParOldGen       total 907264K, used 571197K [0x00000006c1e00000, 0x00000006f9400000, 0x000000076b500000)
  object space 907264K, 62% used [0x00000006c1e00000,0x00000006e4bcf4d0,0x00000006f9400000)
 Metaspace       used 31146K, capacity 31452K, committed 31872K, reserved 1077248K
  class space    used 4068K, capacity 4130K, committed 4224K, reserved 1048576K
}
Event: 701.892 GC heap before
{Heap before GC invocations=483 (full 5):
 PSYoungGen      total 1368064K, used 1358656K [0x000000076b500000, 0x00000007bfe80000, 0x00000007c0000000)
  eden space 1349632K, 100% used [0x000000076b500000,0x00000007bdb00000,0x00000007bdb00000)
  from space 18432K, 48% used [0x00000007bdb00000,0x00000007be3d0000,0x00000007bed00000)
  to   space 17408K, 0% used [0x00000007bed80000,0x00000007bed80000,0x00000007bfe80000)
 ParOldGen       total 907264K, used 571197K [0x00000006c1e00000, 0x00000006f9400000, 0x000000076b500000)
  object space 907264K, 62% used [0x00000006c1e00000,0x00000006e4bcf4d0,0x00000006f9400000)
 Metaspace       used 31168K, capacity 31516K, committed 31872K, reserved 1077248K
  class space    used 4068K, capacity 4130K, committed 4224K, reserved 1048576K
Event: 701.896 GC heap after
Heap after GC invocations=483 (full 5):
 PSYoungGen      total 1368064K, used 11776K [0x000000076b500000, 0x00000007c0000000, 0x00000007c0000000)
  eden space 1350656K, 0% used [0x000000076b500000,0x000000076b500000,0x00000007bdc00000)
  from space 17408K, 67% used [0x00000007bed80000,0x00000007bf900000,0x00000007bfe80000)
  to   space 17920K, 0% used [0x00000007bdc00000,0x00000007bdc00000,0x00000007bed80000)
 ParOldGen       total 907264K, used 571197K [0x00000006c1e00000, 0x00000006f9400000, 0x000000076b500000)
  object space 907264K, 62% used [0x00000006c1e00000,0x00000006e4bcf4d0,0x00000006f9400000)
 Metaspace       used 31168K, capacity 31516K, committed 31872K, reserved 1077248K
  class space    used 4068K, capacity 4130K, committed 4224K, reserved 1048576K
}
Event: 704.449 GC heap before
{Heap before GC invocations=484 (full 5):
 PSYoungGen      total 1368064K, used 1362432K [0x000000076b500000, 0x00000007c0000000, 0x00000007c0000000)
  eden space 1350656K, 100% used [0x000000076b500000,0x00000007bdc00000,0x00000007bdc00000)
  from space 17408K, 67% used [0x00000007bed80000,0x00000007bf900000,0x00000007bfe80000)
  to   space 17920K, 0% used [0x00000007bdc00000,0x00000007bdc00000,0x00000007bed80000)
 ParOldGen       total 907264K, used 571197K [0x00000006c1e00000, 0x00000006f9400000, 0x000000076b500000)
  object space 907264K, 62% used [0x00000006c1e00000,0x00000006e4bcf4d0,0x00000006f9400000)
 Metaspace       used 31168K, capacity 31516K, committed 31872K, reserved 1077248K
  class space    used 4068K, capacity 4130K, committed 4224K, reserved 1048576K
Event: 704.454 GC heap after
Heap after GC invocations=484 (full 5):
 PSYoungGen      total 1368576K, used 14308K [0x000000076b500000, 0x00000007c0000000, 0x00000007c0000000)
  eden space 1350656K, 0% used [0x000000076b500000,0x000000076b500000,0x00000007bdc00000)
  from space 17920K, 79% used [0x00000007bdc00000,0x00000007be9f93d8,0x00000007bed80000)
  to   space 18944K, 0% used [0x00000007bed80000,0x00000007bed80000,0x00000007c0000000)
 ParOldGen       total 907264K, used 571197K [0x00000006c1e00000, 0x00000006f9400000, 0x000000076b500000)
  object space 907264K, 62% used [0x00000006c1e00000,0x00000006e4bcf4d0,0x00000006f9400000)
 Metaspace       used 31168K, capacity 31516K, committed 31872K, reserved 1077248K
  class space    used 4068K, capacity 4130K, committed 4224K, reserved 1048576K
}
Event: 705.945 GC heap before
{Heap before GC invocations=485 (full 5):
 PSYoungGen      total 1368576K, used 1364964K [0x000000076b500000, 0x00000007c0000000, 0x00000007c0000000)
  eden space 1350656K, 100% used [0x000000076b500000,0x00000007bdc00000,0x00000007bdc00000)
  from space 17920K, 79% used [0x00000007bdc00000,0x00000007be9f93d8,0x00000007bed80000)
  to   space 18944K, 0% used [0x00000007bed80000,0x00000007bed80000,0x00000007c0000000)
 ParOldGen       total 907264K, used 571197K [0x00000006c1e00000, 0x00000006f9400000, 0x000000076b500000)
  object space 907264K, 62% used [0x00000006c1e00000,0x00000006e4bcf4d0,0x00000006f9400000)
 Metaspace       used 31170K, capacity 31516K, committed 31872K, reserved 1077248K
  class space    used 4068K, capacity 4130K, committed 4224K, reserved 1048576K
Event: 705.951 GC heap after
Heap after GC invocations=485 (full 5):
 PSYoungGen      total 1360384K, used 18935K [0x000000076b500000, 0x00000007c0000000, 0x00000007c0000000)
  eden space 1341440K, 0% used [0x000000076b500000,0x000000076b500000,0x00000007bd300000)
  from space 18944K, 99% used [0x00000007bed80000,0x00000007bfffdd08,0x00000007c0000000)
  to   space 23040K, 0% used [0x00000007bd300000,0x00000007bd300000,0x00000007be980000)
 ParOldGen       total 907264K, used 575598K [0x00000006c1e00000, 0x00000006f9400000, 0x000000076b500000)
  object space 907264K, 63% used [0x00000006c1e00000,0x00000006e501b978,0x00000006f9400000)
 Metaspace       used 31170K, capacity 31516K, committed 31872K, reserved 1077248K
  class space    used 4068K, capacity 4130K, committed 4224K, reserved 1048576K
}
Event: 707.377 GC heap before
{Heap before GC invocations=486 (full 5):
 PSYoungGen      total 1360384K, used 1360375K [0x000000076b500000, 0x00000007c0000000, 0x00000007c0000000)
  eden space 1341440K, 100% used [0x000000076b500000,0x00000007bd300000,0x00000007bd300000)
  from space 18944K, 99% used [0x00000007bed80000,0x00000007bfffdd08,0x00000007c0000000)
  to   space 23040K, 0% used [0x00000007bd300000,0x00000007bd300000,0x00000007be980000)
 ParOldGen       total 907264K, used 575598K [0x00000006c1e00000, 0x00000006f9400000, 0x000000076b500000)
  object space 907264K, 63% used [0x00000006c1e00000,0x00000006e501b978,0x00000006f9400000)
 Metaspace       used 31172K, capacity 31516K, committed 31872K, reserved 1077248K
  class space    used 4068K, capacity 4130K, committed 4224K, reserved 1048576K
Event: 707.384 GC heap after
Heap after GC invocations=486 (full 5):
 PSYoungGen      total 1357824K, used 15991K [0x000000076b500000, 0x00000007c0000000, 0x00000007c0000000)
  eden space 1341440K, 0% used [0x000000076b500000,0x000000076b500000,0x00000007bd300000)
  from space 16384K, 97% used [0x00000007bd300000,0x00000007be29df88,0x00000007be300000)
  to   space 24064K, 0% used [0x00000007be880000,0x00000007be880000,0x00000007c0000000)
 ParOldGen       total 907264K, used 575614K [0x00000006c1e00000, 0x00000006f9400000, 0x000000076b500000)
  object space 907264K, 63% used [0x00000006c1e00000,0x00000006e501f978,0x00000006f9400000)
 Metaspace       used 31172K, capacity 31516K, committed 31872K, reserved 1077248K
  class space    used 4068K, capacity 4130K, committed 4224K, reserved 1048576K
}

