# JRE version: Java(TM) SE Runtime Environment (8.0_161-b12) (build 1.8.0_161-b12)
# Java VM: Java HotSpot(TM) 64-Bit Server VM (25.161-b12 mixed mode windows-amd64 compressed oops)
Heap:
 PSYoungGen      total 1270784K, used 1086418K [0x000000076b500000, 0x00000007bfd80000, 0x00000007c0000000)
  eden space 1157632K, 87% used [0x000000076b500000,0x00000007a95f1ad0,0x00000007b1f80000)
  from space 113152K, 61% used [0x00000007b1f80000,0x00000007b6382e48,0x00000007b8e00000)
  to   space 113664K, 0% used [0x00000007b8e80000,0x00000007b8e80000,0x00000007bfd80000)
 ParOldGen       total 549376K, used 342352K [0x00000006c1e00000, 0x00000006e3680000, 0x000000076b500000)
  object space 549376K, 62% used [0x00000006c1e00000,0x00000006d6c543a8,0x00000006e3680000)
 Metaspace       used 29787K, capacity 30158K, committed 30336K, reserved 1075200K
  class space    used 3807K, capacity 3908K, committed 3968K, reserved 1048576K
GC Heap History (10 events):
Event: 196.681 GC heap before
{Heap before GC invocations=59 (full 4):
 PSYoungGen      total 1271808K, used 1233855K [0x000000076b500000, 0x00000007c0000000, 0x00000007c0000000)
  eden space 1164288K, 100% used [0x000000076b500000,0x00000007b2600000,0x00000007b2600000)
  from space 107520K, 64% used [0x00000007b9700000,0x00000007bdaefd68,0x00000007c0000000)
  to   space 111616K, 0% used [0x00000007b2600000,0x00000007b2600000,0x00000007b9300000)
 ParOldGen       total 549376K, used 342328K [0x00000006c1e00000, 0x00000006e3680000, 0x000000076b500000)
  object space 549376K, 62% used [0x00000006c1e00000,0x00000006d6c4e3a8,0x00000006e3680000)
 Metaspace       used 29490K, capacity 29838K, committed 30080K, reserved 1075200K
  class space    used 3802K, capacity 3908K, committed 3968K, reserved 1048576K
Event: 196.692 GC heap after
Heap after GC invocations=59 (full 4):
 PSYoungGen      total 1233408K, used 68683K [0x000000076b500000, 0x00000007c0000000, 0x00000007c0000000)
  eden space 1164288K, 0% used [0x000000076b500000,0x000000076b500000,0x00000007b2600000)
  from space 69120K, 99% used [0x00000007b2600000,0x00000007b6912d48,0x00000007b6980000)
  to   space 113664K, 0% used [0x00000007b9100000,0x00000007b9100000,0x00000007c0000000)
 ParOldGen       total 549376K, used 342328K [0x00000006c1e00000, 0x00000006e3680000, 0x000000076b500000)
  object space 549376K, 62% used [0x00000006c1e00000,0x00000006d6c4e3a8,0x00000006e3680000)
 Metaspace       used 29490K, capacity 29838K, committed 30080K, reserved 1075200K
  class space    used 3802K, capacity 3908K, committed 3968K, reserved 1048576K
}
Event: 198.455 GC heap before
{Heap before GC invocations=60 (full 4):
 PSYoungGen      total 1233408K, used 1232971K [0x000000076b500000, 0x00000007c0000000, 0x00000007c0000000)
  eden space 1164288K, 100% used [0x000000076b500000,0x00000007b2600000,0x00000007b2600000)
  from space 69120K, 99% used [0x00000007b2600000,0x00000007b6912d48,0x00000007b6980000)
  to   space 113664K, 0% used [0x00000007b9100000,0x00000007b9100000,0x00000007c0000000)
 ParOldGen       total 549376K, used 342328K [0x00000006c1e00000, 0x00000006e3680000, 0x000000076b500000)
  object space 549376K, 62% used [0x00000006c1e00000,0x00000006d6c4e3a8,0x00000006e3680000)
 Metaspace       used 29548K, capacity 29902K, committed 30080K, reserved 1075200K
  class space    used 3802K, capacity 3908K, committed 3968K, reserved 1048576K
Event: 198.467 GC heap after
Heap after GC invocations=60 (full 4):
 PSYoungGen      total 1270784K, used 68603K [0x000000076b500000, 0x00000007c0000000, 0x00000007c0000000)
  eden space 1157120K, 0% used [0x000000076b500000,0x000000076b500000,0x00000007b1f00000)
  from space 113664K, 60% used [0x00000007b9100000,0x00000007bd3fed58,0x00000007c0000000)
  to   space 115200K, 0% used [0x00000007b1f00000,0x00000007b1f00000,0x00000007b8f80000)
 ParOldGen       total 549376K, used 342336K [0x00000006c1e00000, 0x00000006e3680000, 0x000000076b500000)
  object space 549376K, 62% used [0x00000006c1e00000,0x00000006d6c503a8,0x00000006e3680000)
 Metaspace       used 29548K, capacity 29902K, committed 30080K, reserved 1075200K
  class space    used 3802K, capacity 3908K, committed 3968K, reserved 1048576K
}
Event: 200.255 GC heap before
{Heap before GC invocations=61 (full 4):
 PSYoungGen      total 1270784K, used 1225723K [0x000000076b500000, 0x00000007c0000000, 0x00000007c0000000)
  eden space 1157120K, 100% used [0x000000076b500000,0x00000007b1f00000,0x00000007b1f00000)
  from space 113664K, 60% used [0x00000007b9100000,0x00000007bd3fed58,0x00000007c0000000)
  to   space 115200K, 0% used [0x00000007b1f00000,0x00000007b1f00000,0x00000007b8f80000)
 ParOldGen       total 549376K, used 342336K [0x00000006c1e00000, 0x00000006e3680000, 0x000000076b500000)
  object space 549376K, 62% used [0x00000006c1e00000,0x00000006d6c503a8,0x00000006e3680000)
 Metaspace       used 29553K, capacity 29902K, committed 30080K, reserved 1075200K
  class space    used 3802K, capacity 3908K, committed 3968K, reserved 1048576K
Event: 200.267 GC heap after
Heap after GC invocations=61 (full 4):
 PSYoungGen      total 1227776K, used 70459K [0x000000076b500000, 0x00000007c0000000, 0x00000007c0000000)
  eden space 1157120K, 0% used [0x000000076b500000,0x000000076b500000,0x00000007b1f00000)
  from space 70656K, 99% used [0x00000007b1f00000,0x00000007b63ced58,0x00000007b6400000)
  to   space 116736K, 0% used [0x00000007b8e00000,0x00000007b8e00000,0x00000007c0000000)
 ParOldGen       total 549376K, used 342336K [0x00000006c1e00000, 0x00000006e3680000, 0x000000076b500000)
  object space 549376K, 62% used [0x00000006c1e00000,0x00000006d6c503a8,0x00000006e3680000)
 Metaspace       used 29553K, capacity 29902K, committed 30080K, reserved 1075200K
  class space    used 3802K, capacity 3908K, committed 3968K, reserved 1048576K
}
Event: 201.929 GC heap before
{Heap before GC invocations=62 (full 4):
 PSYoungGen      total 1227776K, used 1227579K [0x000000076b500000, 0x00000007c0000000, 0x00000007c0000000)
  eden space 1157120K, 100% used [0x000000076b500000,0x00000007b1f00000,0x00000007b1f00000)
  from space 70656K, 99% used [0x00000007b1f00000,0x00000007b63ced58,0x00000007b6400000)
  to   space 116736K, 0% used [0x00000007b8e00000,0x00000007b8e00000,0x00000007c0000000)
 ParOldGen       total 549376K, used 342336K [0x00000006c1e00000, 0x00000006e3680000, 0x000000076b500000)
  object space 549376K, 62% used [0x00000006c1e00000,0x00000006d6c503a8,0x00000006e3680000)
 Metaspace       used 29627K, capacity 29966K, committed 30336K, reserved 1075200K
  class space    used 3807K, capacity 3908K, committed 3968K, reserved 1048576K
Event: 201.940 GC heap after
Heap after GC invocations=62 (full 4):
 PSYoungGen      total 1274368K, used 58678K [0x000000076b500000, 0x00000007c0000000, 0x00000007c0000000)
  eden space 1157632K, 0% used [0x000000076b500000,0x000000076b500000,0x00000007b1f80000)
  from space 116736K, 50% used [0x00000007b8e00000,0x00000007bc74da58,0x00000007c0000000)
  to   space 113152K, 0% used [0x00000007b1f80000,0x00000007b1f80000,0x00000007b8e00000)
 ParOldGen       total 549376K, used 342344K [0x00000006c1e00000, 0x00000006e3680000, 0x000000076b500000)
  object space 549376K, 62% used [0x00000006c1e00000,0x00000006d6c523a8,0x00000006e3680000)
 Metaspace       used 29627K, capacity 29966K, committed 30336K, reserved 1075200K
  class space    used 3807K, capacity 3908K, committed 3968K, reserved 1048576K
}
Event: 203.231 GC heap before
{Heap before GC invocations=63 (full 4):
 PSYoungGen      total 1274368K, used 1216310K [0x000000076b500000, 0x00000007c0000000, 0x00000007c0000000)
  eden space 1157632K, 100% used [0x000000076b500000,0x00000007b1f80000,0x00000007b1f80000)
  from space 116736K, 50% used [0x00000007b8e00000,0x00000007bc74da58,0x00000007c0000000)
  to   space 113152K, 0% used [0x00000007b1f80000,0x00000007b1f80000,0x00000007b8e00000)
 ParOldGen       total 549376K, used 342344K [0x00000006c1e00000, 0x00000006e3680000, 0x000000076b500000)
  object space 549376K, 62% used [0x00000006c1e00000,0x00000006d6c523a8,0x00000006e3680000)
 Metaspace       used 29712K, capacity 30094K, committed 30336K, reserved 1075200K
  class space    used 3807K, capacity 3908K, committed 3968K, reserved 1048576K
Event: 203.243 GC heap after
Heap after GC invocations=63 (full 4):
 PSYoungGen      total 1270784K, used 69643K [0x000000076b500000, 0x00000007bfd80000, 0x00000007c0000000)
  eden space 1157632K, 0% used [0x000000076b500000,0x000000076b500000,0x00000007b1f80000)
  from space 113152K, 61% used [0x00000007b1f80000,0x00000007b6382e48,0x00000007b8e00000)
  to   space 113664K, 0% used [0x00000007b8e80000,0x00000007b8e80000,0x00000007bfd80000)
 ParOldGen       total 549376K, used 342352K [0x00000006c1e00000, 0x00000006e3680000, 0x000000076b500000)
  object space 549376K, 62% used [0x00000006c1e00000,0x00000006d6c543a8,0x00000006e3680000)
 Metaspace       used 29712K, capacity 30094K, committed 30336K, reserved 1075200K
  class space    used 3807K, capacity 3908K, committed 3968K, reserved 1048576K
}

