# JRE version: Java(TM) SE Runtime Environment (8.0_161-b12) (build 1.8.0_161-b12)
# Java VM: Java HotSpot(TM) 64-Bit Server VM (25.161-b12 mixed mode windows-amd64 compressed oops)
Heap:
 PSYoungGen      total 643584K, used 349912K [0x000000076b500000, 0x0000000792e00000, 0x00000007c0000000)
  eden space 638976K, 54% used [0x000000076b500000,0x000000078091dfa8,0x0000000792500000)
  from space 4608K, 35% used [0x0000000792500000,0x0000000792698130,0x0000000792980000)
  to   space 4608K, 0% used [0x0000000792980000,0x0000000792980000,0x0000000792e00000)
 ParOldGen       total 175104K, used 160222K [0x00000006c1e00000, 0x00000006cc900000, 0x000000076b500000)
  object space 175104K, 91% used [0x00000006c1e00000,0x00000006cba77958,0x00000006cc900000)
 Metaspace       used 14619K, capacity 14832K, committed 15232K, reserved 1062912K
  class space    used 1779K, capacity 1841K, committed 1920K, reserved 1048576K
GC Heap History (10 events):
Event: 93.106 GC heap before
{Heap before GC invocations=59 (full 0):
 PSYoungGen      total 643584K, used 640784K [0x000000076b500000, 0x0000000792e00000, 0x00000007c0000000)
  eden space 638976K, 100% used [0x000000076b500000,0x0000000792500000,0x0000000792500000)
  from space 4608K, 39% used [0x0000000792980000,0x0000000792b442a8,0x0000000792e00000)
  to   space 4608K, 0% used [0x0000000792500000,0x0000000792500000,0x0000000792980000)
 ParOldGen       total 175104K, used 148424K [0x00000006c1e00000, 0x00000006cc900000, 0x000000076b500000)
  object space 175104K, 84% used [0x00000006c1e00000,0x00000006caef23a0,0x00000006cc900000)
 Metaspace       used 14503K, capacity 14768K, committed 14976K, reserved 1062912K
  class space    used 1770K, capacity 1841K, committed 1920K, reserved 1048576K
Event: 93.111 GC heap after
Heap after GC invocations=59 (full 0):
 PSYoungGen      total 643584K, used 2237K [0x000000076b500000, 0x0000000792e00000, 0x00000007c0000000)
  eden space 638976K, 0% used [0x000000076b500000,0x000000076b500000,0x0000000792500000)
  from space 4608K, 48% used [0x0000000792500000,0x000000079272f570,0x0000000792980000)
  to   space 4608K, 0% used [0x0000000792980000,0x0000000792980000,0x0000000792e00000)
 ParOldGen       total 175104K, used 149984K [0x00000006c1e00000, 0x00000006cc900000, 0x000000076b500000)
  object space 175104K, 85% used [0x00000006c1e00000,0x00000006cb0783b0,0x00000006cc900000)
 Metaspace       used 14503K, capacity 14768K, committed 14976K, reserved 1062912K
  class space    used 1770K, capacity 1841K, committed 1920K, reserved 1048576K
}
Event: 93.275 GC heap before
{Heap before GC invocations=60 (full 0):
 PSYoungGen      total 643584K, used 641213K [0x000000076b500000, 0x0000000792e00000, 0x00000007c0000000)
  eden space 638976K, 100% used [0x000000076b500000,0x0000000792500000,0x0000000792500000)
  from space 4608K, 48% used [0x0000000792500000,0x000000079272f570,0x0000000792980000)
  to   space 4608K, 0% used [0x0000000792980000,0x0000000792980000,0x0000000792e00000)
 ParOldGen       total 175104K, used 149984K [0x00000006c1e00000, 0x00000006cc900000, 0x000000076b500000)
  object space 175104K, 85% used [0x00000006c1e00000,0x00000006cb0783b0,0x00000006cc900000)
 Metaspace       used 14503K, capacity 14768K, committed 14976K, reserved 1062912K
  class space    used 1770K, capacity 1841K, committed 1920K, reserved 1048576K
Event: 93.280 GC heap after
Heap after GC invocations=60 (full 0):
 PSYoungGen      total 643584K, used 3177K [0x000000076b500000, 0x0000000792e00000, 0x00000007c0000000)
  eden space 638976K, 0% used [0x000000076b500000,0x000000076b500000,0x0000000792500000)
  from space 4608K, 68% used [0x0000000792980000,0x0000000792c9a528,0x0000000792e00000)
  to   space 4608K, 0% used [0x0000000792500000,0x0000000792500000,0x0000000792980000)
 ParOldGen       total 175104K, used 151904K [0x00000006c1e00000, 0x00000006cc900000, 0x000000076b500000)
  object space 175104K, 86% used [0x00000006c1e00000,0x00000006cb2583c0,0x00000006cc900000)
 Metaspace       used 14503K, capacity 14768K, committed 14976K, reserved 1062912K
  class space    used 1770K, capacity 1841K, committed 1920K, reserved 1048576K
}
Event: 93.455 GC heap before
{Heap before GC invocations=61 (full 0):
 PSYoungGen      total 643584K, used 642153K [0x000000076b500000, 0x0000000792e00000, 0x00000007c0000000)
  eden space 638976K, 100% used [0x000000076b500000,0x0000000792500000,0x0000000792500000)
  from space 4608K, 68% used [0x0000000792980000,0x0000000792c9a528,0x0000000792e00000)
  to   space 4608K, 0% used [0x0000000792500000,0x0000000792500000,0x0000000792980000)
 ParOldGen       total 175104K, used 151904K [0x00000006c1e00000, 0x00000006cc900000, 0x000000076b500000)
  object space 175104K, 86% used [0x00000006c1e00000,0x00000006cb2583c0,0x00000006cc900000)
 Metaspace       used 14503K, capacity 14768K, committed 14976K, reserved 1062912K
  class space    used 1770K, capacity 1841K, committed 1920K, reserved 1048576K
Event: 93.463 GC heap after
Heap after GC invocations=61 (full 0):
 PSYoungGen      total 643584K, used 1908K [0x000000076b500000, 0x0000000792e00000, 0x00000007c0000000)
  eden space 638976K, 0% used [0x000000076b500000,0x000000076b500000,0x0000000792500000)
  from space 4608K, 41% used [0x0000000792500000,0x00000007926dd238,0x0000000792980000)
  to   space 4608K, 0% used [0x0000000792980000,0x0000000792980000,0x0000000792e00000)
 ParOldGen       total 175104K, used 154784K [0x00000006c1e00000, 0x00000006cc900000, 0x000000076b500000)
  object space 175104K, 88% used [0x00000006c1e00000,0x00000006cb5283e0,0x00000006cc900000)
 Metaspace       used 14503K, capacity 14768K, committed 14976K, reserved 1062912K
  class space    used 1770K, capacity 1841K, committed 1920K, reserved 1048576K
}
Event: 93.563 GC heap before
{Heap before GC invocations=62 (full 0):
 PSYoungGen      total 643584K, used 640884K [0x000000076b500000, 0x0000000792e00000, 0x00000007c0000000)
  eden space 638976K, 100% used [0x000000076b500000,0x0000000792500000,0x0000000792500000)
  from space 4608K, 41% used [0x0000000792500000,0x00000007926dd238,0x0000000792980000)
  to   space 4608K, 0% used [0x0000000792980000,0x0000000792980000,0x0000000792e00000)
 ParOldGen       total 175104K, used 154784K [0x00000006c1e00000, 0x00000006cc900000, 0x000000076b500000)
  object space 175104K, 88% used [0x00000006c1e00000,0x00000006cb5283e0,0x00000006cc900000)
 Metaspace       used 14503K, capacity 14768K, committed 14976K, reserved 1062912K
  class space    used 1770K, capacity 1841K, committed 1920K, reserved 1048576K
Event: 93.567 GC heap after
Heap after GC invocations=62 (full 0):
 PSYoungGen      total 643584K, used 4151K [0x000000076b500000, 0x0000000792e00000, 0x00000007c0000000)
  eden space 638976K, 0% used [0x000000076b500000,0x000000076b500000,0x0000000792500000)
  from space 4608K, 90% used [0x0000000792980000,0x0000000792d8de50,0x0000000792e00000)
  to   space 4608K, 0% used [0x0000000792500000,0x0000000792500000,0x0000000792980000)
 ParOldGen       total 175104K, used 156416K [0x00000006c1e00000, 0x00000006cc900000, 0x000000076b500000)
  object space 175104K, 89% used [0x00000006c1e00000,0x00000006cb6c03e0,0x00000006cc900000)
 Metaspace       used 14503K, capacity 14768K, committed 14976K, reserved 1062912K
  class space    used 1770K, capacity 1841K, committed 1920K, reserved 1048576K
}
Event: 93.633 GC heap before
{Heap before GC invocations=63 (full 0):
 PSYoungGen      total 643584K, used 643127K [0x000000076b500000, 0x0000000792e00000, 0x00000007c0000000)
  eden space 638976K, 100% used [0x000000076b500000,0x0000000792500000,0x0000000792500000)
  from space 4608K, 90% used [0x0000000792980000,0x0000000792d8de50,0x0000000792e00000)
  to   space 4608K, 0% used [0x0000000792500000,0x0000000792500000,0x0000000792980000)
 ParOldGen       total 175104K, used 156416K [0x00000006c1e00000, 0x00000006cc900000, 0x000000076b500000)
  object space 175104K, 89% used [0x00000006c1e00000,0x00000006cb6c03e0,0x00000006cc900000)
 Metaspace       used 14503K, capacity 14768K, committed 14976K, reserved 1062912K
  class space    used 1770K, capacity 1841K, committed 1920K, reserved 1048576K
Event: 93.638 GC heap after
Heap after GC invocations=63 (full 0):
 PSYoungGen      total 643584K, used 1632K [0x000000076b500000, 0x0000000792e00000, 0x00000007c0000000)
  eden space 638976K, 0% used [0x000000076b500000,0x000000076b500000,0x0000000792500000)
  from space 4608K, 35% used [0x0000000792500000,0x0000000792698130,0x0000000792980000)
  to   space 4608K, 0% used [0x0000000792980000,0x0000000792980000,0x0000000792e00000)
 ParOldGen       total 175104K, used 160222K [0x00000006c1e00000, 0x00000006cc900000, 0x000000076b500000)
  object space 175104K, 91% used [0x00000006c1e00000,0x00000006cba77958,0x00000006cc900000)
 Metaspace       used 14503K, capacity 14768K, committed 14976K, reserved 1062912K
  class space    used 1770K, capacity 1841K, committed 1920K, reserved 1048576K
}

