# JRE version: Java(TM) SE Runtime Environment (8.0_161-b12) (build 1.8.0_161-b12)
# Java VM: Java HotSpot(TM) 64-Bit Server VM (25.161-b12 mixed mode windows-amd64 compressed oops)
Heap:
 PSYoungGen      total 1367040K, used 950433K [0x000000076b500000, 0x00000007bff80000, 0x00000007c0000000)
  eden space 1348096K, 69% used [0x000000076b500000,0x00000007a49986a8,0x00000007bd980000)
  from space 18944K, 62% used [0x00000007bd980000,0x00000007be510000,0x00000007bec00000)
  to   space 18432K, 0% used [0x00000007bed80000,0x00000007bed80000,0x00000007bff80000)
 ParOldGen       total 616448K, used 387500K [0x00000006c1e00000, 0x00000006e7800000, 0x000000076b500000)
  object space 616448K, 62% used [0x00000006c1e00000,0x00000006d986b1e0,0x00000006e7800000)
 Metaspace       used 29898K, capacity 30216K, committed 30592K, reserved 1075200K
  class space    used 3830K, capacity 3907K, committed 3968K, reserved 1048576K
GC Heap History (10 events):
Event: 207.106 GC heap before
{Heap before GC invocations=104 (full 4):
 PSYoungGen      total 1363968K, used 1350784K [0x000000076b500000, 0x00000007bfd80000, 0x00000007c0000000)
  eden space 1342976K, 100% used [0x000000076b500000,0x00000007bd480000,0x00000007bd480000)
  from space 20992K, 37% used [0x00000007be900000,0x00000007bf0a0000,0x00000007bfd80000)
  to   space 20992K, 0% used [0x00000007bd480000,0x00000007bd480000,0x00000007be900000)
 ParOldGen       total 616448K, used 387444K [0x00000006c1e00000, 0x00000006e7800000, 0x000000076b500000)
  object space 616448K, 62% used [0x00000006c1e00000,0x00000006d985d1e0,0x00000006e7800000)
 Metaspace       used 29890K, capacity 30216K, committed 30592K, reserved 1075200K
  class space    used 3828K, capacity 3907K, committed 3968K, reserved 1048576K
Event: 207.111 GC heap after
Heap after GC invocations=104 (full 4):
 PSYoungGen      total 1363968K, used 11904K [0x000000076b500000, 0x00000007bff00000, 0x00000007c0000000)
  eden space 1342976K, 0% used [0x000000076b500000,0x000000076b500000,0x00000007bd480000)
  from space 20992K, 56% used [0x00000007bd480000,0x00000007be020000,0x00000007be900000)
  to   space 20480K, 0% used [0x00000007beb00000,0x00000007beb00000,0x00000007bff00000)
 ParOldGen       total 616448K, used 387452K [0x00000006c1e00000, 0x00000006e7800000, 0x000000076b500000)
  object space 616448K, 62% used [0x00000006c1e00000,0x00000006d985f1e0,0x00000006e7800000)
 Metaspace       used 29890K, capacity 30216K, committed 30592K, reserved 1075200K
  class space    used 3828K, capacity 3907K, committed 3968K, reserved 1048576K
}
Event: 209.456 GC heap before
{Heap before GC invocations=105 (full 4):
 PSYoungGen      total 1363968K, used 1354880K [0x000000076b500000, 0x00000007bff00000, 0x00000007c0000000)
  eden space 1342976K, 100% used [0x000000076b500000,0x00000007bd480000,0x00000007bd480000)
  from space 20992K, 56% used [0x00000007bd480000,0x00000007be020000,0x00000007be900000)
  to   space 20480K, 0% used [0x00000007beb00000,0x00000007beb00000,0x00000007bff00000)
 ParOldGen       total 616448K, used 387452K [0x00000006c1e00000, 0x00000006e7800000, 0x000000076b500000)
  object space 616448K, 62% used [0x00000006c1e00000,0x00000006d985f1e0,0x00000006e7800000)
 Metaspace       used 29890K, capacity 30216K, committed 30592K, reserved 1075200K
  class space    used 3828K, capacity 3907K, committed 3968K, reserved 1048576K
Event: 209.460 GC heap after
Heap after GC invocations=105 (full 4):
 PSYoungGen      total 1364992K, used 12173K [0x000000076b500000, 0x00000007bfd80000, 0x00000007c0000000)
  eden space 1346048K, 0% used [0x000000076b500000,0x000000076b500000,0x00000007bd780000)
  from space 18944K, 64% used [0x00000007beb00000,0x00000007bf6e3410,0x00000007bfd80000)
  to   space 19456K, 0% used [0x00000007bd780000,0x00000007bd780000,0x00000007bea80000)
 ParOldGen       total 616448K, used 387484K [0x00000006c1e00000, 0x00000006e7800000, 0x000000076b500000)
  object space 616448K, 62% used [0x00000006c1e00000,0x00000006d98671e0,0x00000006e7800000)
 Metaspace       used 29890K, capacity 30216K, committed 30592K, reserved 1075200K
  class space    used 3828K, capacity 3907K, committed 3968K, reserved 1048576K
}
Event: 211.680 GC heap before
{Heap before GC invocations=106 (full 4):
 PSYoungGen      total 1364992K, used 1358221K [0x000000076b500000, 0x00000007bfd80000, 0x00000007c0000000)
  eden space 1346048K, 100% used [0x000000076b500000,0x00000007bd780000,0x00000007bd780000)
  from space 18944K, 64% used [0x00000007beb00000,0x00000007bf6e3410,0x00000007bfd80000)
  to   space 19456K, 0% used [0x00000007bd780000,0x00000007bd780000,0x00000007bea80000)
 ParOldGen       total 616448K, used 387484K [0x00000006c1e00000, 0x00000006e7800000, 0x000000076b500000)
  object space 616448K, 62% used [0x00000006c1e00000,0x00000006d98671e0,0x00000006e7800000)
 Metaspace       used 29891K, capacity 30216K, committed 30592K, reserved 1075200K
  class space    used 3828K, capacity 3907K, committed 3968K, reserved 1048576K
Event: 211.685 GC heap after
Heap after GC invocations=106 (full 4):
 PSYoungGen      total 1365504K, used 14176K [0x000000076b500000, 0x00000007c0000000, 0x00000007c0000000)
  eden space 1346048K, 0% used [0x000000076b500000,0x000000076b500000,0x00000007bd780000)
  from space 19456K, 72% used [0x00000007bd780000,0x00000007be558000,0x00000007bea80000)
  to   space 19968K, 0% used [0x00000007bec80000,0x00000007bec80000,0x00000007c0000000)
 ParOldGen       total 616448K, used 387492K [0x00000006c1e00000, 0x00000006e7800000, 0x000000076b500000)
  object space 616448K, 62% used [0x00000006c1e00000,0x00000006d98691e0,0x00000006e7800000)
 Metaspace       used 29891K, capacity 30216K, committed 30592K, reserved 1075200K
  class space    used 3828K, capacity 3907K, committed 3968K, reserved 1048576K
}
Event: 213.991 GC heap before
{Heap before GC invocations=107 (full 4):
 PSYoungGen      total 1365504K, used 1360224K [0x000000076b500000, 0x00000007c0000000, 0x00000007c0000000)
  eden space 1346048K, 100% used [0x000000076b500000,0x00000007bd780000,0x00000007bd780000)
  from space 19456K, 72% used [0x00000007bd780000,0x00000007be558000,0x00000007bea80000)
  to   space 19968K, 0% used [0x00000007bec80000,0x00000007bec80000,0x00000007c0000000)
 ParOldGen       total 616448K, used 387492K [0x00000006c1e00000, 0x00000006e7800000, 0x000000076b500000)
  object space 616448K, 62% used [0x00000006c1e00000,0x00000006d98691e0,0x00000006e7800000)
 Metaspace       used 29891K, capacity 30216K, committed 30592K, reserved 1075200K
  class space    used 3828K, capacity 3907K, committed 3968K, reserved 1048576K
Event: 213.996 GC heap after
Heap after GC invocations=107 (full 4):
 PSYoungGen      total 1366528K, used 11808K [0x000000076b500000, 0x00000007bfe80000, 0x00000007c0000000)
  eden space 1348096K, 0% used [0x000000076b500000,0x000000076b500000,0x00000007bd980000)
  from space 18432K, 64% used [0x00000007bec80000,0x00000007bf808000,0x00000007bfe80000)
  to   space 18944K, 0% used [0x00000007bd980000,0x00000007bd980000,0x00000007bec00000)
 ParOldGen       total 616448K, used 387500K [0x00000006c1e00000, 0x00000006e7800000, 0x000000076b500000)
  object space 616448K, 62% used [0x00000006c1e00000,0x00000006d986b1e0,0x00000006e7800000)
 Metaspace       used 29891K, capacity 30216K, committed 30592K, reserved 1075200K
  class space    used 3828K, capacity 3907K, committed 3968K, reserved 1048576K
}
Event: 216.494 GC heap before
{Heap before GC invocations=108 (full 4):
 PSYoungGen      total 1366528K, used 1359904K [0x000000076b500000, 0x00000007bfe80000, 0x00000007c0000000)
  eden space 1348096K, 100% used [0x000000076b500000,0x00000007bd980000,0x00000007bd980000)
  from space 18432K, 64% used [0x00000007bec80000,0x00000007bf808000,0x00000007bfe80000)
  to   space 18944K, 0% used [0x00000007bd980000,0x00000007bd980000,0x00000007bec00000)
 ParOldGen       total 616448K, used 387500K [0x00000006c1e00000, 0x00000006e7800000, 0x000000076b500000)
  object space 616448K, 62% used [0x00000006c1e00000,0x00000006d986b1e0,0x00000006e7800000)
 Metaspace       used 29892K, capacity 30216K, committed 30592K, reserved 1075200K
  class space    used 3828K, capacity 3907K, committed 3968K, reserved 1048576K
Event: 216.499 GC heap after
Heap after GC invocations=108 (full 4):
 PSYoungGen      total 1367040K, used 11840K [0x000000076b500000, 0x00000007bff80000, 0x00000007c0000000)
  eden space 1348096K, 0% used [0x000000076b500000,0x000000076b500000,0x00000007bd980000)
  from space 18944K, 62% used [0x00000007bd980000,0x00000007be510000,0x00000007bec00000)
  to   space 18432K, 0% used [0x00000007bed80000,0x00000007bed80000,0x00000007bff80000)
 ParOldGen       total 616448K, used 387500K [0x00000006c1e00000, 0x00000006e7800000, 0x000000076b500000)
  object space 616448K, 62% used [0x00000006c1e00000,0x00000006d986b1e0,0x00000006e7800000)
 Metaspace       used 29892K, capacity 30216K, committed 30592K, reserved 1075200K
  class space    used 3828K, capacity 3907K, committed 3968K, reserved 1048576K
}

