# JRE version: Java(TM) SE Runtime Environment (8.0_161-b12) (build 1.8.0_161-b12)
# Java VM: Java HotSpot(TM) 64-Bit Server VM (25.161-b12 mixed mode windows-amd64 compressed oops)
Heap:
 PSYoungGen      total 485376K, used 479301K [0x000000076b500000, 0x0000000789600000, 0x00000007c0000000)
  eden space 478208K, 100% used [0x000000076b500000,0x0000000788800000,0x0000000788800000)
  from space 7168K, 15% used [0x0000000788f00000,0x0000000789011708,0x0000000789600000)
  to   space 7168K, 99% used [0x0000000788800000,0x0000000788eff410,0x0000000788f00000)
 ParOldGen       total 194560K, used 194056K [0x00000006c1e00000, 0x00000006cdc00000, 0x000000076b500000)
  object space 194560K, 99% used [0x00000006c1e00000,0x00000006cdb822d8,0x00000006cdc00000)
 Metaspace       used 16767K, capacity 17084K, committed 17280K, reserved 1064960K
  class space    used 1987K, capacity 2084K, committed 2176K, reserved 1048576K
GC Heap History (10 events):
Event: 61.105 GC heap after
Heap after GC invocations=66 (full 0):
 PSYoungGen      total 485376K, used 1484K [0x000000076b500000, 0x0000000789600000, 0x00000007c0000000)
  eden space 478208K, 0% used [0x000000076b500000,0x000000076b500000,0x0000000788800000)
  from space 7168K, 20% used [0x0000000788f00000,0x0000000789073048,0x0000000789600000)
  to   space 7168K, 0% used [0x0000000788800000,0x0000000788800000,0x0000000788f00000)
 ParOldGen       total 175104K, used 146245K [0x00000006c1e00000, 0x00000006cc900000, 0x000000076b500000)
  object space 175104K, 83% used [0x00000006c1e00000,0x00000006cacd1620,0x00000006cc900000)
 Metaspace       used 16046K, capacity 16320K, committed 16640K, reserved 1064960K
  class space    used 1889K, capacity 1976K, committed 2048K, reserved 1048576K
}
Event: 61.297 GC heap before
{Heap before GC invocations=67 (full 0):
 PSYoungGen      total 485376K, used 479692K [0x000000076b500000, 0x0000000789600000, 0x00000007c0000000)
  eden space 478208K, 100% used [0x000000076b500000,0x0000000788800000,0x0000000788800000)
  from space 7168K, 20% used [0x0000000788f00000,0x0000000789073048,0x0000000789600000)
  to   space 7168K, 0% used [0x0000000788800000,0x0000000788800000,0x0000000788f00000)
 ParOldGen       total 175104K, used 146245K [0x00000006c1e00000, 0x00000006cc900000, 0x000000076b500000)
  object space 175104K, 83% used [0x00000006c1e00000,0x00000006cacd1620,0x00000006cc900000)
 Metaspace       used 16046K, capacity 16320K, committed 16640K, reserved 1064960K
  class space    used 1889K, capacity 1976K, committed 2048K, reserved 1048576K
Event: 61.304 GC heap after
Heap after GC invocations=67 (full 0):
 PSYoungGen      total 485376K, used 1524K [0x000000076b500000, 0x0000000789600000, 0x00000007c0000000)
  eden space 478208K, 0% used [0x000000076b500000,0x000000076b500000,0x0000000788800000)
  from space 7168K, 21% used [0x0000000788800000,0x000000078897d188,0x0000000788f00000)
  to   space 7168K, 0% used [0x0000000788f00000,0x0000000788f00000,0x0000000789600000)
 ParOldGen       total 175104K, used 147421K [0x00000006c1e00000, 0x00000006cc900000, 0x000000076b500000)
  object space 175104K, 84% used [0x00000006c1e00000,0x00000006cadf7620,0x00000006cc900000)
 Metaspace       used 16046K, capacity 16320K, committed 16640K, reserved 1064960K
  class space    used 1889K, capacity 1976K, committed 2048K, reserved 1048576K
}
Event: 61.441 GC heap before
{Heap before GC invocations=68 (full 0):
 PSYoungGen      total 485376K, used 479732K [0x000000076b500000, 0x0000000789600000, 0x00000007c0000000)
  eden space 478208K, 100% used [0x000000076b500000,0x0000000788800000,0x0000000788800000)
  from space 7168K, 21% used [0x0000000788800000,0x000000078897d188,0x0000000788f00000)
  to   space 7168K, 0% used [0x0000000788f00000,0x0000000788f00000,0x0000000789600000)
 ParOldGen       total 175104K, used 147421K [0x00000006c1e00000, 0x00000006cc900000, 0x000000076b500000)
  object space 175104K, 84% used [0x00000006c1e00000,0x00000006cadf7620,0x00000006cc900000)
 Metaspace       used 16046K, capacity 16320K, committed 16640K, reserved 1064960K
  class space    used 1889K, capacity 1976K, committed 2048K, reserved 1048576K
Event: 61.448 GC heap after
Heap after GC invocations=68 (full 0):
 PSYoungGen      total 485376K, used 3708K [0x000000076b500000, 0x0000000789600000, 0x00000007c0000000)
  eden space 478208K, 0% used [0x000000076b500000,0x000000076b500000,0x0000000788800000)
  from space 7168K, 51% used [0x0000000788f00000,0x000000078929f2e0,0x0000000789600000)
  to   space 7168K, 0% used [0x0000000788800000,0x0000000788800000,0x0000000788f00000)
 ParOldGen       total 175104K, used 148661K [0x00000006c1e00000, 0x00000006cc900000, 0x000000076b500000)
  object space 175104K, 84% used [0x00000006c1e00000,0x00000006caf2d620,0x00000006cc900000)
 Metaspace       used 16046K, capacity 16320K, committed 16640K, reserved 1064960K
  class space    used 1889K, capacity 1976K, committed 2048K, reserved 1048576K
}
Event: 61.528 GC heap before
{Heap before GC invocations=69 (full 0):
 PSYoungGen      total 485376K, used 481916K [0x000000076b500000, 0x0000000789600000, 0x00000007c0000000)
  eden space 478208K, 100% used [0x000000076b500000,0x0000000788800000,0x0000000788800000)
  from space 7168K, 51% used [0x0000000788f00000,0x000000078929f2e0,0x0000000789600000)
  to   space 7168K, 0% used [0x0000000788800000,0x0000000788800000,0x0000000788f00000)
 ParOldGen       total 175104K, used 148661K [0x00000006c1e00000, 0x00000006cc900000, 0x000000076b500000)
  object space 175104K, 84% used [0x00000006c1e00000,0x00000006caf2d620,0x00000006cc900000)
 Metaspace       used 16046K, capacity 16320K, committed 16640K, reserved 1064960K
  class space    used 1889K, capacity 1976K, committed 2048K, reserved 1048576K
Event: 61.535 GC heap after
Heap after GC invocations=69 (full 0):
 PSYoungGen      total 485376K, used 1457K [0x000000076b500000, 0x0000000789600000, 0x00000007c0000000)
  eden space 478208K, 0% used [0x000000076b500000,0x000000076b500000,0x0000000788800000)
  from space 7168K, 20% used [0x0000000788800000,0x000000078896c780,0x0000000788f00000)
  to   space 7168K, 0% used [0x0000000788f00000,0x0000000788f00000,0x0000000789600000)
 ParOldGen       total 175104K, used 152098K [0x00000006c1e00000, 0x00000006cc900000, 0x000000076b500000)
  object space 175104K, 86% used [0x00000006c1e00000,0x00000006cb288b98,0x00000006cc900000)
 Metaspace       used 16046K, capacity 16320K, committed 16640K, reserved 1064960K
  class space    used 1889K, capacity 1976K, committed 2048K, reserved 1048576K
}
Event: 61.612 GC heap before
{Heap before GC invocations=70 (full 0):
 PSYoungGen      total 485376K, used 479665K [0x000000076b500000, 0x0000000789600000, 0x00000007c0000000)
  eden space 478208K, 100% used [0x000000076b500000,0x0000000788800000,0x0000000788800000)
  from space 7168K, 20% used [0x0000000788800000,0x000000078896c780,0x0000000788f00000)
  to   space 7168K, 0% used [0x0000000788f00000,0x0000000788f00000,0x0000000789600000)
 ParOldGen       total 175104K, used 152098K [0x00000006c1e00000, 0x00000006cc900000, 0x000000076b500000)
  object space 175104K, 86% used [0x00000006c1e00000,0x00000006cb288b98,0x00000006cc900000)
 Metaspace       used 16050K, capacity 16320K, committed 16640K, reserved 1064960K
  class space    used 1889K, capacity 1976K, committed 2048K, reserved 1048576K
Event: 61.617 GC heap after
Heap after GC invocations=70 (full 0):
 PSYoungGen      total 485376K, used 1093K [0x000000076b500000, 0x0000000789600000, 0x00000007c0000000)
  eden space 478208K, 0% used [0x000000076b500000,0x000000076b500000,0x0000000788800000)
  from space 7168K, 15% used [0x0000000788f00000,0x0000000789011708,0x0000000789600000)
  to   space 7168K, 0% used [0x0000000788800000,0x0000000788800000,0x0000000788f00000)
 ParOldGen       total 175104K, used 153322K [0x00000006c1e00000, 0x00000006cc900000, 0x000000076b500000)
  object space 175104K, 87% used [0x00000006c1e00000,0x00000006cb3baba8,0x00000006cc900000)
 Metaspace       used 16050K, capacity 16320K, committed 16640K, reserved 1064960K
  class space    used 1889K, capacity 1976K, committed 2048K, reserved 1048576K
}
Event: 63.513 GC heap before
{Heap before GC invocations=71 (full 0):
 PSYoungGen      total 485376K, used 479301K [0x000000076b500000, 0x0000000789600000, 0x00000007c0000000)
  eden space 478208K, 100% used [0x000000076b500000,0x0000000788800000,0x0000000788800000)
  from space 7168K, 15% used [0x0000000788f00000,0x0000000789011708,0x0000000789600000)
  to   space 7168K, 0% used [0x0000000788800000,0x0000000788800000,0x0000000788f00000)
 ParOldGen       total 175104K, used 153322K [0x00000006c1e00000, 0x00000006cc900000, 0x000000076b500000)
  object space 175104K, 87% used [0x00000006c1e00000,0x00000006cb3baba8,0x00000006cc900000)
 Metaspace       used 16767K, capacity 17084K, committed 17280K, reserved 1064960K
  class space    used 1987K, capacity 2084K, committed 2176K, reserved 1048576K

