# JRE version: Java(TM) SE Runtime Environment (8.0_161-b12) (build 1.8.0_161-b12)
# Java VM: Java HotSpot(TM) 64-Bit Server VM (25.161-b12 mixed mode windows-amd64 compressed oops)
Heap:
 PSYoungGen      total 591872K, used 378977K [0x000000076b500000, 0x000000078ff00000, 0x00000007c0000000)
  eden space 583680K, 64% used [0x000000076b500000,0x00000007825aff98,0x000000078ef00000)
  from space 8192K, 17% used [0x000000078ef00000,0x000000078f0687b8,0x000000078f700000)
  to   space 8192K, 0% used [0x000000078f700000,0x000000078f700000,0x000000078ff00000)
 ParOldGen       total 175104K, used 146847K [0x00000006c1e00000, 0x00000006cc900000, 0x000000076b500000)
  object space 175104K, 83% used [0x00000006c1e00000,0x00000006cad67d00,0x00000006cc900000)
 Metaspace       used 14943K, capacity 15200K, committed 15232K, reserved 1062912K
  class space    used 1819K, capacity 1905K, committed 1920K, reserved 1048576K
GC Heap History (10 events):
Event: 112.724 GC heap before
{Heap before GC invocations=47 (full 0):
 PSYoungGen      total 591872K, used 585783K [0x000000076b500000, 0x000000078ff00000, 0x00000007c0000000)
  eden space 583680K, 100% used [0x000000076b500000,0x000000078ef00000,0x000000078ef00000)
  from space 8192K, 25% used [0x000000078f700000,0x000000078f90dc78,0x000000078ff00000)
  to   space 8192K, 0% used [0x000000078ef00000,0x000000078ef00000,0x000000078f700000)
 ParOldGen       total 175104K, used 135649K [0x00000006c1e00000, 0x00000006cc900000, 0x000000076b500000)
  object space 175104K, 77% used [0x00000006c1e00000,0x00000006ca278758,0x00000006cc900000)
 Metaspace       used 14514K, capacity 14752K, committed 14976K, reserved 1062912K
  class space    used 1769K, capacity 1841K, committed 1920K, reserved 1048576K
Event: 112.728 GC heap after
Heap after GC invocations=47 (full 0):
 PSYoungGen      total 591872K, used 2562K [0x000000076b500000, 0x000000078ff00000, 0x00000007c0000000)
  eden space 583680K, 0% used [0x000000076b500000,0x000000076b500000,0x000000078ef00000)
  from space 8192K, 31% used [0x000000078ef00000,0x000000078f180968,0x000000078f700000)
  to   space 8192K, 0% used [0x000000078f700000,0x000000078f700000,0x000000078ff00000)
 ParOldGen       total 175104K, used 137465K [0x00000006c1e00000, 0x00000006cc900000, 0x000000076b500000)
  object space 175104K, 78% used [0x00000006c1e00000,0x00000006ca43e768,0x00000006cc900000)
 Metaspace       used 14514K, capacity 14752K, committed 14976K, reserved 1062912K
  class space    used 1769K, capacity 1841K, committed 1920K, reserved 1048576K
}
Event: 112.827 GC heap before
{Heap before GC invocations=48 (full 0):
 PSYoungGen      total 591872K, used 586242K [0x000000076b500000, 0x000000078ff00000, 0x00000007c0000000)
  eden space 583680K, 100% used [0x000000076b500000,0x000000078ef00000,0x000000078ef00000)
  from space 8192K, 31% used [0x000000078ef00000,0x000000078f180968,0x000000078f700000)
  to   space 8192K, 0% used [0x000000078f700000,0x000000078f700000,0x000000078ff00000)
 ParOldGen       total 175104K, used 137465K [0x00000006c1e00000, 0x00000006cc900000, 0x000000076b500000)
  object space 175104K, 78% used [0x00000006c1e00000,0x00000006ca43e768,0x00000006cc900000)
 Metaspace       used 14514K, capacity 14752K, committed 14976K, reserved 1062912K
  class space    used 1769K, capacity 1841K, committed 1920K, reserved 1048576K
Event: 112.831 GC heap after
Heap after GC invocations=48 (full 0):
 PSYoungGen      total 591872K, used 1741K [0x000000076b500000, 0x000000078ff00000, 0x00000007c0000000)
  eden space 583680K, 0% used [0x000000076b500000,0x000000076b500000,0x000000078ef00000)
  from space 8192K, 21% used [0x000000078f700000,0x000000078f8b3400,0x000000078ff00000)
  to   space 8192K, 0% used [0x000000078ef00000,0x000000078ef00000,0x000000078f700000)
 ParOldGen       total 175104K, used 140233K [0x00000006c1e00000, 0x00000006cc900000, 0x000000076b500000)
  object space 175104K, 80% used [0x00000006c1e00000,0x00000006ca6f2788,0x00000006cc900000)
 Metaspace       used 14514K, capacity 14752K, committed 14976K, reserved 1062912K
  class space    used 1769K, capacity 1841K, committed 1920K, reserved 1048576K
}
Event: 112.929 GC heap before
{Heap before GC invocations=49 (full 0):
 PSYoungGen      total 591872K, used 585421K [0x000000076b500000, 0x000000078ff00000, 0x00000007c0000000)
  eden space 583680K, 100% used [0x000000076b500000,0x000000078ef00000,0x000000078ef00000)
  from space 8192K, 21% used [0x000000078f700000,0x000000078f8b3400,0x000000078ff00000)
  to   space 8192K, 0% used [0x000000078ef00000,0x000000078ef00000,0x000000078f700000)
 ParOldGen       total 175104K, used 140233K [0x00000006c1e00000, 0x00000006cc900000, 0x000000076b500000)
  object space 175104K, 80% used [0x00000006c1e00000,0x00000006ca6f2788,0x00000006cc900000)
 Metaspace       used 14514K, capacity 14752K, committed 14976K, reserved 1062912K
  class space    used 1769K, capacity 1841K, committed 1920K, reserved 1048576K
Event: 112.933 GC heap after
Heap after GC invocations=49 (full 0):
 PSYoungGen      total 591872K, used 3695K [0x000000076b500000, 0x000000078ff00000, 0x00000007c0000000)
  eden space 583680K, 0% used [0x000000076b500000,0x000000076b500000,0x000000078ef00000)
  from space 8192K, 45% used [0x000000078ef00000,0x000000078f29bfe8,0x000000078f700000)
  to   space 8192K, 0% used [0x000000078f700000,0x000000078f700000,0x000000078ff00000)
 ParOldGen       total 175104K, used 141673K [0x00000006c1e00000, 0x00000006cc900000, 0x000000076b500000)
  object space 175104K, 80% used [0x00000006c1e00000,0x00000006ca85a788,0x00000006cc900000)
 Metaspace       used 14514K, capacity 14752K, committed 14976K, reserved 1062912K
  class space    used 1769K, capacity 1841K, committed 1920K, reserved 1048576K
}
Event: 112.987 GC heap before
{Heap before GC invocations=50 (full 0):
 PSYoungGen      total 591872K, used 587375K [0x000000076b500000, 0x000000078ff00000, 0x00000007c0000000)
  eden space 583680K, 100% used [0x000000076b500000,0x000000078ef00000,0x000000078ef00000)
  from space 8192K, 45% used [0x000000078ef00000,0x000000078f29bfe8,0x000000078f700000)
  to   space 8192K, 0% used [0x000000078f700000,0x000000078f700000,0x000000078ff00000)
 ParOldGen       total 175104K, used 141673K [0x00000006c1e00000, 0x00000006cc900000, 0x000000076b500000)
  object space 175104K, 80% used [0x00000006c1e00000,0x00000006ca85a788,0x00000006cc900000)
 Metaspace       used 14514K, capacity 14752K, committed 14976K, reserved 1062912K
  class space    used 1769K, capacity 1841K, committed 1920K, reserved 1048576K
Event: 112.991 GC heap after
Heap after GC invocations=50 (full 0):
 PSYoungGen      total 591872K, used 2087K [0x000000076b500000, 0x000000078ff00000, 0x00000007c0000000)
  eden space 583680K, 0% used [0x000000076b500000,0x000000076b500000,0x000000078ef00000)
  from space 8192K, 25% used [0x000000078f700000,0x000000078f909e60,0x000000078ff00000)
  to   space 8192K, 0% used [0x000000078ef00000,0x000000078ef00000,0x000000078f700000)
 ParOldGen       total 175104K, used 145079K [0x00000006c1e00000, 0x00000006cc900000, 0x000000076b500000)
  object space 175104K, 82% used [0x00000006c1e00000,0x00000006cabadd00,0x00000006cc900000)
 Metaspace       used 14514K, capacity 14752K, committed 14976K, reserved 1062912K
  class space    used 1769K, capacity 1841K, committed 1920K, reserved 1048576K
}
Event: 113.040 GC heap before
{Heap before GC invocations=51 (full 0):
 PSYoungGen      total 591872K, used 585767K [0x000000076b500000, 0x000000078ff00000, 0x00000007c0000000)
  eden space 583680K, 100% used [0x000000076b500000,0x000000078ef00000,0x000000078ef00000)
  from space 8192K, 25% used [0x000000078f700000,0x000000078f909e60,0x000000078ff00000)
  to   space 8192K, 0% used [0x000000078ef00000,0x000000078ef00000,0x000000078f700000)
 ParOldGen       total 175104K, used 145079K [0x00000006c1e00000, 0x00000006cc900000, 0x000000076b500000)
  object space 175104K, 82% used [0x00000006c1e00000,0x00000006cabadd00,0x00000006cc900000)
 Metaspace       used 14514K, capacity 14752K, committed 14976K, reserved 1062912K
  class space    used 1769K, capacity 1841K, committed 1920K, reserved 1048576K
Event: 113.042 GC heap after
Heap after GC invocations=51 (full 0):
 PSYoungGen      total 591872K, used 1441K [0x000000076b500000, 0x000000078ff00000, 0x00000007c0000000)
  eden space 583680K, 0% used [0x000000076b500000,0x000000076b500000,0x000000078ef00000)
  from space 8192K, 17% used [0x000000078ef00000,0x000000078f0687b8,0x000000078f700000)
  to   space 8192K, 0% used [0x000000078f700000,0x000000078f700000,0x000000078ff00000)
 ParOldGen       total 175104K, used 146847K [0x00000006c1e00000, 0x00000006cc900000, 0x000000076b500000)
  object space 175104K, 83% used [0x00000006c1e00000,0x00000006cad67d00,0x00000006cc900000)
 Metaspace       used 14514K, capacity 14752K, committed 14976K, reserved 1062912K
  class space    used 1769K, capacity 1841K, committed 1920K, reserved 1048576K
}

