# JRE version: Java(TM) SE Runtime Environment (8.0_161-b12) (build 1.8.0_161-b12)
# Java VM: Java HotSpot(TM) 64-Bit Server VM (25.161-b12 mixed mode windows-amd64 compressed oops)
Heap:
 PSYoungGen      total 198144K, used 98193K [0x000000076b500000, 0x0000000778780000, 0x00000007c0000000)
  eden space 180736K, 50% used [0x000000076b500000,0x0000000770db4510,0x0000000776580000)
  from space 17408K, 42% used [0x0000000777600000,0x0000000777d30000,0x0000000778700000)
  to   space 16896K, 0% used [0x0000000776580000,0x0000000776580000,0x0000000777600000)
 ParOldGen       total 472576K, used 396669K [0x00000006c1e00000, 0x00000006deb80000, 0x000000076b500000)
  object space 472576K, 83% used [0x00000006c1e00000,0x00000006da15f6e0,0x00000006deb80000)
 Metaspace       used 30282K, capacity 30632K, committed 31104K, reserved 1077248K
  class space    used 4089K, capacity 4214K, committed 4224K, reserved 1048576K
GC Heap History (10 events):
Event: 5221.362 GC heap before
{Heap before GC invocations=13711 (full 23):
 PSYoungGen      total 175616K, used 175424K [0x000000076b500000, 0x0000000777400000, 0x00000007c0000000)
  eden space 164864K, 100% used [0x000000076b500000,0x0000000775600000,0x0000000775600000)
  from space 10752K, 98% used [0x0000000775b00000,0x0000000776550000,0x0000000776580000)
  to   space 14848K, 0% used [0x0000000776580000,0x0000000776580000,0x0000000777400000)
 ParOldGen       total 472576K, used 396637K [0x00000006c1e00000, 0x00000006deb80000, 0x000000076b500000)
  object space 472576K, 83% used [0x00000006c1e00000,0x00000006da1576e0,0x00000006deb80000)
 Metaspace       used 30282K, capacity 30632K, committed 31104K, reserved 1077248K
  class space    used 4089K, capacity 4214K, committed 4224K, reserved 1048576K
Event: 5221.365 GC heap after
Heap after GC invocations=13711 (full 23):
 PSYoungGen      total 169472K, used 7808K [0x000000076b500000, 0x0000000776e80000, 0x00000007c0000000)
  eden space 160256K, 0% used [0x000000076b500000,0x000000076b500000,0x0000000775180000)
  from space 9216K, 84% used [0x0000000776580000,0x0000000776d20000,0x0000000776e80000)
  to   space 14848K, 0% used [0x0000000775180000,0x0000000775180000,0x0000000776000000)
 ParOldGen       total 472576K, used 396653K [0x00000006c1e00000, 0x00000006deb80000, 0x000000076b500000)
  object space 472576K, 83% used [0x00000006c1e00000,0x00000006da15b6e0,0x00000006deb80000)
 Metaspace       used 30282K, capacity 30632K, committed 31104K, reserved 1077248K
  class space    used 4089K, capacity 4214K, committed 4224K, reserved 1048576K
}
Event: 5221.672 GC heap before
{Heap before GC invocations=13712 (full 23):
 PSYoungGen      total 169472K, used 168064K [0x000000076b500000, 0x0000000776e80000, 0x00000007c0000000)
  eden space 160256K, 100% used [0x000000076b500000,0x0000000775180000,0x0000000775180000)
  from space 9216K, 84% used [0x0000000776580000,0x0000000776d20000,0x0000000776e80000)
  to   space 14848K, 0% used [0x0000000775180000,0x0000000775180000,0x0000000776000000)
 ParOldGen       total 472576K, used 396653K [0x00000006c1e00000, 0x00000006deb80000, 0x000000076b500000)
  object space 472576K, 83% used [0x00000006c1e00000,0x00000006da15b6e0,0x00000006deb80000)
 Metaspace       used 30282K, capacity 30632K, committed 31104K, reserved 1077248K
  class space    used 4089K, capacity 4214K, committed 4224K, reserved 1048576K
Event: 5221.675 GC heap after
Heap after GC invocations=13712 (full 23):
 PSYoungGen      total 163840K, used 7872K [0x000000076b500000, 0x0000000776900000, 0x00000007c0000000)
  eden space 155648K, 0% used [0x000000076b500000,0x000000076b500000,0x0000000774d00000)
  from space 8192K, 96% used [0x0000000775180000,0x0000000775930000,0x0000000775980000)
  to   space 14336K, 0% used [0x0000000775b00000,0x0000000775b00000,0x0000000776900000)
 ParOldGen       total 472576K, used 396653K [0x00000006c1e00000, 0x00000006deb80000, 0x000000076b500000)
  object space 472576K, 83% used [0x00000006c1e00000,0x00000006da15b6e0,0x00000006deb80000)
 Metaspace       used 30282K, capacity 30632K, committed 31104K, reserved 1077248K
  class space    used 4089K, capacity 4214K, committed 4224K, reserved 1048576K
}
Event: 5221.972 GC heap before
{Heap before GC invocations=13713 (full 23):
 PSYoungGen      total 163840K, used 163520K [0x000000076b500000, 0x0000000776900000, 0x00000007c0000000)
  eden space 155648K, 100% used [0x000000076b500000,0x0000000774d00000,0x0000000774d00000)
  from space 8192K, 96% used [0x0000000775180000,0x0000000775930000,0x0000000775980000)
  to   space 14336K, 0% used [0x0000000775b00000,0x0000000775b00000,0x0000000776900000)
 ParOldGen       total 472576K, used 396653K [0x00000006c1e00000, 0x00000006deb80000, 0x000000076b500000)
  object space 472576K, 83% used [0x00000006c1e00000,0x00000006da15b6e0,0x00000006deb80000)
 Metaspace       used 30282K, capacity 30632K, committed 31104K, reserved 1077248K
  class space    used 4089K, capacity 4214K, committed 4224K, reserved 1048576K
Event: 5221.976 GC heap after
Heap after GC invocations=13713 (full 23):
 PSYoungGen      total 163840K, used 12800K [0x000000076b500000, 0x0000000776780000, 0x00000007c0000000)
  eden space 151040K, 0% used [0x000000076b500000,0x000000076b500000,0x0000000774880000)
  from space 12800K, 100% used [0x0000000775b00000,0x0000000776780000,0x0000000776780000)
  to   space 15360K, 0% used [0x0000000774980000,0x0000000774980000,0x0000000775880000)
 ParOldGen       total 472576K, used 396653K [0x00000006c1e00000, 0x00000006deb80000, 0x000000076b500000)
  object space 472576K, 83% used [0x00000006c1e00000,0x00000006da15b6e0,0x00000006deb80000)
 Metaspace       used 30282K, capacity 30632K, committed 31104K, reserved 1077248K
  class space    used 4089K, capacity 4214K, committed 4224K, reserved 1048576K
}
Event: 5222.268 GC heap before
{Heap before GC invocations=13714 (full 23):
 PSYoungGen      total 163840K, used 163840K [0x000000076b500000, 0x0000000776780000, 0x00000007c0000000)
  eden space 151040K, 100% used [0x000000076b500000,0x0000000774880000,0x0000000774880000)
  from space 12800K, 100% used [0x0000000775b00000,0x0000000776780000,0x0000000776780000)
  to   space 15360K, 0% used [0x0000000774980000,0x0000000774980000,0x0000000775880000)
 ParOldGen       total 472576K, used 396653K [0x00000006c1e00000, 0x00000006deb80000, 0x000000076b500000)
  object space 472576K, 83% used [0x00000006c1e00000,0x00000006da15b6e0,0x00000006deb80000)
 Metaspace       used 30282K, capacity 30632K, committed 31104K, reserved 1077248K
  class space    used 4089K, capacity 4214K, committed 4224K, reserved 1048576K
Event: 5222.276 GC heap after
Heap after GC invocations=13714 (full 23):
 PSYoungGen      total 167424K, used 15264K [0x000000076b500000, 0x0000000778700000, 0x00000007c0000000)
  eden space 152064K, 0% used [0x000000076b500000,0x000000076b500000,0x0000000774980000)
  from space 15360K, 99% used [0x0000000774980000,0x0000000775868000,0x0000000775880000)
  to   space 17408K, 0% used [0x0000000777600000,0x0000000777600000,0x0000000778700000)
 ParOldGen       total 472576K, used 396669K [0x00000006c1e00000, 0x00000006deb80000, 0x000000076b500000)
  object space 472576K, 83% used [0x00000006c1e00000,0x00000006da15f6e0,0x00000006deb80000)
 Metaspace       used 30282K, capacity 30632K, committed 31104K, reserved 1077248K
  class space    used 4089K, capacity 4214K, committed 4224K, reserved 1048576K
}
Event: 5222.559 GC heap before
{Heap before GC invocations=13715 (full 23):
 PSYoungGen      total 167424K, used 167328K [0x000000076b500000, 0x0000000778700000, 0x00000007c0000000)
  eden space 152064K, 100% used [0x000000076b500000,0x0000000774980000,0x0000000774980000)
  from space 15360K, 99% used [0x0000000774980000,0x0000000775868000,0x0000000775880000)
  to   space 17408K, 0% used [0x0000000777600000,0x0000000777600000,0x0000000778700000)
 ParOldGen       total 472576K, used 396669K [0x00000006c1e00000, 0x00000006deb80000, 0x000000076b500000)
  object space 472576K, 83% used [0x00000006c1e00000,0x00000006da15f6e0,0x00000006deb80000)
 Metaspace       used 30282K, capacity 30632K, committed 31104K, reserved 1077248K
  class space    used 4089K, capacity 4214K, committed 4224K, reserved 1048576K
Event: 5222.562 GC heap after
Heap after GC invocations=13715 (full 23):
 PSYoungGen      total 198144K, used 7360K [0x000000076b500000, 0x0000000778780000, 0x00000007c0000000)
  eden space 180736K, 0% used [0x000000076b500000,0x000000076b500000,0x0000000776580000)
  from space 17408K, 42% used [0x0000000777600000,0x0000000777d30000,0x0000000778700000)
  to   space 16896K, 0% used [0x0000000776580000,0x0000000776580000,0x0000000777600000)
 ParOldGen       total 472576K, used 396669K [0x00000006c1e00000, 0x00000006deb80000, 0x000000076b500000)
  object space 472576K, 83% used [0x00000006c1e00000,0x00000006da15f6e0,0x00000006deb80000)
 Metaspace       used 30282K, capacity 30632K, committed 31104K, reserved 1077248K
  class space    used 4089K, capacity 4214K, committed 4224K, reserved 1048576K
}

