# JRE version: Java(TM) SE Runtime Environment (8.0_161-b12) (build 1.8.0_161-b12)
# Java VM: Java HotSpot(TM) 64-Bit Server VM (25.161-b12 mixed mode windows-amd64 compressed oops)
Heap:
 PSYoungGen      total 1368064K, used 859978K [0x000000076b500000, 0x00000007c0000000, 0x00000007c0000000)
  eden space 1349632K, 62% used [0x000000076b500000,0x000000079f122a30,0x00000007bdb00000)
  from space 18432K, 64% used [0x00000007bdb00000,0x00000007be6b0000,0x00000007bed00000)
  to   space 18432K, 0% used [0x00000007bee00000,0x00000007bee00000,0x00000007c0000000)
 ParOldGen       total 598528K, used 384753K [0x00000006c1e00000, 0x00000006e6680000, 0x000000076b500000)
  object space 598528K, 64% used [0x00000006c1e00000,0x00000006d95bc700,0x00000006e6680000)
 Metaspace       used 29656K, capacity 30016K, committed 30336K, reserved 1075200K
  class space    used 3830K, capacity 3907K, committed 3968K, reserved 1048576K
GC Heap History (10 events):
Event: 336.610 GC heap before
{Heap before GC invocations=145 (full 4):
 PSYoungGen      total 1367552K, used 1366112K [0x000000076b500000, 0x00000007c0000000, 0x00000007c0000000)
  eden space 1350656K, 100% used [0x000000076b500000,0x00000007bdc00000,0x00000007bdc00000)
  from space 16896K, 91% used [0x00000007bef80000,0x00000007bfe98000,0x00000007c0000000)
  to   space 18432K, 0% used [0x00000007bdc00000,0x00000007bdc00000,0x00000007bee00000)
 ParOldGen       total 598528K, used 384753K [0x00000006c1e00000, 0x00000006e6680000, 0x000000076b500000)
  object space 598528K, 64% used [0x00000006c1e00000,0x00000006d95bc700,0x00000006e6680000)
 Metaspace       used 29656K, capacity 30016K, committed 30336K, reserved 1075200K
  class space    used 3830K, capacity 3907K, committed 3968K, reserved 1048576K
Event: 336.613 GC heap after
Heap after GC invocations=145 (full 4):
 PSYoungGen      total 1351680K, used 928K [0x000000076b500000, 0x00000007c0000000, 0x00000007c0000000)
  eden space 1350656K, 0% used [0x000000076b500000,0x000000076b500000,0x00000007bdc00000)
  from space 1024K, 90% used [0x00000007bdc00000,0x00000007bdce8000,0x00000007bdd00000)
  to   space 18944K, 0% used [0x00000007bed80000,0x00000007bed80000,0x00000007c0000000)
 ParOldGen       total 598528K, used 384753K [0x00000006c1e00000, 0x00000006e6680000, 0x000000076b500000)
  object space 598528K, 64% used [0x00000006c1e00000,0x00000006d95bc700,0x00000006e6680000)
 Metaspace       used 29656K, capacity 30016K, committed 30336K, reserved 1075200K
  class space    used 3830K, capacity 3907K, committed 3968K, reserved 1048576K
}
Event: 340.109 GC heap before
{Heap before GC invocations=146 (full 4):
 PSYoungGen      total 1351680K, used 1351584K [0x000000076b500000, 0x00000007c0000000, 0x00000007c0000000)
  eden space 1350656K, 100% used [0x000000076b500000,0x00000007bdc00000,0x00000007bdc00000)
  from space 1024K, 90% used [0x00000007bdc00000,0x00000007bdce8000,0x00000007bdd00000)
  to   space 18944K, 0% used [0x00000007bed80000,0x00000007bed80000,0x00000007c0000000)
 ParOldGen       total 598528K, used 384753K [0x00000006c1e00000, 0x00000006e6680000, 0x000000076b500000)
  object space 598528K, 64% used [0x00000006c1e00000,0x00000006d95bc700,0x00000006e6680000)
 Metaspace       used 29656K, capacity 30016K, committed 30336K, reserved 1075200K
  class space    used 3830K, capacity 3907K, committed 3968K, reserved 1048576K
Event: 340.113 GC heap after
Heap after GC invocations=146 (full 4):
 PSYoungGen      total 1368576K, used 11808K [0x000000076b500000, 0x00000007c0000000, 0x00000007c0000000)
  eden space 1349632K, 0% used [0x000000076b500000,0x000000076b500000,0x00000007bdb00000)
  from space 18944K, 62% used [0x00000007bed80000,0x00000007bf908000,0x00000007c0000000)
  to   space 18944K, 0% used [0x00000007bdb00000,0x00000007bdb00000,0x00000007bed80000)
 ParOldGen       total 598528K, used 384753K [0x00000006c1e00000, 0x00000006e6680000, 0x000000076b500000)
  object space 598528K, 64% used [0x00000006c1e00000,0x00000006d95bc700,0x00000006e6680000)
 Metaspace       used 29656K, capacity 30016K, committed 30336K, reserved 1075200K
  class space    used 3830K, capacity 3907K, committed 3968K, reserved 1048576K
}
Event: 343.675 GC heap before
{Heap before GC invocations=147 (full 4):
 PSYoungGen      total 1368576K, used 1361440K [0x000000076b500000, 0x00000007c0000000, 0x00000007c0000000)
  eden space 1349632K, 100% used [0x000000076b500000,0x00000007bdb00000,0x00000007bdb00000)
  from space 18944K, 62% used [0x00000007bed80000,0x00000007bf908000,0x00000007c0000000)
  to   space 18944K, 0% used [0x00000007bdb00000,0x00000007bdb00000,0x00000007bed80000)
 ParOldGen       total 598528K, used 384753K [0x00000006c1e00000, 0x00000006e6680000, 0x000000076b500000)
  object space 598528K, 64% used [0x00000006c1e00000,0x00000006d95bc700,0x00000006e6680000)
 Metaspace       used 29656K, capacity 30016K, committed 30336K, reserved 1075200K
  class space    used 3830K, capacity 3907K, committed 3968K, reserved 1048576K
Event: 343.679 GC heap after
Heap after GC invocations=147 (full 4):
 PSYoungGen      total 1368576K, used 11744K [0x000000076b500000, 0x00000007c0000000, 0x00000007c0000000)
  eden space 1349632K, 0% used [0x000000076b500000,0x000000076b500000,0x00000007bdb00000)
  from space 18944K, 61% used [0x00000007bdb00000,0x00000007be678000,0x00000007bed80000)
  to   space 18944K, 0% used [0x00000007bed80000,0x00000007bed80000,0x00000007c0000000)
 ParOldGen       total 598528K, used 384753K [0x00000006c1e00000, 0x00000006e6680000, 0x000000076b500000)
  object space 598528K, 64% used [0x00000006c1e00000,0x00000006d95bc700,0x00000006e6680000)
 Metaspace       used 29656K, capacity 30016K, committed 30336K, reserved 1075200K
  class space    used 3830K, capacity 3907K, committed 3968K, reserved 1048576K
}
Event: 347.281 GC heap before
{Heap before GC invocations=148 (full 4):
 PSYoungGen      total 1368576K, used 1361376K [0x000000076b500000, 0x00000007c0000000, 0x00000007c0000000)
  eden space 1349632K, 100% used [0x000000076b500000,0x00000007bdb00000,0x00000007bdb00000)
  from space 18944K, 61% used [0x00000007bdb00000,0x00000007be678000,0x00000007bed80000)
  to   space 18944K, 0% used [0x00000007bed80000,0x00000007bed80000,0x00000007c0000000)
 ParOldGen       total 598528K, used 384753K [0x00000006c1e00000, 0x00000006e6680000, 0x000000076b500000)
  object space 598528K, 64% used [0x00000006c1e00000,0x00000006d95bc700,0x00000006e6680000)
 Metaspace       used 29656K, capacity 30016K, committed 30336K, reserved 1075200K
  class space    used 3830K, capacity 3907K, committed 3968K, reserved 1048576K
Event: 347.285 GC heap after
Heap after GC invocations=148 (full 4):
 PSYoungGen      total 1367552K, used 5952K [0x000000076b500000, 0x00000007bff00000, 0x00000007c0000000)
  eden space 1349632K, 0% used [0x000000076b500000,0x000000076b500000,0x00000007bdb00000)
  from space 17920K, 33% used [0x00000007bed80000,0x00000007bf350000,0x00000007bff00000)
  to   space 18432K, 0% used [0x00000007bdb00000,0x00000007bdb00000,0x00000007bed00000)
 ParOldGen       total 598528K, used 384753K [0x00000006c1e00000, 0x00000006e6680000, 0x000000076b500000)
  object space 598528K, 64% used [0x00000006c1e00000,0x00000006d95bc700,0x00000006e6680000)
 Metaspace       used 29656K, capacity 30016K, committed 30336K, reserved 1075200K
  class space    used 3830K, capacity 3907K, committed 3968K, reserved 1048576K
}
Event: 350.643 GC heap before
{Heap before GC invocations=149 (full 4):
 PSYoungGen      total 1367552K, used 1355584K [0x000000076b500000, 0x00000007bff00000, 0x00000007c0000000)
  eden space 1349632K, 100% used [0x000000076b500000,0x00000007bdb00000,0x00000007bdb00000)
  from space 17920K, 33% used [0x00000007bed80000,0x00000007bf350000,0x00000007bff00000)
  to   space 18432K, 0% used [0x00000007bdb00000,0x00000007bdb00000,0x00000007bed00000)
 ParOldGen       total 598528K, used 384753K [0x00000006c1e00000, 0x00000006e6680000, 0x000000076b500000)
  object space 598528K, 64% used [0x00000006c1e00000,0x00000006d95bc700,0x00000006e6680000)
 Metaspace       used 29656K, capacity 30016K, committed 30336K, reserved 1075200K
  class space    used 3830K, capacity 3907K, committed 3968K, reserved 1048576K
Event: 350.647 GC heap after
Heap after GC invocations=149 (full 4):
 PSYoungGen      total 1368064K, used 11968K [0x000000076b500000, 0x00000007c0000000, 0x00000007c0000000)
  eden space 1349632K, 0% used [0x000000076b500000,0x000000076b500000,0x00000007bdb00000)
  from space 18432K, 64% used [0x00000007bdb00000,0x00000007be6b0000,0x00000007bed00000)
  to   space 18432K, 0% used [0x00000007bee00000,0x00000007bee00000,0x00000007c0000000)
 ParOldGen       total 598528K, used 384753K [0x00000006c1e00000, 0x00000006e6680000, 0x000000076b500000)
  object space 598528K, 64% used [0x00000006c1e00000,0x00000006d95bc700,0x00000006e6680000)
 Metaspace       used 29656K, capacity 30016K, committed 30336K, reserved 1075200K
  class space    used 3830K, capacity 3907K, committed 3968K, reserved 1048576K
}

