# JRE version: Java(TM) SE Runtime Environment (8.0_161-b12) (build 1.8.0_161-b12)
# Java VM: Java HotSpot(TM) 64-Bit Server VM (25.161-b12 mixed mode windows-amd64 compressed oops)
Heap:
 PSYoungGen      total 1258496K, used 855354K [0x000000076b500000, 0x00000007b9f80000, 0x00000007c0000000)
  eden space 1232384K, 68% used [0x000000076b500000,0x000000079ee59548,0x00000007b6880000)
  from space 26112K, 39% used [0x00000007b8600000,0x00000007b8ff5368,0x00000007b9f80000)
  to   space 28160K, 0% used [0x00000007b6880000,0x00000007b6880000,0x00000007b8400000)
 ParOldGen       total 532992K, used 380762K [0x00000006c1e00000, 0x00000006e2680000, 0x000000076b500000)
  object space 532992K, 71% used [0x00000006c1e00000,0x00000006d91d6ac8,0x00000006e2680000)
 Metaspace       used 28079K, capacity 28448K, committed 28672K, reserved 1075200K
  class space    used 3652K, capacity 3772K, committed 3840K, reserved 1048576K
GC Heap History (10 events):
Event: 154.254 GC heap before
{Heap before GC invocations=94 (full 4):
 PSYoungGen      total 1237504K, used 1237480K [0x000000076b500000, 0x00000007ba680000, 0x00000007c0000000)
  eden space 1227776K, 100% used [0x000000076b500000,0x00000007b6400000,0x00000007b6400000)
  from space 9728K, 99% used [0x00000007b6400000,0x00000007b6d7a2b8,0x00000007b6d80000)
  to   space 33280K, 0% used [0x00000007b8600000,0x00000007b8600000,0x00000007ba680000)
 ParOldGen       total 532992K, used 380706K [0x00000006c1e00000, 0x00000006e2680000, 0x000000076b500000)
  object space 532992K, 71% used [0x00000006c1e00000,0x00000006d91c8ac8,0x00000006e2680000)
 Metaspace       used 27984K, capacity 28384K, committed 28672K, reserved 1075200K
  class space    used 3652K, capacity 3772K, committed 3840K, reserved 1048576K
Event: 154.256 GC heap after
Heap after GC invocations=94 (full 4):
 PSYoungGen      total 1261568K, used 2666K [0x000000076b500000, 0x00000007ba580000, 0x00000007c0000000)
  eden space 1229312K, 0% used [0x000000076b500000,0x000000076b500000,0x00000007b6580000)
  from space 32256K, 8% used [0x00000007b8600000,0x00000007b889aa70,0x00000007ba580000)
  to   space 32768K, 0% used [0x00000007b6580000,0x00000007b6580000,0x00000007b8580000)
 ParOldGen       total 532992K, used 380714K [0x00000006c1e00000, 0x00000006e2680000, 0x000000076b500000)
  object space 532992K, 71% used [0x00000006c1e00000,0x00000006d91caac8,0x00000006e2680000)
 Metaspace       used 27984K, capacity 28384K, committed 28672K, reserved 1075200K
  class space    used 3652K, capacity 3772K, committed 3840K, reserved 1048576K
}
Event: 156.435 GC heap before
{Heap before GC invocations=95 (full 4):
 PSYoungGen      total 1261568K, used 1231978K [0x000000076b500000, 0x00000007ba580000, 0x00000007c0000000)
  eden space 1229312K, 100% used [0x000000076b500000,0x00000007b6580000,0x00000007b6580000)
  from space 32256K, 8% used [0x00000007b8600000,0x00000007b889aa70,0x00000007ba580000)
  to   space 32768K, 0% used [0x00000007b6580000,0x00000007b6580000,0x00000007b8580000)
 ParOldGen       total 532992K, used 380714K [0x00000006c1e00000, 0x00000006e2680000, 0x000000076b500000)
  object space 532992K, 71% used [0x00000006c1e00000,0x00000006d91caac8,0x00000006e2680000)
 Metaspace       used 28066K, capacity 28448K, committed 28672K, reserved 1075200K
  class space    used 3652K, capacity 3772K, committed 3840K, reserved 1048576K
Event: 156.437 GC heap after
Heap after GC invocations=95 (full 4):
 PSYoungGen      total 1262080K, used 5501K [0x000000076b500000, 0x00000007ba400000, 0x00000007c0000000)
  eden space 1229312K, 0% used [0x000000076b500000,0x000000076b500000,0x00000007b6580000)
  from space 32768K, 16% used [0x00000007b6580000,0x00000007b6adf658,0x00000007b8580000)
  to   space 31232K, 0% used [0x00000007b8580000,0x00000007b8580000,0x00000007ba400000)
 ParOldGen       total 532992K, used 380738K [0x00000006c1e00000, 0x00000006e2680000, 0x000000076b500000)
  object space 532992K, 71% used [0x00000006c1e00000,0x00000006d91d0ac8,0x00000006e2680000)
 Metaspace       used 28066K, capacity 28448K, committed 28672K, reserved 1075200K
  class space    used 3652K, capacity 3772K, committed 3840K, reserved 1048576K
}
Event: 158.704 GC heap before
{Heap before GC invocations=96 (full 4):
 PSYoungGen      total 1262080K, used 1234813K [0x000000076b500000, 0x00000007ba400000, 0x00000007c0000000)
  eden space 1229312K, 100% used [0x000000076b500000,0x00000007b6580000,0x00000007b6580000)
  from space 32768K, 16% used [0x00000007b6580000,0x00000007b6adf658,0x00000007b8580000)
  to   space 31232K, 0% used [0x00000007b8580000,0x00000007b8580000,0x00000007ba400000)
 ParOldGen       total 532992K, used 380738K [0x00000006c1e00000, 0x00000006e2680000, 0x000000076b500000)
  object space 532992K, 71% used [0x00000006c1e00000,0x00000006d91d0ac8,0x00000006e2680000)
 Metaspace       used 28071K, capacity 28448K, committed 28672K, reserved 1075200K
  class space    used 3652K, capacity 3772K, committed 3840K, reserved 1048576K
Event: 158.707 GC heap after
Heap after GC invocations=96 (full 4):
 PSYoungGen      total 1257984K, used 9949K [0x000000076b500000, 0x00000007ba000000, 0x00000007c0000000)
  eden space 1230848K, 0% used [0x000000076b500000,0x000000076b500000,0x00000007b6700000)
  from space 27136K, 36% used [0x00000007b8580000,0x00000007b8f37658,0x00000007ba000000)
  to   space 29184K, 0% used [0x00000007b6700000,0x00000007b6700000,0x00000007b8380000)
 ParOldGen       total 532992K, used 380746K [0x00000006c1e00000, 0x00000006e2680000, 0x000000076b500000)
  object space 532992K, 71% used [0x00000006c1e00000,0x00000006d91d2ac8,0x00000006e2680000)
 Metaspace       used 28071K, capacity 28448K, committed 28672K, reserved 1075200K
  class space    used 3652K, capacity 3772K, committed 3840K, reserved 1048576K
}
Event: 160.806 GC heap before
{Heap before GC invocations=97 (full 4):
 PSYoungGen      total 1257984K, used 1240797K [0x000000076b500000, 0x00000007ba000000, 0x00000007c0000000)
  eden space 1230848K, 100% used [0x000000076b500000,0x00000007b6700000,0x00000007b6700000)
  from space 27136K, 36% used [0x00000007b8580000,0x00000007b8f37658,0x00000007ba000000)
  to   space 29184K, 0% used [0x00000007b6700000,0x00000007b6700000,0x00000007b8380000)
 ParOldGen       total 532992K, used 380746K [0x00000006c1e00000, 0x00000006e2680000, 0x000000076b500000)
  object space 532992K, 71% used [0x00000006c1e00000,0x00000006d91d2ac8,0x00000006e2680000)
 Metaspace       used 28071K, capacity 28448K, committed 28672K, reserved 1075200K
  class space    used 3652K, capacity 3772K, committed 3840K, reserved 1048576K
Event: 160.809 GC heap after
Heap after GC invocations=97 (full 4):
 PSYoungGen      total 1260032K, used 17556K [0x000000076b500000, 0x00000007ba380000, 0x00000007c0000000)
  eden space 1230848K, 0% used [0x000000076b500000,0x000000076b500000,0x00000007b6700000)
  from space 29184K, 60% used [0x00000007b6700000,0x00000007b7825368,0x00000007b8380000)
  to   space 30208K, 0% used [0x00000007b8600000,0x00000007b8600000,0x00000007ba380000)
 ParOldGen       total 532992K, used 380754K [0x00000006c1e00000, 0x00000006e2680000, 0x000000076b500000)
  object space 532992K, 71% used [0x00000006c1e00000,0x00000006d91d4ac8,0x00000006e2680000)
 Metaspace       used 28071K, capacity 28448K, committed 28672K, reserved 1075200K
  class space    used 3652K, capacity 3772K, committed 3840K, reserved 1048576K
}
Event: 163.021 GC heap before
{Heap before GC invocations=98 (full 4):
 PSYoungGen      total 1260032K, used 1248404K [0x000000076b500000, 0x00000007ba380000, 0x00000007c0000000)
  eden space 1230848K, 100% used [0x000000076b500000,0x00000007b6700000,0x00000007b6700000)
  from space 29184K, 60% used [0x00000007b6700000,0x00000007b7825368,0x00000007b8380000)
  to   space 30208K, 0% used [0x00000007b8600000,0x00000007b8600000,0x00000007ba380000)
 ParOldGen       total 532992K, used 380754K [0x00000006c1e00000, 0x00000006e2680000, 0x000000076b500000)
  object space 532992K, 71% used [0x00000006c1e00000,0x00000006d91d4ac8,0x00000006e2680000)
 Metaspace       used 28079K, capacity 28448K, committed 28672K, reserved 1075200K
  class space    used 3652K, capacity 3772K, committed 3840K, reserved 1048576K
Event: 163.024 GC heap after
Heap after GC invocations=98 (full 4):
 PSYoungGen      total 1258496K, used 10196K [0x000000076b500000, 0x00000007b9f80000, 0x00000007c0000000)
  eden space 1232384K, 0% used [0x000000076b500000,0x000000076b500000,0x00000007b6880000)
  from space 26112K, 39% used [0x00000007b8600000,0x00000007b8ff5368,0x00000007b9f80000)
  to   space 28160K, 0% used [0x00000007b6880000,0x00000007b6880000,0x00000007b8400000)
 ParOldGen       total 532992K, used 380762K [0x00000006c1e00000, 0x00000006e2680000, 0x000000076b500000)
  object space 532992K, 71% used [0x00000006c1e00000,0x00000006d91d6ac8,0x00000006e2680000)
 Metaspace       used 28079K, capacity 28448K, committed 28672K, reserved 1075200K
  class space    used 3652K, capacity 3772K, committed 3840K, reserved 1048576K
}

