# JRE version: Java(TM) SE Runtime Environment (8.0_161-b12) (build 1.8.0_161-b12)
# Java VM: Java HotSpot(TM) 64-Bit Server VM (25.161-b12 mixed mode windows-amd64 compressed oops)
Heap:
 PSYoungGen      total 1298432K, used 287158K [0x000000076b500000, 0x00000007bfa00000, 0x00000007c0000000)
  eden space 1218560K, 22% used [0x000000076b500000,0x000000077c22b5e0,0x00000007b5b00000)
  from space 79872K, 14% used [0x00000007b5b00000,0x00000007b6642568,0x00000007ba900000)
  to   space 77824K, 0% used [0x00000007bae00000,0x00000007bae00000,0x00000007bfa00000)
 ParOldGen       total 446464K, used 327624K [0x00000006c1e00000, 0x00000006dd200000, 0x000000076b500000)
  object space 446464K, 73% used [0x00000006c1e00000,0x00000006d5df2078,0x00000006dd200000)
 Metaspace       used 30896K, capacity 31214K, committed 31616K, reserved 1077248K
  class space    used 3863K, capacity 3940K, committed 3968K, reserved 1048576K
GC Heap History (10 events):
Event: 80.636 GC heap before
{Heap before GC invocations=102 (full 3):
 PSYoungGen      total 1299968K, used 1227290K [0x000000076b500000, 0x00000007c0000000, 0x00000007c0000000)
  eden space 1211904K, 100% used [0x000000076b500000,0x00000007b5480000,0x00000007b5480000)
  from space 88064K, 17% used [0x00000007baa00000,0x00000007bb906998,0x00000007c0000000)
  to   space 87552K, 0% used [0x00000007b5480000,0x00000007b5480000,0x00000007baa00000)
 ParOldGen       total 446464K, used 326848K [0x00000006c1e00000, 0x00000006dd200000, 0x000000076b500000)
  object space 446464K, 73% used [0x00000006c1e00000,0x00000006d5d30170,0x00000006dd200000)
 Metaspace       used 30882K, capacity 31214K, committed 31616K, reserved 1077248K
  class space    used 3863K, capacity 3940K, committed 3968K, reserved 1048576K
Event: 80.640 GC heap after
Heap after GC invocations=102 (full 3):
 PSYoungGen      total 1227776K, used 15688K [0x000000076b500000, 0x00000007bfc80000, 0x00000007c0000000)
  eden space 1211904K, 0% used [0x000000076b500000,0x000000076b500000,0x00000007b5480000)
  from space 15872K, 98% used [0x00000007b5480000,0x00000007b63d2388,0x00000007b6400000)
  to   space 86016K, 0% used [0x00000007ba880000,0x00000007ba880000,0x00000007bfc80000)
 ParOldGen       total 446464K, used 327496K [0x00000006c1e00000, 0x00000006dd200000, 0x000000076b500000)
  object space 446464K, 73% used [0x00000006c1e00000,0x00000006d5dd2078,0x00000006dd200000)
 Metaspace       used 30882K, capacity 31214K, committed 31616K, reserved 1077248K
  class space    used 3863K, capacity 3940K, committed 3968K, reserved 1048576K
}
Event: 81.913 GC heap before
{Heap before GC invocations=103 (full 3):
 PSYoungGen      total 1227776K, used 1227592K [0x000000076b500000, 0x00000007bfc80000, 0x00000007c0000000)
  eden space 1211904K, 100% used [0x000000076b500000,0x00000007b5480000,0x00000007b5480000)
  from space 15872K, 98% used [0x00000007b5480000,0x00000007b63d2388,0x00000007b6400000)
  to   space 86016K, 0% used [0x00000007ba880000,0x00000007ba880000,0x00000007bfc80000)
 ParOldGen       total 446464K, used 327496K [0x00000006c1e00000, 0x00000006dd200000, 0x000000076b500000)
  object space 446464K, 73% used [0x00000006c1e00000,0x00000006d5dd2078,0x00000006dd200000)
 Metaspace       used 30893K, capacity 31214K, committed 31616K, reserved 1077248K
  class space    used 3863K, capacity 3940K, committed 3968K, reserved 1048576K
Event: 81.917 GC heap after
Heap after GC invocations=103 (full 3):
 PSYoungGen      total 1298432K, used 6316K [0x000000076b500000, 0x00000007c0000000, 0x00000007c0000000)
  eden space 1212416K, 0% used [0x000000076b500000,0x000000076b500000,0x00000007b5500000)
  from space 86016K, 7% used [0x00000007ba880000,0x00000007baeab198,0x00000007bfc80000)
  to   space 85504K, 0% used [0x00000007b5500000,0x00000007b5500000,0x00000007ba880000)
 ParOldGen       total 446464K, used 327536K [0x00000006c1e00000, 0x00000006dd200000, 0x000000076b500000)
  object space 446464K, 73% used [0x00000006c1e00000,0x00000006d5ddc078,0x00000006dd200000)
 Metaspace       used 30893K, capacity 31214K, committed 31616K, reserved 1077248K
  class space    used 3863K, capacity 3940K, committed 3968K, reserved 1048576K
}
Event: 83.184 GC heap before
{Heap before GC invocations=104 (full 3):
 PSYoungGen      total 1298432K, used 1218732K [0x000000076b500000, 0x00000007c0000000, 0x00000007c0000000)
  eden space 1212416K, 100% used [0x000000076b500000,0x00000007b5500000,0x00000007b5500000)
  from space 86016K, 7% used [0x00000007ba880000,0x00000007baeab198,0x00000007bfc80000)
  to   space 85504K, 0% used [0x00000007b5500000,0x00000007b5500000,0x00000007ba880000)
 ParOldGen       total 446464K, used 327536K [0x00000006c1e00000, 0x00000006dd200000, 0x000000076b500000)
  object space 446464K, 73% used [0x00000006c1e00000,0x00000006d5ddc078,0x00000006dd200000)
 Metaspace       used 30894K, capacity 31214K, committed 31616K, reserved 1077248K
  class space    used 3863K, capacity 3940K, committed 3968K, reserved 1048576K
Event: 83.189 GC heap after
Heap after GC invocations=104 (full 3):
 PSYoungGen      total 1297920K, used 20567K [0x000000076b500000, 0x00000007bf980000, 0x00000007c0000000)
  eden space 1212416K, 0% used [0x000000076b500000,0x000000076b500000,0x00000007b5500000)
  from space 85504K, 24% used [0x00000007b5500000,0x00000007b6915cb0,0x00000007ba880000)
  to   space 82432K, 0% used [0x00000007ba900000,0x00000007ba900000,0x00000007bf980000)
 ParOldGen       total 446464K, used 327560K [0x00000006c1e00000, 0x00000006dd200000, 0x000000076b500000)
  object space 446464K, 73% used [0x00000006c1e00000,0x00000006d5de2078,0x00000006dd200000)
 Metaspace       used 30894K, capacity 31214K, committed 31616K, reserved 1077248K
  class space    used 3863K, capacity 3940K, committed 3968K, reserved 1048576K
}
Event: 84.820 GC heap before
{Heap before GC invocations=105 (full 3):
 PSYoungGen      total 1297920K, used 1232983K [0x000000076b500000, 0x00000007bf980000, 0x00000007c0000000)
  eden space 1212416K, 100% used [0x000000076b500000,0x00000007b5500000,0x00000007b5500000)
  from space 85504K, 24% used [0x00000007b5500000,0x00000007b6915cb0,0x00000007ba880000)
  to   space 82432K, 0% used [0x00000007ba900000,0x00000007ba900000,0x00000007bf980000)
 ParOldGen       total 446464K, used 327560K [0x00000006c1e00000, 0x00000006dd200000, 0x000000076b500000)
  object space 446464K, 73% used [0x00000006c1e00000,0x00000006d5de2078,0x00000006dd200000)
 Metaspace       used 30894K, capacity 31214K, committed 31616K, reserved 1077248K
  class space    used 3863K, capacity 3940K, committed 3968K, reserved 1048576K
Event: 84.823 GC heap after
Heap after GC invocations=105 (full 3):
 PSYoungGen      total 1299456K, used 12786K [0x000000076b500000, 0x00000007bf800000, 0x00000007c0000000)
  eden space 1218560K, 0% used [0x000000076b500000,0x000000076b500000,0x00000007b5b00000)
  from space 80896K, 15% used [0x00000007ba900000,0x00000007bb57c970,0x00000007bf800000)
  to   space 79872K, 0% used [0x00000007b5b00000,0x00000007b5b00000,0x00000007ba900000)
 ParOldGen       total 446464K, used 327616K [0x00000006c1e00000, 0x00000006dd200000, 0x000000076b500000)
  object space 446464K, 73% used [0x00000006c1e00000,0x00000006d5df0078,0x00000006dd200000)
 Metaspace       used 30894K, capacity 31214K, committed 31616K, reserved 1077248K
  class space    used 3863K, capacity 3940K, committed 3968K, reserved 1048576K
}
Event: 85.920 GC heap before
{Heap before GC invocations=106 (full 3):
 PSYoungGen      total 1299456K, used 1231208K [0x000000076b500000, 0x00000007bf800000, 0x00000007c0000000)
  eden space 1218560K, 99% used [0x000000076b500000,0x00000007b5add860,0x00000007b5b00000)
  from space 80896K, 15% used [0x00000007ba900000,0x00000007bb57c970,0x00000007bf800000)
  to   space 79872K, 0% used [0x00000007b5b00000,0x00000007b5b00000,0x00000007ba900000)
 ParOldGen       total 446464K, used 327616K [0x00000006c1e00000, 0x00000006dd200000, 0x000000076b500000)
  object space 446464K, 73% used [0x00000006c1e00000,0x00000006d5df0078,0x00000006dd200000)
 Metaspace       used 30894K, capacity 31214K, committed 31616K, reserved 1077248K
  class space    used 3863K, capacity 3940K, committed 3968K, reserved 1048576K
Event: 85.923 GC heap after
Heap after GC invocations=106 (full 3):
 PSYoungGen      total 1298432K, used 11529K [0x000000076b500000, 0x00000007bfa00000, 0x00000007c0000000)
  eden space 1218560K, 0% used [0x000000076b500000,0x000000076b500000,0x00000007b5b00000)
  from space 79872K, 14% used [0x00000007b5b00000,0x00000007b6642568,0x00000007ba900000)
  to   space 77824K, 0% used [0x00000007bae00000,0x00000007bae00000,0x00000007bfa00000)
 ParOldGen       total 446464K, used 327624K [0x00000006c1e00000, 0x00000006dd200000, 0x000000076b500000)
  object space 446464K, 73% used [0x00000006c1e00000,0x00000006d5df2078,0x00000006dd200000)
 Metaspace       used 30894K, capacity 31214K, committed 31616K, reserved 1077248K
  class space    used 3863K, capacity 3940K, committed 3968K, reserved 1048576K
}

