# JRE version: Java(TM) SE Runtime Environment (8.0_161-b12) (build 1.8.0_161-b12)
# Java VM: Java HotSpot(TM) 64-Bit Server VM (25.161-b12 mixed mode windows-amd64 compressed oops)
Heap:
 PSYoungGen      total 1359872K, used 887210K [0x000000076b500000, 0x00000007c0000000, 0x00000007c0000000)
  eden space 1334784K, 65% used [0x000000076b500000,0x00000007a0530d18,0x00000007bcc80000)
  from space 25088K, 74% used [0x00000007be580000,0x00000007bf7b9e90,0x00000007bfe00000)
  to   space 25600K, 0% used [0x00000007bcc80000,0x00000007bcc80000,0x00000007be580000)
 ParOldGen       total 499200K, used 416606K [0x00000006c1e00000, 0x00000006e0580000, 0x000000076b500000)
  object space 499200K, 83% used [0x00000006c1e00000,0x00000006db4d7a58,0x00000006e0580000)
 Metaspace       used 29564K, capacity 29856K, committed 30080K, reserved 1075200K
  class space    used 3794K, capacity 3900K, committed 3968K, reserved 1048576K
GC Heap History (10 events):
Event: 306.246 GC heap before
{Heap before GC invocations=135 (full 3):
 PSYoungGen      total 1360896K, used 1341045K [0x000000076b500000, 0x00000007c0000000, 0x00000007c0000000)
  eden space 1334272K, 100% used [0x000000076b500000,0x00000007bcc00000,0x00000007bcc00000)
  from space 26624K, 25% used [0x00000007bcc00000,0x00000007bd29d508,0x00000007be600000)
  to   space 26624K, 0% used [0x00000007be600000,0x00000007be600000,0x00000007c0000000)
 ParOldGen       total 499200K, used 411172K [0x00000006c1e00000, 0x00000006e0580000, 0x000000076b500000)
  object space 499200K, 82% used [0x00000006c1e00000,0x00000006daf89260,0x00000006e0580000)
 Metaspace       used 29545K, capacity 29856K, committed 30080K, reserved 1075200K
  class space    used 3794K, capacity 3900K, committed 3968K, reserved 1048576K
Event: 306.250 GC heap after
Heap after GC invocations=135 (full 3):
 PSYoungGen      total 1359872K, used 15685K [0x000000076b500000, 0x00000007bff00000, 0x00000007c0000000)
  eden space 1334272K, 0% used [0x000000076b500000,0x000000076b500000,0x00000007bcc00000)
  from space 25600K, 61% used [0x00000007be600000,0x00000007bf551590,0x00000007bff00000)
  to   space 26112K, 0% used [0x00000007bcc00000,0x00000007bcc00000,0x00000007be580000)
 ParOldGen       total 499200K, used 411188K [0x00000006c1e00000, 0x00000006e0580000, 0x000000076b500000)
  object space 499200K, 82% used [0x00000006c1e00000,0x00000006daf8d260,0x00000006e0580000)
 Metaspace       used 29545K, capacity 29856K, committed 30080K, reserved 1075200K
  class space    used 3794K, capacity 3900K, committed 3968K, reserved 1048576K
}
Event: 308.725 GC heap before
{Heap before GC invocations=136 (full 3):
 PSYoungGen      total 1359872K, used 1349957K [0x000000076b500000, 0x00000007bff00000, 0x00000007c0000000)
  eden space 1334272K, 100% used [0x000000076b500000,0x00000007bcc00000,0x00000007bcc00000)
  from space 25600K, 61% used [0x00000007be600000,0x00000007bf551590,0x00000007bff00000)
  to   space 26112K, 0% used [0x00000007bcc00000,0x00000007bcc00000,0x00000007be580000)
 ParOldGen       total 499200K, used 411188K [0x00000006c1e00000, 0x00000006e0580000, 0x000000076b500000)
  object space 499200K, 82% used [0x00000006c1e00000,0x00000006daf8d260,0x00000006e0580000)
 Metaspace       used 29553K, capacity 29856K, committed 30080K, reserved 1075200K
  class space    used 3794K, capacity 3900K, committed 3968K, reserved 1048576K
Event: 308.729 GC heap after
Heap after GC invocations=136 (full 3):
 PSYoungGen      total 1360384K, used 16533K [0x000000076b500000, 0x00000007c0000000, 0x00000007c0000000)
  eden space 1334272K, 0% used [0x000000076b500000,0x000000076b500000,0x00000007bcc00000)
  from space 26112K, 63% used [0x00000007bcc00000,0x00000007bdc25518,0x00000007be580000)
  to   space 26112K, 0% used [0x00000007be680000,0x00000007be680000,0x00000007c0000000)
 ParOldGen       total 499200K, used 411228K [0x00000006c1e00000, 0x00000006e0580000, 0x000000076b500000)
  object space 499200K, 82% used [0x00000006c1e00000,0x00000006daf97260,0x00000006e0580000)
 Metaspace       used 29553K, capacity 29856K, committed 30080K, reserved 1075200K
  class space    used 3794K, capacity 3900K, committed 3968K, reserved 1048576K
}
Event: 311.045 GC heap before
{Heap before GC invocations=137 (full 3):
 PSYoungGen      total 1360384K, used 1350805K [0x000000076b500000, 0x00000007c0000000, 0x00000007c0000000)
  eden space 1334272K, 100% used [0x000000076b500000,0x00000007bcc00000,0x00000007bcc00000)
  from space 26112K, 63% used [0x00000007bcc00000,0x00000007bdc25518,0x00000007be580000)
  to   space 26112K, 0% used [0x00000007be680000,0x00000007be680000,0x00000007c0000000)
 ParOldGen       total 499200K, used 411228K [0x00000006c1e00000, 0x00000006e0580000, 0x000000076b500000)
  object space 499200K, 82% used [0x00000006c1e00000,0x00000006daf97260,0x00000006e0580000)
 Metaspace       used 29553K, capacity 29856K, committed 30080K, reserved 1075200K
  class space    used 3794K, capacity 3900K, committed 3968K, reserved 1048576K
Event: 311.049 GC heap after
Heap after GC invocations=137 (full 3):
 PSYoungGen      total 1361408K, used 16948K [0x000000076b500000, 0x00000007c0000000, 0x00000007c0000000)
  eden space 1335296K, 0% used [0x000000076b500000,0x000000076b500000,0x00000007bcd00000)
  from space 26112K, 64% used [0x00000007be680000,0x00000007bf70d2b0,0x00000007c0000000)
  to   space 26112K, 0% used [0x00000007bcd00000,0x00000007bcd00000,0x00000007be680000)
 ParOldGen       total 499200K, used 411252K [0x00000006c1e00000, 0x00000006e0580000, 0x000000076b500000)
  object space 499200K, 82% used [0x00000006c1e00000,0x00000006daf9d260,0x00000006e0580000)
 Metaspace       used 29553K, capacity 29856K, committed 30080K, reserved 1075200K
  class space    used 3794K, capacity 3900K, committed 3968K, reserved 1048576K
}
Event: 313.515 GC heap before
{Heap before GC invocations=138 (full 3):
 PSYoungGen      total 1361408K, used 1352244K [0x000000076b500000, 0x00000007c0000000, 0x00000007c0000000)
  eden space 1335296K, 100% used [0x000000076b500000,0x00000007bcd00000,0x00000007bcd00000)
  from space 26112K, 64% used [0x00000007be680000,0x00000007bf70d2b0,0x00000007c0000000)
  to   space 26112K, 0% used [0x00000007bcd00000,0x00000007bcd00000,0x00000007be680000)
 ParOldGen       total 499200K, used 411252K [0x00000006c1e00000, 0x00000006e0580000, 0x000000076b500000)
  object space 499200K, 82% used [0x00000006c1e00000,0x00000006daf9d260,0x00000006e0580000)
 Metaspace       used 29558K, capacity 29856K, committed 30080K, reserved 1075200K
  class space    used 3794K, capacity 3900K, committed 3968K, reserved 1048576K
Event: 313.518 GC heap after
Heap after GC invocations=138 (full 3):
 PSYoungGen      total 1349632K, used 14129K [0x000000076b500000, 0x00000007bfe00000, 0x00000007c0000000)
  eden space 1335296K, 0% used [0x000000076b500000,0x000000076b500000,0x00000007bcd00000)
  from space 14336K, 98% used [0x00000007bcd00000,0x00000007bdacc658,0x00000007bdb00000)
  to   space 25088K, 0% used [0x00000007be580000,0x00000007be580000,0x00000007bfe00000)
 ParOldGen       total 499200K, used 414415K [0x00000006c1e00000, 0x00000006e0580000, 0x000000076b500000)
  object space 499200K, 83% used [0x00000006c1e00000,0x00000006db2b3ca0,0x00000006e0580000)
 Metaspace       used 29558K, capacity 29856K, committed 30080K, reserved 1075200K
  class space    used 3794K, capacity 3900K, committed 3968K, reserved 1048576K
}
Event: 315.720 GC heap before
{Heap before GC invocations=139 (full 3):
 PSYoungGen      total 1349632K, used 1349425K [0x000000076b500000, 0x00000007bfe00000, 0x00000007c0000000)
  eden space 1335296K, 100% used [0x000000076b500000,0x00000007bcd00000,0x00000007bcd00000)
  from space 14336K, 98% used [0x00000007bcd00000,0x00000007bdacc658,0x00000007bdb00000)
  to   space 25088K, 0% used [0x00000007be580000,0x00000007be580000,0x00000007bfe00000)
 ParOldGen       total 499200K, used 414415K [0x00000006c1e00000, 0x00000006e0580000, 0x000000076b500000)
  object space 499200K, 83% used [0x00000006c1e00000,0x00000006db2b3ca0,0x00000006e0580000)
 Metaspace       used 29559K, capacity 29856K, committed 30080K, reserved 1075200K
  class space    used 3794K, capacity 3900K, committed 3968K, reserved 1048576K
Event: 315.726 GC heap after
Heap after GC invocations=139 (full 3):
 PSYoungGen      total 1359872K, used 18663K [0x000000076b500000, 0x00000007c0000000, 0x00000007c0000000)
  eden space 1334784K, 0% used [0x000000076b500000,0x000000076b500000,0x00000007bcc80000)
  from space 25088K, 74% used [0x00000007be580000,0x00000007bf7b9e90,0x00000007bfe00000)
  to   space 25600K, 0% used [0x00000007bcc80000,0x00000007bcc80000,0x00000007be580000)
 ParOldGen       total 499200K, used 416606K [0x00000006c1e00000, 0x00000006e0580000, 0x000000076b500000)
  object space 499200K, 83% used [0x00000006c1e00000,0x00000006db4d7a58,0x00000006e0580000)
 Metaspace       used 29559K, capacity 29856K, committed 30080K, reserved 1075200K
  class space    used 3794K, capacity 3900K, committed 3968K, reserved 1048576K
}

