# JRE version: Java(TM) SE Runtime Environment (8.0_161-b12) (build 1.8.0_161-b12)
# Java VM: Java HotSpot(TM) 64-Bit Server VM (25.161-b12 mixed mode windows-amd64 compressed oops)
Heap:
 PSYoungGen      total 1287168K, used 1233459K [0x000000076b500000, 0x00000007c0000000, 0x00000007c0000000)
  eden space 1191424K, 99% used [0x000000076b500000,0x00000007b351e9e0,0x00000007b4080000)
  from space 95744K, 56% used [0x00000007b4080000,0x00000007b74ee478,0x00000007b9e00000)
  to   space 95232K, 0% used [0x00000007ba300000,0x00000007ba300000,0x00000007c0000000)
 ParOldGen       total 443392K, used 370998K [0x00000006c1e00000, 0x00000006dcf00000, 0x000000076b500000)
  object space 443392K, 83% used [0x00000006c1e00000,0x00000006d884d880,0x00000006dcf00000)
 Metaspace       used 29528K, capacity 29888K, committed 30080K, reserved 1075200K
  class space    used 3798K, capacity 3907K, committed 3968K, reserved 1048576K
GC Heap History (10 events):
Event: 83.879 GC heap before
{Heap before GC invocations=59 (full 4):
 PSYoungGen      total 1243648K, used 1243594K [0x000000076b500000, 0x00000007c0000000, 0x00000007c0000000)
  eden space 1190912K, 100% used [0x000000076b500000,0x00000007b4000000,0x00000007b4000000)
  from space 52736K, 99% used [0x00000007bcc80000,0x00000007bfff2908,0x00000007c0000000)
  to   space 98304K, 0% used [0x00000007b4000000,0x00000007b4000000,0x00000007ba000000)
 ParOldGen       total 443392K, used 370958K [0x00000006c1e00000, 0x00000006dcf00000, 0x000000076b500000)
  object space 443392K, 83% used [0x00000006c1e00000,0x00000006d8843880,0x00000006dcf00000)
 Metaspace       used 29210K, capacity 29536K, committed 29824K, reserved 1075200K
  class space    used 3792K, capacity 3875K, committed 3968K, reserved 1048576K
Event: 83.892 GC heap after
Heap after GC invocations=59 (full 4):
 PSYoungGen      total 1289216K, used 48337K [0x000000076b500000, 0x00000007c0000000, 0x00000007c0000000)
  eden space 1190912K, 0% used [0x000000076b500000,0x000000076b500000,0x00000007b4000000)
  from space 98304K, 49% used [0x00000007b4000000,0x00000007b6f34420,0x00000007ba000000)
  to   space 97280K, 0% used [0x00000007ba100000,0x00000007ba100000,0x00000007c0000000)
 ParOldGen       total 443392K, used 370966K [0x00000006c1e00000, 0x00000006dcf00000, 0x000000076b500000)
  object space 443392K, 83% used [0x00000006c1e00000,0x00000006d8845880,0x00000006dcf00000)
 Metaspace       used 29210K, capacity 29536K, committed 29824K, reserved 1075200K
  class space    used 3792K, capacity 3875K, committed 3968K, reserved 1048576K
}
Event: 86.349 GC heap before
{Heap before GC invocations=60 (full 4):
 PSYoungGen      total 1289216K, used 1239249K [0x000000076b500000, 0x00000007c0000000, 0x00000007c0000000)
  eden space 1190912K, 100% used [0x000000076b500000,0x00000007b4000000,0x00000007b4000000)
  from space 98304K, 49% used [0x00000007b4000000,0x00000007b6f34420,0x00000007ba000000)
  to   space 97280K, 0% used [0x00000007ba100000,0x00000007ba100000,0x00000007c0000000)
 ParOldGen       total 443392K, used 370966K [0x00000006c1e00000, 0x00000006dcf00000, 0x000000076b500000)
  object space 443392K, 83% used [0x00000006c1e00000,0x00000006d8845880,0x00000006dcf00000)
 Metaspace       used 29302K, capacity 29600K, committed 29824K, reserved 1075200K
  class space    used 3792K, capacity 3875K, committed 3968K, reserved 1048576K
Event: 86.363 GC heap after
Heap after GC invocations=60 (full 4):
 PSYoungGen      total 1288192K, used 55096K [0x000000076b500000, 0x00000007c0000000, 0x00000007c0000000)
  eden space 1190912K, 0% used [0x000000076b500000,0x000000076b500000,0x00000007b4000000)
  from space 97280K, 56% used [0x00000007ba100000,0x00000007bd6ce2b0,0x00000007c0000000)
  to   space 98304K, 0% used [0x00000007b4000000,0x00000007b4000000,0x00000007ba000000)
 ParOldGen       total 443392K, used 370974K [0x00000006c1e00000, 0x00000006dcf00000, 0x000000076b500000)
  object space 443392K, 83% used [0x00000006c1e00000,0x00000006d8847880,0x00000006dcf00000)
 Metaspace       used 29302K, capacity 29600K, committed 29824K, reserved 1075200K
  class space    used 3792K, capacity 3875K, committed 3968K, reserved 1048576K
}
Event: 89.246 GC heap before
{Heap before GC invocations=61 (full 4):
 PSYoungGen      total 1288192K, used 1246008K [0x000000076b500000, 0x00000007c0000000, 0x00000007c0000000)
  eden space 1190912K, 100% used [0x000000076b500000,0x00000007b4000000,0x00000007b4000000)
  from space 97280K, 56% used [0x00000007ba100000,0x00000007bd6ce2b0,0x00000007c0000000)
  to   space 98304K, 0% used [0x00000007b4000000,0x00000007b4000000,0x00000007ba000000)
 ParOldGen       total 443392K, used 370974K [0x00000006c1e00000, 0x00000006dcf00000, 0x000000076b500000)
  object space 443392K, 83% used [0x00000006c1e00000,0x00000006d8847880,0x00000006dcf00000)
 Metaspace       used 29307K, capacity 29600K, committed 29824K, reserved 1075200K
  class space    used 3792K, capacity 3875K, committed 3968K, reserved 1048576K
Event: 89.261 GC heap after
Heap after GC invocations=61 (full 4):
 PSYoungGen      total 1289216K, used 52660K [0x000000076b500000, 0x00000007c0000000, 0x00000007c0000000)
  eden space 1190912K, 0% used [0x000000076b500000,0x000000076b500000,0x00000007b4000000)
  from space 98304K, 53% used [0x00000007b4000000,0x00000007b736d200,0x00000007ba000000)
  to   space 97792K, 0% used [0x00000007ba080000,0x00000007ba080000,0x00000007c0000000)
 ParOldGen       total 443392K, used 370982K [0x00000006c1e00000, 0x00000006dcf00000, 0x000000076b500000)
  object space 443392K, 83% used [0x00000006c1e00000,0x00000006d8849880,0x00000006dcf00000)
 Metaspace       used 29307K, capacity 29600K, committed 29824K, reserved 1075200K
  class space    used 3792K, capacity 3875K, committed 3968K, reserved 1048576K
}
Event: 92.375 GC heap before
{Heap before GC invocations=62 (full 4):
 PSYoungGen      total 1289216K, used 1243572K [0x000000076b500000, 0x00000007c0000000, 0x00000007c0000000)
  eden space 1190912K, 100% used [0x000000076b500000,0x00000007b4000000,0x00000007b4000000)
  from space 98304K, 53% used [0x00000007b4000000,0x00000007b736d200,0x00000007ba000000)
  to   space 97792K, 0% used [0x00000007ba080000,0x00000007ba080000,0x00000007c0000000)
 ParOldGen       total 443392K, used 370982K [0x00000006c1e00000, 0x00000006dcf00000, 0x000000076b500000)
  object space 443392K, 83% used [0x00000006c1e00000,0x00000006d8849880,0x00000006dcf00000)
 Metaspace       used 29342K, capacity 29664K, committed 30080K, reserved 1075200K
  class space    used 3792K, capacity 3875K, committed 3968K, reserved 1048576K
Event: 92.392 GC heap after
Heap after GC invocations=62 (full 4):
 PSYoungGen      total 1284608K, used 49532K [0x000000076b500000, 0x00000007bfb80000, 0x00000007c0000000)
  eden space 1191424K, 0% used [0x000000076b500000,0x000000076b500000,0x00000007b4080000)
  from space 93184K, 53% used [0x00000007ba080000,0x00000007bd0df000,0x00000007bfb80000)
  to   space 95744K, 0% used [0x00000007b4080000,0x00000007b4080000,0x00000007b9e00000)
 ParOldGen       total 443392K, used 370990K [0x00000006c1e00000, 0x00000006dcf00000, 0x000000076b500000)
  object space 443392K, 83% used [0x00000006c1e00000,0x00000006d884b880,0x00000006dcf00000)
 Metaspace       used 29342K, capacity 29664K, committed 30080K, reserved 1075200K
  class space    used 3792K, capacity 3875K, committed 3968K, reserved 1048576K
}
Event: 94.924 GC heap before
{Heap before GC invocations=63 (full 4):
 PSYoungGen      total 1284608K, used 1240956K [0x000000076b500000, 0x00000007bfb80000, 0x00000007c0000000)
  eden space 1191424K, 100% used [0x000000076b500000,0x00000007b4080000,0x00000007b4080000)
  from space 93184K, 53% used [0x00000007ba080000,0x00000007bd0df000,0x00000007bfb80000)
  to   space 95744K, 0% used [0x00000007b4080000,0x00000007b4080000,0x00000007b9e00000)
 ParOldGen       total 443392K, used 370990K [0x00000006c1e00000, 0x00000006dcf00000, 0x000000076b500000)
  object space 443392K, 83% used [0x00000006c1e00000,0x00000006d884b880,0x00000006dcf00000)
 Metaspace       used 29505K, capacity 29824K, committed 30080K, reserved 1075200K
  class space    used 3798K, capacity 3907K, committed 3968K, reserved 1048576K
Event: 94.938 GC heap after
Heap after GC invocations=63 (full 4):
 PSYoungGen      total 1287168K, used 53689K [0x000000076b500000, 0x00000007c0000000, 0x00000007c0000000)
  eden space 1191424K, 0% used [0x000000076b500000,0x000000076b500000,0x00000007b4080000)
  from space 95744K, 56% used [0x00000007b4080000,0x00000007b74ee478,0x00000007b9e00000)
  to   space 95232K, 0% used [0x00000007ba300000,0x00000007ba300000,0x00000007c0000000)
 ParOldGen       total 443392K, used 370998K [0x00000006c1e00000, 0x00000006dcf00000, 0x000000076b500000)
  object space 443392K, 83% used [0x00000006c1e00000,0x00000006d884d880,0x00000006dcf00000)
 Metaspace       used 29505K, capacity 29824K, committed 30080K, reserved 1075200K
  class space    used 3798K, capacity 3907K, committed 3968K, reserved 1048576K
}

