# JRE version: Java(TM) SE Runtime Environment (8.0_161-b12) (build 1.8.0_161-b12)
# Java VM: Java HotSpot(TM) 64-Bit Server VM (25.161-b12 mixed mode windows-amd64 compressed oops)
Heap:
 PSYoungGen      total 1342976K, used 1312506K [0x000000076b500000, 0x00000007c0000000, 0x00000007c0000000)
  eden space 1302016K, 99% used [0x000000076b500000,0x00000007ba860e78,0x00000007bac80000)
  from space 40960K, 35% used [0x00000007bac80000,0x00000007bbadda30,0x00000007bd480000)
  to   space 40960K, 0% used [0x00000007bd800000,0x00000007bd800000,0x00000007c0000000)
 ParOldGen       total 637440K, used 565325K [0x00000006c1e00000, 0x00000006e8c80000, 0x000000076b500000)
  object space 637440K, 88% used [0x00000006c1e00000,0x00000006e46136c0,0x00000006e8c80000)
 Metaspace       used 30361K, capacity 30660K, committed 31104K, reserved 1077248K
  class space    used 4037K, capacity 4124K, committed 4224K, reserved 1048576K
GC Heap History (10 events):
Event: 282.872 GC heap before
{Heap before GC invocations=304 (full 3):
 PSYoungGen      total 1337856K, used 1321021K [0x000000076b500000, 0x00000007bfb80000, 0x00000007c0000000)
  eden space 1296896K, 100% used [0x000000076b500000,0x00000007ba780000,0x00000007ba780000)
  from space 40960K, 58% used [0x00000007bd380000,0x00000007beb0f728,0x00000007bfb80000)
  to   space 43008K, 0% used [0x00000007ba780000,0x00000007ba780000,0x00000007bd180000)
 ParOldGen       total 637440K, used 551782K [0x00000006c1e00000, 0x00000006e8c80000, 0x000000076b500000)
  object space 637440K, 86% used [0x00000006c1e00000,0x00000006e38d9978,0x00000006e8c80000)
 Metaspace       used 30319K, capacity 30660K, committed 31104K, reserved 1077248K
  class space    used 4037K, capacity 4124K, committed 4224K, reserved 1048576K
Event: 282.886 GC heap after
Heap after GC invocations=304 (full 3):
 PSYoungGen      total 1339904K, used 29115K [0x000000076b500000, 0x00000007c0000000, 0x00000007c0000000)
  eden space 1296896K, 0% used [0x000000076b500000,0x000000076b500000,0x00000007ba780000)
  from space 43008K, 67% used [0x00000007ba780000,0x00000007bc3eedc0,0x00000007bd180000)
  to   space 43520K, 0% used [0x00000007bd580000,0x00000007bd580000,0x00000007c0000000)
 ParOldGen       total 637440K, used 553478K [0x00000006c1e00000, 0x00000006e8c80000, 0x000000076b500000)
  object space 637440K, 86% used [0x00000006c1e00000,0x00000006e3a81910,0x00000006e8c80000)
 Metaspace       used 30319K, capacity 30660K, committed 31104K, reserved 1077248K
  class space    used 4037K, capacity 4124K, committed 4224K, reserved 1048576K
}
Event: 284.767 GC heap before
{Heap before GC invocations=305 (full 3):
 PSYoungGen      total 1339904K, used 1326011K [0x000000076b500000, 0x00000007c0000000, 0x00000007c0000000)
  eden space 1296896K, 100% used [0x000000076b500000,0x00000007ba780000,0x00000007ba780000)
  from space 43008K, 67% used [0x00000007ba780000,0x00000007bc3eedc0,0x00000007bd180000)
  to   space 43520K, 0% used [0x00000007bd580000,0x00000007bd580000,0x00000007c0000000)
 ParOldGen       total 637440K, used 553478K [0x00000006c1e00000, 0x00000006e8c80000, 0x000000076b500000)
  object space 637440K, 86% used [0x00000006c1e00000,0x00000006e3a81910,0x00000006e8c80000)
 Metaspace       used 30338K, capacity 30660K, committed 31104K, reserved 1077248K
  class space    used 4037K, capacity 4124K, committed 4224K, reserved 1048576K
Event: 284.779 GC heap after
Heap after GC invocations=305 (full 3):
 PSYoungGen      total 1344000K, used 27965K [0x000000076b500000, 0x00000007bff80000, 0x00000007c0000000)
  eden space 1300992K, 0% used [0x000000076b500000,0x000000076b500000,0x00000007bab80000)
  from space 43008K, 65% used [0x00000007bd580000,0x00000007bf0cf598,0x00000007bff80000)
  to   space 43008K, 0% used [0x00000007bab80000,0x00000007bab80000,0x00000007bd580000)
 ParOldGen       total 637440K, used 555394K [0x00000006c1e00000, 0x00000006e8c80000, 0x000000076b500000)
  object space 637440K, 87% used [0x00000006c1e00000,0x00000006e3c609e0,0x00000006e8c80000)
 Metaspace       used 30338K, capacity 30660K, committed 31104K, reserved 1077248K
  class space    used 4037K, capacity 4124K, committed 4224K, reserved 1048576K
}
Event: 286.287 GC heap before
{Heap before GC invocations=306 (full 3):
 PSYoungGen      total 1344000K, used 1328957K [0x000000076b500000, 0x00000007bff80000, 0x00000007c0000000)
  eden space 1300992K, 100% used [0x000000076b500000,0x00000007bab80000,0x00000007bab80000)
  from space 43008K, 65% used [0x00000007bd580000,0x00000007bf0cf598,0x00000007bff80000)
  to   space 43008K, 0% used [0x00000007bab80000,0x00000007bab80000,0x00000007bd580000)
 ParOldGen       total 637440K, used 555394K [0x00000006c1e00000, 0x00000006e8c80000, 0x000000076b500000)
  object space 637440K, 87% used [0x00000006c1e00000,0x00000006e3c609e0,0x00000006e8c80000)
 Metaspace       used 30340K, capacity 30660K, committed 31104K, reserved 1077248K
  class space    used 4037K, capacity 4124K, committed 4224K, reserved 1048576K
Event: 286.295 GC heap after
Heap after GC invocations=306 (full 3):
 PSYoungGen      total 1344000K, used 27943K [0x000000076b500000, 0x00000007bff00000, 0x00000007c0000000)
  eden space 1300992K, 0% used [0x000000076b500000,0x000000076b500000,0x00000007bab80000)
  from space 43008K, 64% used [0x00000007bab80000,0x00000007bc6c9c78,0x00000007bd580000)
  to   space 42496K, 0% used [0x00000007bd580000,0x00000007bd580000,0x00000007bff00000)
 ParOldGen       total 637440K, used 555426K [0x00000006c1e00000, 0x00000006e8c80000, 0x000000076b500000)
  object space 637440K, 87% used [0x00000006c1e00000,0x00000006e3c689e0,0x00000006e8c80000)
 Metaspace       used 30340K, capacity 30660K, committed 31104K, reserved 1077248K
  class space    used 4037K, capacity 4124K, committed 4224K, reserved 1048576K
}
Event: 288.023 GC heap before
{Heap before GC invocations=307 (full 3):
 PSYoungGen      total 1344000K, used 1328935K [0x000000076b500000, 0x00000007bff00000, 0x00000007c0000000)
  eden space 1300992K, 100% used [0x000000076b500000,0x00000007bab80000,0x00000007bab80000)
  from space 43008K, 64% used [0x00000007bab80000,0x00000007bc6c9c78,0x00000007bd580000)
  to   space 42496K, 0% used [0x00000007bd580000,0x00000007bd580000,0x00000007bff00000)
 ParOldGen       total 637440K, used 555426K [0x00000006c1e00000, 0x00000006e8c80000, 0x000000076b500000)
  object space 637440K, 87% used [0x00000006c1e00000,0x00000006e3c689e0,0x00000006e8c80000)
 Metaspace       used 30357K, capacity 30660K, committed 31104K, reserved 1077248K
  class space    used 4037K, capacity 4124K, committed 4224K, reserved 1048576K
Event: 288.031 GC heap after
Heap after GC invocations=307 (full 3):
 PSYoungGen      total 1341952K, used 22856K [0x000000076b500000, 0x00000007bfc80000, 0x00000007c0000000)
  eden space 1302016K, 0% used [0x000000076b500000,0x000000076b500000,0x00000007bac80000)
  from space 39936K, 57% used [0x00000007bd580000,0x00000007bebd2280,0x00000007bfc80000)
  to   space 40960K, 0% used [0x00000007bac80000,0x00000007bac80000,0x00000007bd480000)
 ParOldGen       total 637440K, used 557415K [0x00000006c1e00000, 0x00000006e8c80000, 0x000000076b500000)
  object space 637440K, 87% used [0x00000006c1e00000,0x00000006e3e59d80,0x00000006e8c80000)
 Metaspace       used 30357K, capacity 30660K, committed 31104K, reserved 1077248K
  class space    used 4037K, capacity 4124K, committed 4224K, reserved 1048576K
}
Event: 290.317 GC heap before
{Heap before GC invocations=308 (full 3):
 PSYoungGen      total 1341952K, used 1324872K [0x000000076b500000, 0x00000007bfc80000, 0x00000007c0000000)
  eden space 1302016K, 100% used [0x000000076b500000,0x00000007bac80000,0x00000007bac80000)
  from space 39936K, 57% used [0x00000007bd580000,0x00000007bebd2280,0x00000007bfc80000)
  to   space 40960K, 0% used [0x00000007bac80000,0x00000007bac80000,0x00000007bd480000)
 ParOldGen       total 637440K, used 557415K [0x00000006c1e00000, 0x00000006e8c80000, 0x000000076b500000)
  object space 637440K, 87% used [0x00000006c1e00000,0x00000006e3e59d80,0x00000006e8c80000)
 Metaspace       used 30357K, capacity 30660K, committed 31104K, reserved 1077248K
  class space    used 4037K, capacity 4124K, committed 4224K, reserved 1048576K
Event: 290.328 GC heap after
Heap after GC invocations=308 (full 3):
 PSYoungGen      total 1342976K, used 14710K [0x000000076b500000, 0x00000007c0000000, 0x00000007c0000000)
  eden space 1302016K, 0% used [0x000000076b500000,0x000000076b500000,0x00000007bac80000)
  from space 40960K, 35% used [0x00000007bac80000,0x00000007bbadda30,0x00000007bd480000)
  to   space 40960K, 0% used [0x00000007bd800000,0x00000007bd800000,0x00000007c0000000)
 ParOldGen       total 637440K, used 565325K [0x00000006c1e00000, 0x00000006e8c80000, 0x000000076b500000)
  object space 637440K, 88% used [0x00000006c1e00000,0x00000006e46136c0,0x00000006e8c80000)
 Metaspace       used 30357K, capacity 30660K, committed 31104K, reserved 1077248K
  class space    used 4037K, capacity 4124K, committed 4224K, reserved 1048576K
}

