# JRE version: Java(TM) SE Runtime Environment (8.0_161-b12) (build 1.8.0_161-b12)
# Java VM: Java HotSpot(TM) 64-Bit Server VM (25.161-b12 mixed mode windows-amd64 compressed oops)
Heap:
 PSYoungGen      total 1352192K, used 294850K [0x000000076b200000, 0x00000007bff00000, 0x00000007c0000000)
  eden space 1315840K, 22% used [0x000000076b200000,0x000000077cf5d420,0x00000007bb700000)
  from space 36352K, 7% used [0x00000007bdb80000,0x00000007bde13428,0x00000007bff00000)
  to   space 36864K, 0% used [0x00000007bb700000,0x00000007bb700000,0x00000007bdb00000)
 ParOldGen       total 355840K, used 291830K [0x00000006c1600000, 0x00000006d7180000, 0x000000076b200000)
  object space 355840K, 82% used [0x00000006c1600000,0x00000006d32fda60,0x00000006d7180000)
 Metaspace       used 31542K, capacity 31906K, committed 32256K, reserved 1077248K
  class space    used 3950K, capacity 4040K, committed 4096K, reserved 1048576K
GC Heap History (10 events):
Event: 113.749 GC heap before
{Heap before GC invocations=78 (full 2):
 PSYoungGen      total 1318400K, used 1318133K [0x000000076b200000, 0x00000007bfe00000, 0x00000007c0000000)
  eden space 1307648K, 100% used [0x000000076b200000,0x00000007baf00000,0x00000007baf00000)
  from space 10752K, 97% used [0x00000007baf00000,0x00000007bb93d5e0,0x00000007bb980000)
  to   space 40448K, 0% used [0x00000007bd680000,0x00000007bd680000,0x00000007bfe00000)
 ParOldGen       total 355840K, used 289155K [0x00000006c1600000, 0x00000006d7180000, 0x000000076b200000)
  object space 355840K, 81% used [0x00000006c1600000,0x00000006d3060e98,0x00000006d7180000)
 Metaspace       used 31507K, capacity 31842K, committed 32256K, reserved 1077248K
  class space    used 3950K, capacity 4040K, committed 4096K, reserved 1048576K
Event: 113.752 GC heap after
Heap after GC invocations=78 (full 2):
 PSYoungGen      total 1348608K, used 9384K [0x000000076b200000, 0x00000007c0000000, 0x00000007c0000000)
  eden space 1308160K, 0% used [0x000000076b200000,0x000000076b200000,0x00000007baf80000)
  from space 40448K, 23% used [0x00000007bd680000,0x00000007bdfaa168,0x00000007bfe00000)
  to   space 39936K, 0% used [0x00000007baf80000,0x00000007baf80000,0x00000007bd680000)
 ParOldGen       total 355840K, used 289312K [0x00000006c1600000, 0x00000006d7180000, 0x000000076b200000)
  object space 355840K, 81% used [0x00000006c1600000,0x00000006d3088310,0x00000006d7180000)
 Metaspace       used 31507K, capacity 31842K, committed 32256K, reserved 1077248K
  class space    used 3950K, capacity 4040K, committed 4096K, reserved 1048576K
}
Event: 115.840 GC heap before
{Heap before GC invocations=79 (full 2):
 PSYoungGen      total 1348608K, used 1317544K [0x000000076b200000, 0x00000007c0000000, 0x00000007c0000000)
  eden space 1308160K, 100% used [0x000000076b200000,0x00000007baf80000,0x00000007baf80000)
  from space 40448K, 23% used [0x00000007bd680000,0x00000007bdfaa168,0x00000007bfe00000)
  to   space 39936K, 0% used [0x00000007baf80000,0x00000007baf80000,0x00000007bd680000)
 ParOldGen       total 355840K, used 289312K [0x00000006c1600000, 0x00000006d7180000, 0x000000076b200000)
  object space 355840K, 81% used [0x00000006c1600000,0x00000006d3088310,0x00000006d7180000)
 Metaspace       used 31527K, capacity 31842K, committed 32256K, reserved 1077248K
  class space    used 3950K, capacity 4040K, committed 4096K, reserved 1048576K
Event: 115.842 GC heap after
Heap after GC invocations=79 (full 2):
 PSYoungGen      total 1348096K, used 3906K [0x000000076b200000, 0x00000007bfe80000, 0x00000007c0000000)
  eden space 1308160K, 0% used [0x000000076b200000,0x000000076b200000,0x00000007baf80000)
  from space 39936K, 9% used [0x00000007baf80000,0x00000007bb350918,0x00000007bd680000)
  to   space 39424K, 0% used [0x00000007bd800000,0x00000007bd800000,0x00000007bfe80000)
 ParOldGen       total 355840K, used 290382K [0x00000006c1600000, 0x00000006d7180000, 0x000000076b200000)
  object space 355840K, 81% used [0x00000006c1600000,0x00000006d3193970,0x00000006d7180000)
 Metaspace       used 31527K, capacity 31842K, committed 32256K, reserved 1077248K
  class space    used 3950K, capacity 4040K, committed 4096K, reserved 1048576K
}
Event: 117.905 GC heap before
{Heap before GC invocations=80 (full 2):
 PSYoungGen      total 1348096K, used 1312066K [0x000000076b200000, 0x00000007bfe80000, 0x00000007c0000000)
  eden space 1308160K, 100% used [0x000000076b200000,0x00000007baf80000,0x00000007baf80000)
  from space 39936K, 9% used [0x00000007baf80000,0x00000007bb350918,0x00000007bd680000)
  to   space 39424K, 0% used [0x00000007bd800000,0x00000007bd800000,0x00000007bfe80000)
 ParOldGen       total 355840K, used 290382K [0x00000006c1600000, 0x00000006d7180000, 0x000000076b200000)
  object space 355840K, 81% used [0x00000006c1600000,0x00000006d3193970,0x00000006d7180000)
 Metaspace       used 31539K, capacity 31842K, committed 32256K, reserved 1077248K
  class space    used 3950K, capacity 4040K, committed 4096K, reserved 1048576K
Event: 117.909 GC heap after
Heap after GC invocations=80 (full 2):
 PSYoungGen      total 1347584K, used 14193K [0x000000076b200000, 0x00000007bfb80000, 0x00000007c0000000)
  eden space 1311232K, 0% used [0x000000076b200000,0x000000076b200000,0x00000007bb280000)
  from space 36352K, 39% used [0x00000007bd800000,0x00000007be5dc618,0x00000007bfb80000)
  to   space 37376K, 0% used [0x00000007bb280000,0x00000007bb280000,0x00000007bd700000)
 ParOldGen       total 355840K, used 291574K [0x00000006c1600000, 0x00000006d7180000, 0x000000076b200000)
  object space 355840K, 81% used [0x00000006c1600000,0x00000006d32bda60,0x00000006d7180000)
 Metaspace       used 31539K, capacity 31842K, committed 32256K, reserved 1077248K
  class space    used 3950K, capacity 4040K, committed 4096K, reserved 1048576K
}
Event: 119.814 GC heap before
{Heap before GC invocations=81 (full 2):
 PSYoungGen      total 1347584K, used 1325425K [0x000000076b200000, 0x00000007bfb80000, 0x00000007c0000000)
  eden space 1311232K, 100% used [0x000000076b200000,0x00000007bb280000,0x00000007bb280000)
  from space 36352K, 39% used [0x00000007bd800000,0x00000007be5dc618,0x00000007bfb80000)
  to   space 37376K, 0% used [0x00000007bb280000,0x00000007bb280000,0x00000007bd700000)
 ParOldGen       total 355840K, used 291574K [0x00000006c1600000, 0x00000006d7180000, 0x000000076b200000)
  object space 355840K, 81% used [0x00000006c1600000,0x00000006d32bda60,0x00000006d7180000)
 Metaspace       used 31540K, capacity 31906K, committed 32256K, reserved 1077248K
  class space    used 3950K, capacity 4040K, committed 4096K, reserved 1048576K
Event: 119.817 GC heap after
Heap after GC invocations=81 (full 2):
 PSYoungGen      total 1348608K, used 2642K [0x000000076b200000, 0x00000007c0000000, 0x00000007c0000000)
  eden space 1311232K, 0% used [0x000000076b200000,0x000000076b200000,0x00000007bb280000)
  from space 37376K, 7% used [0x00000007bb280000,0x00000007bb514828,0x00000007bd700000)
  to   space 37376K, 0% used [0x00000007bdb80000,0x00000007bdb80000,0x00000007c0000000)
 ParOldGen       total 355840K, used 291750K [0x00000006c1600000, 0x00000006d7180000, 0x000000076b200000)
  object space 355840K, 81% used [0x00000006c1600000,0x00000006d32e9a60,0x00000006d7180000)
 Metaspace       used 31540K, capacity 31906K, committed 32256K, reserved 1077248K
  class space    used 3950K, capacity 4040K, committed 4096K, reserved 1048576K
}
Event: 121.739 GC heap before
{Heap before GC invocations=82 (full 2):
 PSYoungGen      total 1348608K, used 1313874K [0x000000076b200000, 0x00000007c0000000, 0x00000007c0000000)
  eden space 1311232K, 100% used [0x000000076b200000,0x00000007bb280000,0x00000007bb280000)
  from space 37376K, 7% used [0x00000007bb280000,0x00000007bb514828,0x00000007bd700000)
  to   space 37376K, 0% used [0x00000007bdb80000,0x00000007bdb80000,0x00000007c0000000)
 ParOldGen       total 355840K, used 291750K [0x00000006c1600000, 0x00000006d7180000, 0x000000076b200000)
  object space 355840K, 81% used [0x00000006c1600000,0x00000006d32e9a60,0x00000006d7180000)
 Metaspace       used 31541K, capacity 31906K, committed 32256K, reserved 1077248K
  class space    used 3950K, capacity 4040K, committed 4096K, reserved 1048576K
Event: 121.741 GC heap after
Heap after GC invocations=82 (full 2):
 PSYoungGen      total 1352192K, used 2637K [0x000000076b200000, 0x00000007bff00000, 0x00000007c0000000)
  eden space 1315840K, 0% used [0x000000076b200000,0x000000076b200000,0x00000007bb700000)
  from space 36352K, 7% used [0x00000007bdb80000,0x00000007bde13428,0x00000007bff00000)
  to   space 36864K, 0% used [0x00000007bb700000,0x00000007bb700000,0x00000007bdb00000)
 ParOldGen       total 355840K, used 291830K [0x00000006c1600000, 0x00000006d7180000, 0x000000076b200000)
  object space 355840K, 82% used [0x00000006c1600000,0x00000006d32fda60,0x00000006d7180000)
 Metaspace       used 31541K, capacity 31906K, committed 32256K, reserved 1077248K
  class space    used 3950K, capacity 4040K, committed 4096K, reserved 1048576K
}

