# JRE version: Java(TM) SE Runtime Environment (8.0_161-b12) (build 1.8.0_161-b12)
# Java VM: Java HotSpot(TM) 64-Bit Server VM (25.161-b12 mixed mode windows-amd64 compressed oops)
Heap:
 PSYoungGen      total 609280K, used 23899K [0x000000076b500000, 0x0000000791900000, 0x00000007c0000000)
  eden space 593920K, 4% used [0x000000076b500000,0x000000076cc56e20,0x000000078f900000)
  from space 15360K, 0% used [0x0000000790a00000,0x0000000790a00000,0x0000000791900000)
  to   space 16384K, 0% used [0x000000078f900000,0x000000078f900000,0x0000000790900000)
 ParOldGen       total 177664K, used 177434K [0x00000006c1e00000, 0x00000006ccb80000, 0x000000076b500000)
  object space 177664K, 99% used [0x00000006c1e00000,0x00000006ccb46920,0x00000006ccb80000)
 Metaspace       used 20187K, capacity 20492K, committed 20864K, reserved 1067008K
  class space    used 2258K, capacity 2358K, committed 2432K, reserved 1048576K
GC Heap History (10 events):
Event: 92.462 GC heap before
{Heap before GC invocations=53 (full 3):
 PSYoungGen      total 609280K, used 593920K [0x000000076b500000, 0x0000000791900000, 0x00000007c0000000)
  eden space 593920K, 100% used [0x000000076b500000,0x000000078f900000,0x000000078f900000)
  from space 15360K, 0% used [0x0000000790a00000,0x0000000790a00000,0x0000000791900000)
  to   space 16384K, 0% used [0x000000078f900000,0x000000078f900000,0x0000000790900000)
 ParOldGen       total 177664K, used 177659K [0x00000006c1e00000, 0x00000006ccb80000, 0x000000076b500000)
  object space 177664K, 99% used [0x00000006c1e00000,0x00000006ccb7ee40,0x00000006ccb80000)
 Metaspace       used 19550K, capacity 19827K, committed 20096K, reserved 1067008K
  class space    used 2223K, capacity 2324K, committed 2432K, reserved 1048576K
Event: 93.143 GC heap after
Heap after GC invocations=53 (full 3):
 PSYoungGen      total 609280K, used 8634K [0x000000076b500000, 0x0000000791900000, 0x00000007c0000000)
  eden space 593920K, 1% used [0x000000076b500000,0x000000076bd6e8b8,0x000000078f900000)
  from space 15360K, 0% used [0x0000000790a00000,0x0000000790a00000,0x0000000791900000)
  to   space 16384K, 0% used [0x000000078f900000,0x000000078f900000,0x0000000790900000)
 ParOldGen       total 177664K, used 177520K [0x00000006c1e00000, 0x00000006ccb80000, 0x000000076b500000)
  object space 177664K, 99% used [0x00000006c1e00000,0x00000006ccb5c328,0x00000006ccb80000)
 Metaspace       used 19550K, capacity 19827K, committed 20096K, reserved 1067008K
  class space    used 2223K, capacity 2324K, committed 2432K, reserved 1048576K
}
Event: 93.225 GC heap before
{Heap before GC invocations=54 (full 4):
 PSYoungGen      total 609280K, used 593920K [0x000000076b500000, 0x0000000791900000, 0x00000007c0000000)
  eden space 593920K, 100% used [0x000000076b500000,0x000000078f900000,0x000000078f900000)
  from space 15360K, 0% used [0x0000000790a00000,0x0000000790a00000,0x0000000791900000)
  to   space 16384K, 0% used [0x000000078f900000,0x000000078f900000,0x0000000790900000)
 ParOldGen       total 177664K, used 177520K [0x00000006c1e00000, 0x00000006ccb80000, 0x000000076b500000)
  object space 177664K, 99% used [0x00000006c1e00000,0x00000006ccb5c328,0x00000006ccb80000)
 Metaspace       used 19550K, capacity 19827K, committed 20096K, reserved 1067008K
  class space    used 2223K, capacity 2324K, committed 2432K, reserved 1048576K
Event: 93.898 GC heap after
Heap after GC invocations=54 (full 4):
 PSYoungGen      total 609280K, used 12275K [0x000000076b500000, 0x0000000791900000, 0x00000007c0000000)
  eden space 593920K, 2% used [0x000000076b500000,0x000000076c0fcd48,0x000000078f900000)
  from space 15360K, 0% used [0x0000000790a00000,0x0000000790a00000,0x0000000791900000)
  to   space 16384K, 0% used [0x000000078f900000,0x000000078f900000,0x0000000790900000)
 ParOldGen       total 177664K, used 177274K [0x00000006c1e00000, 0x00000006ccb80000, 0x000000076b500000)
  object space 177664K, 99% used [0x00000006c1e00000,0x00000006ccb1ebb8,0x00000006ccb80000)
 Metaspace       used 19550K, capacity 19827K, committed 20096K, reserved 1067008K
  class space    used 2223K, capacity 2324K, committed 2432K, reserved 1048576K
}
Event: 94.042 GC heap before
{Heap before GC invocations=55 (full 5):
 PSYoungGen      total 609280K, used 593920K [0x000000076b500000, 0x0000000791900000, 0x00000007c0000000)
  eden space 593920K, 100% used [0x000000076b500000,0x000000078f900000,0x000000078f900000)
  from space 15360K, 0% used [0x0000000790a00000,0x0000000790a00000,0x0000000791900000)
  to   space 16384K, 0% used [0x000000078f900000,0x000000078f900000,0x0000000790900000)
 ParOldGen       total 177664K, used 177274K [0x00000006c1e00000, 0x00000006ccb80000, 0x000000076b500000)
  object space 177664K, 99% used [0x00000006c1e00000,0x00000006ccb1ebb8,0x00000006ccb80000)
 Metaspace       used 19610K, capacity 19891K, committed 20352K, reserved 1067008K
  class space    used 2224K, capacity 2324K, committed 2432K, reserved 1048576K
Event: 94.723 GC heap after
Heap after GC invocations=55 (full 5):
 PSYoungGen      total 609280K, used 14638K [0x000000076b500000, 0x0000000791900000, 0x00000007c0000000)
  eden space 593920K, 2% used [0x000000076b500000,0x000000076c34bb90,0x000000078f900000)
  from space 15360K, 0% used [0x0000000790a00000,0x0000000790a00000,0x0000000791900000)
  to   space 16384K, 0% used [0x000000078f900000,0x000000078f900000,0x0000000790900000)
 ParOldGen       total 177664K, used 177620K [0x00000006c1e00000, 0x00000006ccb80000, 0x000000076b500000)
  object space 177664K, 99% used [0x00000006c1e00000,0x00000006ccb75000,0x00000006ccb80000)
 Metaspace       used 19610K, capacity 19891K, committed 20352K, reserved 1067008K
  class space    used 2224K, capacity 2324K, committed 2432K, reserved 1048576K
}
Event: 94.951 GC heap before
{Heap before GC invocations=56 (full 6):
 PSYoungGen      total 609280K, used 593920K [0x000000076b500000, 0x0000000791900000, 0x00000007c0000000)
  eden space 593920K, 100% used [0x000000076b500000,0x000000078f900000,0x000000078f900000)
  from space 15360K, 0% used [0x0000000790a00000,0x0000000790a00000,0x0000000791900000)
  to   space 16384K, 0% used [0x000000078f900000,0x000000078f900000,0x0000000790900000)
 ParOldGen       total 177664K, used 177620K [0x00000006c1e00000, 0x00000006ccb80000, 0x000000076b500000)
  object space 177664K, 99% used [0x00000006c1e00000,0x00000006ccb75000,0x00000006ccb80000)
 Metaspace       used 20038K, capacity 20320K, committed 20608K, reserved 1067008K
  class space    used 2244K, capacity 2324K, committed 2432K, reserved 1048576K
Event: 95.661 GC heap after
Heap after GC invocations=56 (full 6):
 PSYoungGen      total 609280K, used 17652K [0x000000076b500000, 0x0000000791900000, 0x00000007c0000000)
  eden space 593920K, 2% used [0x000000076b500000,0x000000076c63d088,0x000000078f900000)
  from space 15360K, 0% used [0x0000000790a00000,0x0000000790a00000,0x0000000791900000)
  to   space 16384K, 0% used [0x000000078f900000,0x000000078f900000,0x0000000790900000)
 ParOldGen       total 177664K, used 177508K [0x00000006c1e00000, 0x00000006ccb80000, 0x000000076b500000)
  object space 177664K, 99% used [0x00000006c1e00000,0x00000006ccb59000,0x00000006ccb80000)
 Metaspace       used 20038K, capacity 20320K, committed 20608K, reserved 1067008K
  class space    used 2244K, capacity 2324K, committed 2432K, reserved 1048576K
}
Event: 95.825 GC heap before
{Heap before GC invocations=57 (full 7):
 PSYoungGen      total 609280K, used 593920K [0x000000076b500000, 0x0000000791900000, 0x00000007c0000000)
  eden space 593920K, 100% used [0x000000076b500000,0x000000078f900000,0x000000078f900000)
  from space 15360K, 0% used [0x0000000790a00000,0x0000000790a00000,0x0000000791900000)
  to   space 16384K, 0% used [0x000000078f900000,0x000000078f900000,0x0000000790900000)
 ParOldGen       total 177664K, used 177508K [0x00000006c1e00000, 0x00000006ccb80000, 0x000000076b500000)
  object space 177664K, 99% used [0x00000006c1e00000,0x00000006ccb59000,0x00000006ccb80000)
 Metaspace       used 20103K, capacity 20448K, committed 20864K, reserved 1067008K
  class space    used 2250K, capacity 2324K, committed 2432K, reserved 1048576K
Event: 96.557 GC heap after
Heap after GC invocations=57 (full 7):
 PSYoungGen      total 609280K, used 19609K [0x000000076b500000, 0x0000000791900000, 0x00000007c0000000)
  eden space 593920K, 3% used [0x000000076b500000,0x000000076c826590,0x000000078f900000)
  from space 15360K, 0% used [0x0000000790a00000,0x0000000790a00000,0x0000000791900000)
  to   space 16384K, 0% used [0x000000078f900000,0x000000078f900000,0x0000000790900000)
 ParOldGen       total 177664K, used 177434K [0x00000006c1e00000, 0x00000006ccb80000, 0x000000076b500000)
  object space 177664K, 99% used [0x00000006c1e00000,0x00000006ccb46920,0x00000006ccb80000)
 Metaspace       used 20103K, capacity 20448K, committed 20864K, reserved 1067008K
  class space    used 2250K, capacity 2324K, committed 2432K, reserved 1048576K
}

