# JRE version: Java(TM) SE Runtime Environment (8.0_161-b12) (build 1.8.0_161-b12)
# Java VM: Java HotSpot(TM) 64-Bit Server VM (25.161-b12 mixed mode windows-amd64 compressed oops)
Heap:
 PSYoungGen      total 1355776K, used 1159723K [0x000000076b500000, 0x00000007c0000000, 0x00000007c0000000)
  eden space 1327104K, 86% used [0x000000076b500000,0x00000007b1314590,0x00000007bc500000)
  from space 28672K, 51% used [0x00000007bc500000,0x00000007bd376768,0x00000007be100000)
  to   space 28160K, 0% used [0x00000007be480000,0x00000007be480000,0x00000007c0000000)
 ParOldGen       total 586752K, used 405079K [0x00000006c1e00000, 0x00000006e5b00000, 0x000000076b500000)
  object space 586752K, 69% used [0x00000006c1e00000,0x00000006da995cf8,0x00000006e5b00000)
 Metaspace       used 29954K, capacity 30318K, committed 30592K, reserved 1075200K
  class space    used 3772K, capacity 3876K, committed 3968K, reserved 1048576K
GC Heap History (10 events):
Event: 194.494 GC heap before
{Heap before GC invocations=74 (full 3):
 PSYoungGen      total 1350656K, used 1317632K [0x000000076b500000, 0x00000007bfe00000, 0x00000007c0000000)
  eden space 1316864K, 100% used [0x000000076b500000,0x00000007bbb00000,0x00000007bbb00000)
  from space 33792K, 2% used [0x00000007bdd00000,0x00000007bddc0000,0x00000007bfe00000)
  to   space 34304K, 0% used [0x00000007bbb00000,0x00000007bbb00000,0x00000007bdc80000)
 ParOldGen       total 586752K, used 404751K [0x00000006c1e00000, 0x00000006e5b00000, 0x000000076b500000)
  object space 586752K, 68% used [0x00000006c1e00000,0x00000006da943cf8,0x00000006e5b00000)
 Metaspace       used 29919K, capacity 30254K, committed 30592K, reserved 1075200K
  class space    used 3771K, capacity 3876K, committed 3968K, reserved 1048576K
Event: 194.497 GC heap after
Heap after GC invocations=74 (full 3):
 PSYoungGen      total 1351168K, used 12096K [0x000000076b500000, 0x00000007bfd80000, 0x00000007c0000000)
  eden space 1316864K, 0% used [0x000000076b500000,0x000000076b500000,0x00000007bbb00000)
  from space 34304K, 35% used [0x00000007bbb00000,0x00000007bc6d0000,0x00000007bdc80000)
  to   space 32768K, 0% used [0x00000007bdd80000,0x00000007bdd80000,0x00000007bfd80000)
 ParOldGen       total 586752K, used 405015K [0x00000006c1e00000, 0x00000006e5b00000, 0x000000076b500000)
  object space 586752K, 69% used [0x00000006c1e00000,0x00000006da985cf8,0x00000006e5b00000)
 Metaspace       used 29919K, capacity 30254K, committed 30592K, reserved 1075200K
  class space    used 3771K, capacity 3876K, committed 3968K, reserved 1048576K
}
Event: 196.379 GC heap before
{Heap before GC invocations=75 (full 3):
 PSYoungGen      total 1351168K, used 1328580K [0x000000076b500000, 0x00000007bfd80000, 0x00000007c0000000)
  eden space 1316864K, 99% used [0x000000076b500000,0x00000007bbaa1090,0x00000007bbb00000)
  from space 34304K, 35% used [0x00000007bbb00000,0x00000007bc6d0000,0x00000007bdc80000)
  to   space 32768K, 0% used [0x00000007bdd80000,0x00000007bdd80000,0x00000007bfd80000)
 ParOldGen       total 586752K, used 405015K [0x00000006c1e00000, 0x00000006e5b00000, 0x000000076b500000)
  object space 586752K, 69% used [0x00000006c1e00000,0x00000006da985cf8,0x00000006e5b00000)
 Metaspace       used 29920K, capacity 30254K, committed 30592K, reserved 1075200K
  class space    used 3771K, capacity 3876K, committed 3968K, reserved 1048576K
Event: 196.381 GC heap after
Heap after GC invocations=75 (full 3):
 PSYoungGen      total 1350144K, used 8224K [0x000000076b500000, 0x00000007bfa80000, 0x00000007c0000000)
  eden space 1320448K, 0% used [0x000000076b500000,0x000000076b500000,0x00000007bbe80000)
  from space 29696K, 27% used [0x00000007bdd80000,0x00000007be588000,0x00000007bfa80000)
  to   space 30720K, 0% used [0x00000007bbe80000,0x00000007bbe80000,0x00000007bdc80000)
 ParOldGen       total 586752K, used 405023K [0x00000006c1e00000, 0x00000006e5b00000, 0x000000076b500000)
  object space 586752K, 69% used [0x00000006c1e00000,0x00000006da987cf8,0x00000006e5b00000)
 Metaspace       used 29920K, capacity 30254K, committed 30592K, reserved 1075200K
  class space    used 3771K, capacity 3876K, committed 3968K, reserved 1048576K
}
Event: 197.788 GC heap before
{Heap before GC invocations=76 (full 3):
 PSYoungGen      total 1350144K, used 1328672K [0x000000076b500000, 0x00000007bfa80000, 0x00000007c0000000)
  eden space 1320448K, 100% used [0x000000076b500000,0x00000007bbe80000,0x00000007bbe80000)
  from space 29696K, 27% used [0x00000007bdd80000,0x00000007be588000,0x00000007bfa80000)
  to   space 30720K, 0% used [0x00000007bbe80000,0x00000007bbe80000,0x00000007bdc80000)
 ParOldGen       total 586752K, used 405023K [0x00000006c1e00000, 0x00000006e5b00000, 0x000000076b500000)
  object space 586752K, 69% used [0x00000006c1e00000,0x00000006da987cf8,0x00000006e5b00000)
 Metaspace       used 29942K, capacity 30318K, committed 30592K, reserved 1075200K
  class space    used 3771K, capacity 3876K, committed 3968K, reserved 1048576K
Event: 197.791 GC heap after
Heap after GC invocations=76 (full 3):
 PSYoungGen      total 1351168K, used 12259K [0x000000076b500000, 0x00000007bff00000, 0x00000007c0000000)
  eden space 1320448K, 0% used [0x000000076b500000,0x000000076b500000,0x00000007bbe80000)
  from space 30720K, 39% used [0x00000007bbe80000,0x00000007bca78f70,0x00000007bdc80000)
  to   space 29696K, 0% used [0x00000007be200000,0x00000007be200000,0x00000007bff00000)
 ParOldGen       total 586752K, used 405039K [0x00000006c1e00000, 0x00000006e5b00000, 0x000000076b500000)
  object space 586752K, 69% used [0x00000006c1e00000,0x00000006da98bcf8,0x00000006e5b00000)
 Metaspace       used 29942K, capacity 30318K, committed 30592K, reserved 1075200K
  class space    used 3771K, capacity 3876K, committed 3968K, reserved 1048576K
}
Event: 199.092 GC heap before
{Heap before GC invocations=77 (full 3):
 PSYoungGen      total 1351168K, used 1332707K [0x000000076b500000, 0x00000007bff00000, 0x00000007c0000000)
  eden space 1320448K, 100% used [0x000000076b500000,0x00000007bbe80000,0x00000007bbe80000)
  from space 30720K, 39% used [0x00000007bbe80000,0x00000007bca78f70,0x00000007bdc80000)
  to   space 29696K, 0% used [0x00000007be200000,0x00000007be200000,0x00000007bff00000)
 ParOldGen       total 586752K, used 405039K [0x00000006c1e00000, 0x00000006e5b00000, 0x000000076b500000)
  object space 586752K, 69% used [0x00000006c1e00000,0x00000006da98bcf8,0x00000006e5b00000)
 Metaspace       used 29942K, capacity 30318K, committed 30592K, reserved 1075200K
  class space    used 3771K, capacity 3876K, committed 3968K, reserved 1048576K
Event: 199.095 GC heap after
Heap after GC invocations=77 (full 3):
 PSYoungGen      total 1354752K, used 12675K [0x000000076b500000, 0x00000007bfd00000, 0x00000007c0000000)
  eden space 1327104K, 0% used [0x000000076b500000,0x000000076b500000,0x00000007bc500000)
  from space 27648K, 45% used [0x00000007be200000,0x00000007bee60f70,0x00000007bfd00000)
  to   space 28672K, 0% used [0x00000007bc500000,0x00000007bc500000,0x00000007be100000)
 ParOldGen       total 586752K, used 405039K [0x00000006c1e00000, 0x00000006e5b00000, 0x000000076b500000)
  object space 586752K, 69% used [0x00000006c1e00000,0x00000006da98bcf8,0x00000006e5b00000)
 Metaspace       used 29942K, capacity 30318K, committed 30592K, reserved 1075200K
  class space    used 3771K, capacity 3876K, committed 3968K, reserved 1048576K
}
Event: 200.588 GC heap before
{Heap before GC invocations=78 (full 3):
 PSYoungGen      total 1354752K, used 1339779K [0x000000076b500000, 0x00000007bfd00000, 0x00000007c0000000)
  eden space 1327104K, 100% used [0x000000076b500000,0x00000007bc500000,0x00000007bc500000)
  from space 27648K, 45% used [0x00000007be200000,0x00000007bee60f70,0x00000007bfd00000)
  to   space 28672K, 0% used [0x00000007bc500000,0x00000007bc500000,0x00000007be100000)
 ParOldGen       total 586752K, used 405039K [0x00000006c1e00000, 0x00000006e5b00000, 0x000000076b500000)
  object space 586752K, 69% used [0x00000006c1e00000,0x00000006da98bcf8,0x00000006e5b00000)
 Metaspace       used 29944K, capacity 30318K, committed 30592K, reserved 1075200K
  class space    used 3771K, capacity 3876K, committed 3968K, reserved 1048576K
Event: 200.591 GC heap after
Heap after GC invocations=78 (full 3):
 PSYoungGen      total 1355776K, used 14809K [0x000000076b500000, 0x00000007c0000000, 0x00000007c0000000)
  eden space 1327104K, 0% used [0x000000076b500000,0x000000076b500000,0x00000007bc500000)
  from space 28672K, 51% used [0x00000007bc500000,0x00000007bd376768,0x00000007be100000)
  to   space 28160K, 0% used [0x00000007be480000,0x00000007be480000,0x00000007c0000000)
 ParOldGen       total 586752K, used 405079K [0x00000006c1e00000, 0x00000006e5b00000, 0x000000076b500000)
  object space 586752K, 69% used [0x00000006c1e00000,0x00000006da995cf8,0x00000006e5b00000)
 Metaspace       used 29944K, capacity 30318K, committed 30592K, reserved 1075200K
  class space    used 3771K, capacity 3876K, committed 3968K, reserved 1048576K
}

