# JRE version: Java(TM) SE Runtime Environment (8.0_161-b12) (build 1.8.0_161-b12)
# Java VM: Java HotSpot(TM) 64-Bit Server VM (25.161-b12 mixed mode windows-amd64 compressed oops)
Heap:
 PSYoungGen      total 1193984K, used 743629K [0x000000076b500000, 0x00000007bbf00000, 0x00000007c0000000)
  eden space 1182720K, 61% used [0x000000076b500000,0x0000000798037730,0x00000007b3800000)
  from space 11264K, 99% used [0x00000007bb400000,0x00000007bbefc010,0x00000007bbf00000)
  to   space 23552K, 0% used [0x00000007b9100000,0x00000007b9100000,0x00000007ba800000)
 ParOldGen       total 416256K, used 375385K [0x00000006c1e00000, 0x00000006db480000, 0x000000076b500000)
  object space 416256K, 90% used [0x00000006c1e00000,0x00000006d8c965c8,0x00000006db480000)
 Metaspace       used 28296K, capacity 28724K, committed 28928K, reserved 1075200K
  class space    used 3877K, capacity 4028K, committed 4096K, reserved 1048576K
GC Heap History (10 events):
Event: 159.430 GC heap before
{Heap before GC invocations=90 (full 2):
 PSYoungGen      total 1155072K, used 1146320K [0x000000076b500000, 0x00000007b9100000, 0x00000007c0000000)
  eden space 1129472K, 100% used [0x000000076b500000,0x00000007b0400000,0x00000007b0400000)
  from space 25600K, 65% used [0x00000007b0400000,0x00000007b1474010,0x00000007b1d00000)
  to   space 26112K, 0% used [0x00000007b7780000,0x00000007b7780000,0x00000007b9100000)
 ParOldGen       total 416256K, used 375369K [0x00000006c1e00000, 0x00000006db480000, 0x000000076b500000)
  object space 416256K, 90% used [0x00000006c1e00000,0x00000006d8c925c8,0x00000006db480000)
 Metaspace       used 28296K, capacity 28724K, committed 28928K, reserved 1075200K
  class space    used 3877K, capacity 4028K, committed 4096K, reserved 1048576K
Event: 159.437 GC heap after
Heap after GC invocations=90 (full 2):
 PSYoungGen      total 1239552K, used 15728K [0x000000076b500000, 0x00000007b8d00000, 0x00000007c0000000)
  eden space 1217536K, 0% used [0x000000076b500000,0x000000076b500000,0x00000007b5a00000)
  from space 22016K, 71% used [0x00000007b7780000,0x00000007b86dc010,0x00000007b8d00000)
  to   space 26112K, 0% used [0x00000007b5a00000,0x00000007b5a00000,0x00000007b7380000)
 ParOldGen       total 416256K, used 375369K [0x00000006c1e00000, 0x00000006db480000, 0x000000076b500000)
  object space 416256K, 90% used [0x00000006c1e00000,0x00000006d8c925c8,0x00000006db480000)
 Metaspace       used 28296K, capacity 28724K, committed 28928K, reserved 1075200K
  class space    used 3877K, capacity 4028K, committed 4096K, reserved 1048576K
}
Event: 161.643 GC heap before
{Heap before GC invocations=91 (full 2):
 PSYoungGen      total 1239552K, used 1233264K [0x000000076b500000, 0x00000007b8d00000, 0x00000007c0000000)
  eden space 1217536K, 100% used [0x000000076b500000,0x00000007b5a00000,0x00000007b5a00000)
  from space 22016K, 71% used [0x00000007b7780000,0x00000007b86dc010,0x00000007b8d00000)
  to   space 26112K, 0% used [0x00000007b5a00000,0x00000007b5a00000,0x00000007b7380000)
 ParOldGen       total 416256K, used 375369K [0x00000006c1e00000, 0x00000006db480000, 0x000000076b500000)
  object space 416256K, 90% used [0x00000006c1e00000,0x00000006d8c925c8,0x00000006db480000)
 Metaspace       used 28296K, capacity 28724K, committed 28928K, reserved 1075200K
  class space    used 3877K, capacity 4028K, committed 4096K, reserved 1048576K
Event: 161.647 GC heap after
Heap after GC invocations=91 (full 2):
 PSYoungGen      total 1243648K, used 9488K [0x000000076b500000, 0x00000007be000000, 0x00000007c0000000)
  eden space 1217536K, 0% used [0x000000076b500000,0x000000076b500000,0x00000007b5a00000)
  from space 26112K, 36% used [0x00000007b5a00000,0x00000007b6344010,0x00000007b7380000)
  to   space 25088K, 0% used [0x00000007bc780000,0x00000007bc780000,0x00000007be000000)
 ParOldGen       total 416256K, used 375369K [0x00000006c1e00000, 0x00000006db480000, 0x000000076b500000)
  object space 416256K, 90% used [0x00000006c1e00000,0x00000006d8c925c8,0x00000006db480000)
 Metaspace       used 28296K, capacity 28724K, committed 28928K, reserved 1075200K
  class space    used 3877K, capacity 4028K, committed 4096K, reserved 1048576K
}
Event: 163.923 GC heap before
{Heap before GC invocations=92 (full 2):
 PSYoungGen      total 1243648K, used 1227024K [0x000000076b500000, 0x00000007be000000, 0x00000007c0000000)
  eden space 1217536K, 100% used [0x000000076b500000,0x00000007b5a00000,0x00000007b5a00000)
  from space 26112K, 36% used [0x00000007b5a00000,0x00000007b6344010,0x00000007b7380000)
  to   space 25088K, 0% used [0x00000007bc780000,0x00000007bc780000,0x00000007be000000)
 ParOldGen       total 416256K, used 375369K [0x00000006c1e00000, 0x00000006db480000, 0x000000076b500000)
  object space 416256K, 90% used [0x00000006c1e00000,0x00000006d8c925c8,0x00000006db480000)
 Metaspace       used 28296K, capacity 28724K, committed 28928K, reserved 1075200K
  class space    used 3877K, capacity 4028K, committed 4096K, reserved 1048576K
Event: 163.929 GC heap after
Heap after GC invocations=92 (full 2):
 PSYoungGen      total 1320448K, used 15984K [0x000000076b500000, 0x00000007bdc00000, 0x00000007c0000000)
  eden space 1299456K, 0% used [0x000000076b500000,0x000000076b500000,0x00000007baa00000)
  from space 20992K, 76% used [0x00000007bc780000,0x00000007bd71c010,0x00000007bdc00000)
  to   space 25600K, 0% used [0x00000007baa00000,0x00000007baa00000,0x00000007bc300000)
 ParOldGen       total 416256K, used 375369K [0x00000006c1e00000, 0x00000006db480000, 0x000000076b500000)
  object space 416256K, 90% used [0x00000006c1e00000,0x00000006d8c925c8,0x00000006db480000)
 Metaspace       used 28296K, capacity 28724K, committed 28928K, reserved 1075200K
  class space    used 3877K, capacity 4028K, committed 4096K, reserved 1048576K
}
Event: 166.332 GC heap before
{Heap before GC invocations=93 (full 2):
 PSYoungGen      total 1320448K, used 1315440K [0x000000076b500000, 0x00000007bdc00000, 0x00000007c0000000)
  eden space 1299456K, 100% used [0x000000076b500000,0x00000007baa00000,0x00000007baa00000)
  from space 20992K, 76% used [0x00000007bc780000,0x00000007bd71c010,0x00000007bdc00000)
  to   space 25600K, 0% used [0x00000007baa00000,0x00000007baa00000,0x00000007bc300000)
 ParOldGen       total 416256K, used 375369K [0x00000006c1e00000, 0x00000006db480000, 0x000000076b500000)
  object space 416256K, 90% used [0x00000006c1e00000,0x00000006d8c925c8,0x00000006db480000)
 Metaspace       used 28296K, capacity 28724K, committed 28928K, reserved 1075200K
  class space    used 3877K, capacity 4028K, committed 4096K, reserved 1048576K
Event: 166.337 GC heap after
Heap after GC invocations=93 (full 2):
 PSYoungGen      total 1249792K, used 9968K [0x000000076b500000, 0x00000007bc800000, 0x00000007c0000000)
  eden space 1239552K, 0% used [0x000000076b500000,0x000000076b500000,0x00000007b6f80000)
  from space 10240K, 97% used [0x00000007baa00000,0x00000007bb3bc010,0x00000007bb400000)
  to   space 20480K, 0% used [0x00000007bb400000,0x00000007bb400000,0x00000007bc800000)
 ParOldGen       total 416256K, used 375385K [0x00000006c1e00000, 0x00000006db480000, 0x000000076b500000)
  object space 416256K, 90% used [0x00000006c1e00000,0x00000006d8c965c8,0x00000006db480000)
 Metaspace       used 28296K, capacity 28724K, committed 28928K, reserved 1075200K
  class space    used 3877K, capacity 4028K, committed 4096K, reserved 1048576K
}
Event: 168.628 GC heap before
{Heap before GC invocations=94 (full 2):
 PSYoungGen      total 1249792K, used 1249520K [0x000000076b500000, 0x00000007bc800000, 0x00000007c0000000)
  eden space 1239552K, 100% used [0x000000076b500000,0x00000007b6f80000,0x00000007b6f80000)
  from space 10240K, 97% used [0x00000007baa00000,0x00000007bb3bc010,0x00000007bb400000)
  to   space 20480K, 0% used [0x00000007bb400000,0x00000007bb400000,0x00000007bc800000)
 ParOldGen       total 416256K, used 375385K [0x00000006c1e00000, 0x00000006db480000, 0x000000076b500000)
  object space 416256K, 90% used [0x00000006c1e00000,0x00000006d8c965c8,0x00000006db480000)
 Metaspace       used 28296K, capacity 28724K, committed 28928K, reserved 1075200K
  class space    used 3877K, capacity 4028K, committed 4096K, reserved 1048576K
Event: 168.633 GC heap after
Heap after GC invocations=94 (full 2):
 PSYoungGen      total 1193984K, used 11248K [0x000000076b500000, 0x00000007bbf00000, 0x00000007c0000000)
  eden space 1182720K, 0% used [0x000000076b500000,0x000000076b500000,0x00000007b3800000)
  from space 11264K, 99% used [0x00000007bb400000,0x00000007bbefc010,0x00000007bbf00000)
  to   space 23552K, 0% used [0x00000007b9100000,0x00000007b9100000,0x00000007ba800000)
 ParOldGen       total 416256K, used 375385K [0x00000006c1e00000, 0x00000006db480000, 0x000000076b500000)
  object space 416256K, 90% used [0x00000006c1e00000,0x00000006d8c965c8,0x00000006db480000)
 Metaspace       used 28296K, capacity 28724K, committed 28928K, reserved 1075200K
  class space    used 3877K, capacity 4028K, committed 4096K, reserved 1048576K
}

