# JRE version: Java(TM) SE Runtime Environment (8.0_161-b12) (build 1.8.0_161-b12)
# Java VM: Java HotSpot(TM) 64-Bit Server VM (25.161-b12 mixed mode windows-amd64 compressed oops)
Heap:
 PSYoungGen      total 1355776K, used 48785K [0x000000076b500000, 0x00000007c0000000, 0x00000007c0000000)
  eden space 1326080K, 3% used [0x000000076b500000,0x000000076e4a4610,0x00000007bc400000)
  from space 29696K, 0% used [0x00000007bc400000,0x00000007bc400000,0x00000007be100000)
  to   space 31744K, 0% used [0x00000007be100000,0x00000007be100000,0x00000007c0000000)
 ParOldGen       total 281088K, used 259163K [0x00000006c1e00000, 0x00000006d3080000, 0x000000076b500000)
  object space 281088K, 92% used [0x00000006c1e00000,0x00000006d1b16eb0,0x00000006d3080000)
 Metaspace       used 25517K, capacity 25938K, committed 26112K, reserved 1073152K
  class space    used 2859K, capacity 2979K, committed 3072K, reserved 1048576K
GC Heap History (10 events):
Event: 106.706 GC heap before
{Heap before GC invocations=59 (full 1):
 PSYoungGen      total 1353728K, used 1340455K [0x000000076b500000, 0x00000007c0000000, 0x00000007c0000000)
  eden space 1324032K, 100% used [0x000000076b500000,0x00000007bc200000,0x00000007bc200000)
  from space 29696K, 55% used [0x00000007bc200000,0x00000007bd209ce0,0x00000007bdf00000)
  to   space 29696K, 0% used [0x00000007be300000,0x00000007be300000,0x00000007c0000000)
 ParOldGen       total 281088K, used 205487K [0x00000006c1e00000, 0x00000006d3080000, 0x000000076b500000)
  object space 281088K, 73% used [0x00000006c1e00000,0x00000006ce6abf88,0x00000006d3080000)
 Metaspace       used 22290K, capacity 22644K, committed 22912K, reserved 1069056K
  class space    used 2491K, capacity 2586K, committed 2688K, reserved 1048576K
Event: 106.719 GC heap after
Heap after GC invocations=59 (full 1):
 PSYoungGen      total 1354752K, used 19316K [0x000000076b500000, 0x00000007c0000000, 0x00000007c0000000)
  eden space 1325056K, 0% used [0x000000076b500000,0x000000076b500000,0x00000007bc300000)
  from space 29696K, 65% used [0x00000007be300000,0x00000007bf5dd100,0x00000007c0000000)
  to   space 31232K, 0% used [0x00000007bc300000,0x00000007bc300000,0x00000007be180000)
 ParOldGen       total 281088K, used 220402K [0x00000006c1e00000, 0x00000006d3080000, 0x000000076b500000)
  object space 281088K, 78% used [0x00000006c1e00000,0x00000006cf53cac0,0x00000006d3080000)
 Metaspace       used 22290K, capacity 22644K, committed 22912K, reserved 1069056K
  class space    used 2491K, capacity 2586K, committed 2688K, reserved 1048576K
}
Event: 112.490 GC heap before
{Heap before GC invocations=60 (full 1):
 PSYoungGen      total 1354752K, used 1344372K [0x000000076b500000, 0x00000007c0000000, 0x00000007c0000000)
  eden space 1325056K, 100% used [0x000000076b500000,0x00000007bc300000,0x00000007bc300000)
  from space 29696K, 65% used [0x00000007be300000,0x00000007bf5dd100,0x00000007c0000000)
  to   space 31232K, 0% used [0x00000007bc300000,0x00000007bc300000,0x00000007be180000)
 ParOldGen       total 281088K, used 220402K [0x00000006c1e00000, 0x00000006d3080000, 0x000000076b500000)
  object space 281088K, 78% used [0x00000006c1e00000,0x00000006cf53cac0,0x00000006d3080000)
 Metaspace       used 22379K, capacity 22708K, committed 22912K, reserved 1069056K
  class space    used 2501K, capacity 2586K, committed 2688K, reserved 1048576K
Event: 112.500 GC heap after
Heap after GC invocations=60 (full 1):
 PSYoungGen      total 1356288K, used 14571K [0x000000076b500000, 0x00000007bff80000, 0x00000007c0000000)
  eden space 1325056K, 0% used [0x000000076b500000,0x000000076b500000,0x00000007bc300000)
  from space 31232K, 46% used [0x00000007bc300000,0x00000007bd13ac00,0x00000007be180000)
  to   space 30208K, 0% used [0x00000007be200000,0x00000007be200000,0x00000007bff80000)
 ParOldGen       total 281088K, used 236731K [0x00000006c1e00000, 0x00000006d3080000, 0x000000076b500000)
  object space 281088K, 84% used [0x00000006c1e00000,0x00000006d052eeb8,0x00000006d3080000)
 Metaspace       used 22379K, capacity 22708K, committed 22912K, reserved 1069056K
  class space    used 2501K, capacity 2586K, committed 2688K, reserved 1048576K
}
Event: 115.250 GC heap before
{Heap before GC invocations=61 (full 1):
 PSYoungGen      total 1356288K, used 1339627K [0x000000076b500000, 0x00000007bff80000, 0x00000007c0000000)
  eden space 1325056K, 100% used [0x000000076b500000,0x00000007bc300000,0x00000007bc300000)
  from space 31232K, 46% used [0x00000007bc300000,0x00000007bd13ac00,0x00000007be180000)
  to   space 30208K, 0% used [0x00000007be200000,0x00000007be200000,0x00000007bff80000)
 ParOldGen       total 281088K, used 236731K [0x00000006c1e00000, 0x00000006d3080000, 0x000000076b500000)
  object space 281088K, 84% used [0x00000006c1e00000,0x00000006d052eeb8,0x00000006d3080000)
 Metaspace       used 22392K, capacity 22708K, committed 22912K, reserved 1069056K
  class space    used 2506K, capacity 2586K, committed 2688K, reserved 1048576K
Event: 115.260 GC heap after
Heap after GC invocations=61 (full 1):
 PSYoungGen      total 1354752K, used 4804K [0x000000076b500000, 0x00000007bfe00000, 0x00000007c0000000)
  eden space 1326080K, 0% used [0x000000076b500000,0x000000076b500000,0x00000007bc400000)
  from space 28672K, 16% used [0x00000007be200000,0x00000007be6b12d8,0x00000007bfe00000)
  to   space 29696K, 0% used [0x00000007bc400000,0x00000007bc400000,0x00000007be100000)
 ParOldGen       total 281088K, used 250015K [0x00000006c1e00000, 0x00000006d3080000, 0x000000076b500000)
  object space 281088K, 88% used [0x00000006c1e00000,0x00000006d1227fe0,0x00000006d3080000)
 Metaspace       used 22392K, capacity 22708K, committed 22912K, reserved 1069056K
  class space    used 2506K, capacity 2586K, committed 2688K, reserved 1048576K
}
Event: 127.736 GC heap before
{Heap before GC invocations=62 (full 1):
 PSYoungGen      total 1354752K, used 234937K [0x000000076b500000, 0x00000007bfe00000, 0x00000007c0000000)
  eden space 1326080K, 17% used [0x000000076b500000,0x00000007795bd450,0x00000007bc400000)
  from space 28672K, 16% used [0x00000007be200000,0x00000007be6b12d8,0x00000007bfe00000)
  to   space 29696K, 0% used [0x00000007bc400000,0x00000007bc400000,0x00000007be100000)
 ParOldGen       total 281088K, used 250015K [0x00000006c1e00000, 0x00000006d3080000, 0x000000076b500000)
  object space 281088K, 88% used [0x00000006c1e00000,0x00000006d1227fe0,0x00000006d3080000)
 Metaspace       used 25508K, capacity 25938K, committed 26112K, reserved 1073152K
  class space    used 2857K, capacity 2979K, committed 3072K, reserved 1048576K
Event: 127.746 GC heap after
Heap after GC invocations=62 (full 1):
 PSYoungGen      total 1355776K, used 29671K [0x000000076b500000, 0x00000007c0000000, 0x00000007c0000000)
  eden space 1326080K, 0% used [0x000000076b500000,0x000000076b500000,0x00000007bc400000)
  from space 29696K, 99% used [0x00000007bc400000,0x00000007be0f9d40,0x00000007be100000)
  to   space 31744K, 0% used [0x00000007be100000,0x00000007be100000,0x00000007c0000000)
 ParOldGen       total 281088K, used 261831K [0x00000006c1e00000, 0x00000006d3080000, 0x000000076b500000)
  object space 281088K, 93% used [0x00000006c1e00000,0x00000006d1db1ff0,0x00000006d3080000)
 Metaspace       used 25508K, capacity 25938K, committed 26112K, reserved 1073152K
  class space    used 2857K, capacity 2979K, committed 3072K, reserved 1048576K
}
Event: 127.746 GC heap before
{Heap before GC invocations=63 (full 2):
 PSYoungGen      total 1355776K, used 29671K [0x000000076b500000, 0x00000007c0000000, 0x00000007c0000000)
  eden space 1326080K, 0% used [0x000000076b500000,0x000000076b500000,0x00000007bc400000)
  from space 29696K, 99% used [0x00000007bc400000,0x00000007be0f9d40,0x00000007be100000)
  to   space 31744K, 0% used [0x00000007be100000,0x00000007be100000,0x00000007c0000000)
 ParOldGen       total 281088K, used 261831K [0x00000006c1e00000, 0x00000006d3080000, 0x000000076b500000)
  object space 281088K, 93% used [0x00000006c1e00000,0x00000006d1db1ff0,0x00000006d3080000)
 Metaspace       used 25508K, capacity 25938K, committed 26112K, reserved 1073152K
  class space    used 2857K, capacity 2979K, committed 3072K, reserved 1048576K
Event: 128.091 GC heap after
Heap after GC invocations=63 (full 2):
 PSYoungGen      total 1355776K, used 0K [0x000000076b500000, 0x00000007c0000000, 0x00000007c0000000)
  eden space 1326080K, 0% used [0x000000076b500000,0x000000076b500000,0x00000007bc400000)
  from space 29696K, 0% used [0x00000007bc400000,0x00000007bc400000,0x00000007be100000)
  to   space 31744K, 0% used [0x00000007be100000,0x00000007be100000,0x00000007c0000000)
 ParOldGen       total 281088K, used 259163K [0x00000006c1e00000, 0x00000006d3080000, 0x000000076b500000)
  object space 281088K, 92% used [0x00000006c1e00000,0x00000006d1b16eb0,0x00000006d3080000)
 Metaspace       used 25508K, capacity 25938K, committed 26112K, reserved 1073152K
  class space    used 2857K, capacity 2979K, committed 3072K, reserved 1048576K
}

