# JRE version: Java(TM) SE Runtime Environment (8.0_161-b12) (build 1.8.0_161-b12)
# Java VM: Java HotSpot(TM) 64-Bit Server VM (25.161-b12 mixed mode windows-amd64 compressed oops)
Heap:
 PSYoungGen      total 634880K, used 420552K [0x000000076b500000, 0x0000000792e80000, 0x00000007c0000000)
  eden space 623104K, 67% used [0x000000076b500000,0x0000000784e39ff8,0x0000000791580000)
  from space 11776K, 12% used [0x0000000792300000,0x0000000792478048,0x0000000792e80000)
  to   space 12800K, 0% used [0x0000000791580000,0x0000000791580000,0x0000000792200000)
 ParOldGen       total 175104K, used 150327K [0x00000006c1e00000, 0x00000006cc900000, 0x000000076b500000)
  object space 175104K, 85% used [0x00000006c1e00000,0x00000006cb0cdcd0,0x00000006cc900000)
 Metaspace       used 14912K, capacity 15200K, committed 15232K, reserved 1062912K
  class space    used 1818K, capacity 1905K, committed 1920K, reserved 1048576K
GC Heap History (10 events):
Event: 43.925 GC heap before
{Heap before GC invocations=44 (full 0):
 PSYoungGen      total 635904K, used 625426K [0x000000076b500000, 0x0000000792e80000, 0x00000007c0000000)
  eden space 623104K, 100% used [0x000000076b500000,0x0000000791580000,0x0000000791580000)
  from space 12800K, 18% used [0x0000000791580000,0x00000007917c48c8,0x0000000792200000)
  to   space 11776K, 0% used [0x0000000792300000,0x0000000792300000,0x0000000792e80000)
 ParOldGen       total 175104K, used 138425K [0x00000006c1e00000, 0x00000006cc900000, 0x000000076b500000)
  object space 175104K, 79% used [0x00000006c1e00000,0x00000006ca52e718,0x00000006cc900000)
 Metaspace       used 14505K, capacity 14752K, committed 14976K, reserved 1062912K
  class space    used 1770K, capacity 1841K, committed 1920K, reserved 1048576K
Event: 43.929 GC heap after
Heap after GC invocations=44 (full 0):
 PSYoungGen      total 634880K, used 1886K [0x000000076b500000, 0x0000000792e80000, 0x00000007c0000000)
  eden space 623104K, 0% used [0x000000076b500000,0x000000076b500000,0x0000000791580000)
  from space 11776K, 16% used [0x0000000792300000,0x00000007924d79d8,0x0000000792e80000)
  to   space 12800K, 0% used [0x0000000791580000,0x0000000791580000,0x0000000792200000)
 ParOldGen       total 175104K, used 140489K [0x00000006c1e00000, 0x00000006cc900000, 0x000000076b500000)
  object space 175104K, 80% used [0x00000006c1e00000,0x00000006ca732738,0x00000006cc900000)
 Metaspace       used 14505K, capacity 14752K, committed 14976K, reserved 1062912K
  class space    used 1770K, capacity 1841K, committed 1920K, reserved 1048576K
}
Event: 44.038 GC heap before
{Heap before GC invocations=45 (full 0):
 PSYoungGen      total 634880K, used 624990K [0x000000076b500000, 0x0000000792e80000, 0x00000007c0000000)
  eden space 623104K, 100% used [0x000000076b500000,0x0000000791580000,0x0000000791580000)
  from space 11776K, 16% used [0x0000000792300000,0x00000007924d79d8,0x0000000792e80000)
  to   space 12800K, 0% used [0x0000000791580000,0x0000000791580000,0x0000000792200000)
 ParOldGen       total 175104K, used 140489K [0x00000006c1e00000, 0x00000006cc900000, 0x000000076b500000)
  object space 175104K, 80% used [0x00000006c1e00000,0x00000006ca732738,0x00000006cc900000)
 Metaspace       used 14505K, capacity 14752K, committed 14976K, reserved 1062912K
  class space    used 1770K, capacity 1841K, committed 1920K, reserved 1048576K
Event: 44.042 GC heap after
Heap after GC invocations=45 (full 0):
 PSYoungGen      total 635904K, used 2602K [0x000000076b500000, 0x0000000792e80000, 0x00000007c0000000)
  eden space 623104K, 0% used [0x000000076b500000,0x000000076b500000,0x0000000791580000)
  from space 12800K, 20% used [0x0000000791580000,0x000000079180a830,0x0000000792200000)
  to   space 11776K, 0% used [0x0000000792300000,0x0000000792300000,0x0000000792e80000)
 ParOldGen       total 175104K, used 142105K [0x00000006c1e00000, 0x00000006cc900000, 0x000000076b500000)
  object space 175104K, 81% used [0x00000006c1e00000,0x00000006ca8c6738,0x00000006cc900000)
 Metaspace       used 14505K, capacity 14752K, committed 14976K, reserved 1062912K
  class space    used 1770K, capacity 1841K, committed 1920K, reserved 1048576K
}
Event: 44.146 GC heap before
{Heap before GC invocations=46 (full 0):
 PSYoungGen      total 635904K, used 625706K [0x000000076b500000, 0x0000000792e80000, 0x00000007c0000000)
  eden space 623104K, 100% used [0x000000076b500000,0x0000000791580000,0x0000000791580000)
  from space 12800K, 20% used [0x0000000791580000,0x000000079180a830,0x0000000792200000)
  to   space 11776K, 0% used [0x0000000792300000,0x0000000792300000,0x0000000792e80000)
 ParOldGen       total 175104K, used 142105K [0x00000006c1e00000, 0x00000006cc900000, 0x000000076b500000)
  object space 175104K, 81% used [0x00000006c1e00000,0x00000006ca8c6738,0x00000006cc900000)
 Metaspace       used 14505K, capacity 14752K, committed 14976K, reserved 1062912K
  class space    used 1770K, capacity 1841K, committed 1920K, reserved 1048576K
Event: 44.158 GC heap after
Heap after GC invocations=46 (full 0):
 PSYoungGen      total 634880K, used 1941K [0x000000076b500000, 0x0000000792e80000, 0x00000007c0000000)
  eden space 623104K, 0% used [0x000000076b500000,0x000000076b500000,0x0000000791580000)
  from space 11776K, 16% used [0x0000000792300000,0x00000007924e5400,0x0000000792e80000)
  to   space 12800K, 0% used [0x0000000791580000,0x0000000791580000,0x0000000792200000)
 ParOldGen       total 175104K, used 144945K [0x00000006c1e00000, 0x00000006cc900000, 0x000000076b500000)
  object space 175104K, 82% used [0x00000006c1e00000,0x00000006cab8c758,0x00000006cc900000)
 Metaspace       used 14505K, capacity 14752K, committed 14976K, reserved 1062912K
  class space    used 1770K, capacity 1841K, committed 1920K, reserved 1048576K
}
Event: 44.229 GC heap before
{Heap before GC invocations=47 (full 0):
 PSYoungGen      total 634880K, used 625045K [0x000000076b500000, 0x0000000792e80000, 0x00000007c0000000)
  eden space 623104K, 100% used [0x000000076b500000,0x0000000791580000,0x0000000791580000)
  from space 11776K, 16% used [0x0000000792300000,0x00000007924e5400,0x0000000792e80000)
  to   space 12800K, 0% used [0x0000000791580000,0x0000000791580000,0x0000000792200000)
 ParOldGen       total 175104K, used 144945K [0x00000006c1e00000, 0x00000006cc900000, 0x000000076b500000)
  object space 175104K, 82% used [0x00000006c1e00000,0x00000006cab8c758,0x00000006cc900000)
 Metaspace       used 14505K, capacity 14752K, committed 14976K, reserved 1062912K
  class space    used 1770K, capacity 1841K, committed 1920K, reserved 1048576K
Event: 44.233 GC heap after
Heap after GC invocations=47 (full 0):
 PSYoungGen      total 635904K, used 4120K [0x000000076b500000, 0x0000000792e80000, 0x00000007c0000000)
  eden space 623104K, 0% used [0x000000076b500000,0x000000076b500000,0x0000000791580000)
  from space 12800K, 32% used [0x0000000791580000,0x00000007919860a8,0x0000000792200000)
  to   space 11776K, 0% used [0x0000000792300000,0x0000000792300000,0x0000000792e80000)
 ParOldGen       total 175104K, used 146577K [0x00000006c1e00000, 0x00000006cc900000, 0x000000076b500000)
  object space 175104K, 83% used [0x00000006c1e00000,0x00000006cad24758,0x00000006cc900000)
 Metaspace       used 14505K, capacity 14752K, committed 14976K, reserved 1062912K
  class space    used 1770K, capacity 1841K, committed 1920K, reserved 1048576K
}
Event: 44.285 GC heap before
{Heap before GC invocations=48 (full 0):
 PSYoungGen      total 635904K, used 627224K [0x000000076b500000, 0x0000000792e80000, 0x00000007c0000000)
  eden space 623104K, 100% used [0x000000076b500000,0x0000000791580000,0x0000000791580000)
  from space 12800K, 32% used [0x0000000791580000,0x00000007919860a8,0x0000000792200000)
  to   space 11776K, 0% used [0x0000000792300000,0x0000000792300000,0x0000000792e80000)
 ParOldGen       total 175104K, used 146577K [0x00000006c1e00000, 0x00000006cc900000, 0x000000076b500000)
  object space 175104K, 83% used [0x00000006c1e00000,0x00000006cad24758,0x00000006cc900000)
 Metaspace       used 14505K, capacity 14752K, committed 14976K, reserved 1062912K
  class space    used 1770K, capacity 1841K, committed 1920K, reserved 1048576K
Event: 44.289 GC heap after
Heap after GC invocations=48 (full 0):
 PSYoungGen      total 634880K, used 1504K [0x000000076b500000, 0x0000000792e80000, 0x00000007c0000000)
  eden space 623104K, 0% used [0x000000076b500000,0x000000076b500000,0x0000000791580000)
  from space 11776K, 12% used [0x0000000792300000,0x0000000792478048,0x0000000792e80000)
  to   space 12800K, 0% used [0x0000000791580000,0x0000000791580000,0x0000000792200000)
 ParOldGen       total 175104K, used 150327K [0x00000006c1e00000, 0x00000006cc900000, 0x000000076b500000)
  object space 175104K, 85% used [0x00000006c1e00000,0x00000006cb0cdcd0,0x00000006cc900000)
 Metaspace       used 14505K, capacity 14752K, committed 14976K, reserved 1062912K
  class space    used 1770K, capacity 1841K, committed 1920K, reserved 1048576K
}

