# JRE version: Java(TM) SE Runtime Environment (8.0_161-b12) (build 1.8.0_161-b12)
# Java VM: Java HotSpot(TM) 64-Bit Server VM (25.161-b12 mixed mode windows-amd64 compressed oops)
Heap:
 PSYoungGen      total 76288K, used 58615K [0x000000076b500000, 0x0000000770a00000, 0x00000007c0000000)
  eden space 65536K, 85% used [0x000000076b500000,0x000000076ec05cf0,0x000000076f500000)
  from space 10752K, 21% used [0x000000076f500000,0x000000076f738000,0x000000076ff80000)
  to   space 10752K, 0% used [0x000000076ff80000,0x000000076ff80000,0x0000000770a00000)
 ParOldGen       total 141312K, used 31330K [0x00000006c1e00000, 0x00000006ca800000, 0x000000076b500000)
  object space 141312K, 22% used [0x00000006c1e00000,0x00000006c3c98830,0x00000006ca800000)
 Metaspace       used 14318K, capacity 14560K, committed 14720K, reserved 1067008K
  class space    used 1760K, capacity 1841K, committed 1920K, reserved 1048576K
GC Heap History (10 events):
Event: 14.577 GC heap before
{Heap before GC invocations=4 (full 2):
 PSYoungGen      total 76288K, used 10737K [0x000000076b500000, 0x0000000770a00000, 0x00000007c0000000)
  eden space 65536K, 0% used [0x000000076b500000,0x000000076b500000,0x000000076f500000)
  from space 10752K, 99% used [0x000000076ff80000,0x00000007709fc638,0x0000000770a00000)
  to   space 10752K, 0% used [0x000000076f500000,0x000000076f500000,0x000000076ff80000)
 ParOldGen       total 68096K, used 37764K [0x00000006c1e00000, 0x00000006c6080000, 0x000000076b500000)
  object space 68096K, 55% used [0x00000006c1e00000,0x00000006c42e1108,0x00000006c6080000)
 Metaspace       used 13351K, capacity 13660K, committed 13824K, reserved 1064960K
  class space    used 1691K, capacity 1777K, committed 1792K, reserved 1048576K
Event: 14.587 GC heap after
Heap after GC invocations=4 (full 2):
 PSYoungGen      total 76288K, used 0K [0x000000076b500000, 0x0000000770a00000, 0x00000007c0000000)
  eden space 65536K, 0% used [0x000000076b500000,0x000000076b500000,0x000000076f500000)
  from space 10752K, 0% used [0x000000076ff80000,0x000000076ff80000,0x0000000770a00000)
  to   space 10752K, 0% used [0x000000076f500000,0x000000076f500000,0x000000076ff80000)
 ParOldGen       total 68096K, used 30739K [0x00000006c1e00000, 0x00000006c6080000, 0x000000076b500000)
  object space 68096K, 45% used [0x00000006c1e00000,0x00000006c3c04e40,0x00000006c6080000)
 Metaspace       used 13351K, capacity 13660K, committed 13824K, reserved 1064960K
  class space    used 1691K, capacity 1777K, committed 1792K, reserved 1048576K
}
Event: 23.914 GC heap before
{Heap before GC invocations=5 (full 3):
 PSYoungGen      total 76288K, used 65536K [0x000000076b500000, 0x0000000770a00000, 0x00000007c0000000)
  eden space 65536K, 100% used [0x000000076b500000,0x000000076f500000,0x000000076f500000)
  from space 10752K, 0% used [0x000000076ff80000,0x000000076ff80000,0x0000000770a00000)
  to   space 10752K, 0% used [0x000000076f500000,0x000000076f500000,0x000000076ff80000)
 ParOldGen       total 68096K, used 30739K [0x00000006c1e00000, 0x00000006c6080000, 0x000000076b500000)
  object space 68096K, 45% used [0x00000006c1e00000,0x00000006c3c04e40,0x00000006c6080000)
 Metaspace       used 14318K, capacity 14560K, committed 14720K, reserved 1067008K
  class space    used 1760K, capacity 1841K, committed 1920K, reserved 1048576K
Event: 23.952 GC heap after
Heap after GC invocations=5 (full 3):
 PSYoungGen      total 76288K, used 0K [0x000000076b500000, 0x0000000770a00000, 0x00000007c0000000)
  eden space 65536K, 0% used [0x000000076b500000,0x000000076b500000,0x000000076f500000)
  from space 10752K, 0% used [0x000000076ff80000,0x000000076ff80000,0x0000000770a00000)
  to   space 10752K, 0% used [0x000000076f500000,0x000000076f500000,0x000000076ff80000)
 ParOldGen       total 141312K, used 31330K [0x00000006c1e00000, 0x00000006ca800000, 0x000000076b500000)
  object space 141312K, 22% used [0x00000006c1e00000,0x00000006c3c98830,0x00000006ca800000)
 Metaspace       used 14318K, capacity 14560K, committed 14720K, reserved 1067008K
  class space    used 1760K, capacity 1841K, committed 1920K, reserved 1048576K
}
Event: 24.232 GC heap before
{Heap before GC invocations=6 (full 3):
 PSYoungGen      total 76288K, used 65536K [0x000000076b500000, 0x0000000770a00000, 0x00000007c0000000)
  eden space 65536K, 100% used [0x000000076b500000,0x000000076f500000,0x000000076f500000)
  from space 10752K, 0% used [0x000000076ff80000,0x000000076ff80000,0x0000000770a00000)
  to   space 10752K, 0% used [0x000000076f500000,0x000000076f500000,0x000000076ff80000)
 ParOldGen       total 141312K, used 31330K [0x00000006c1e00000, 0x00000006ca800000, 0x000000076b500000)
  object space 141312K, 22% used [0x00000006c1e00000,0x00000006c3c98830,0x00000006ca800000)
 Metaspace       used 14318K, capacity 14560K, committed 14720K, reserved 1067008K
  class space    used 1760K, capacity 1841K, committed 1920K, reserved 1048576K
Event: 24.234 GC heap after
Heap after GC invocations=6 (full 3):
 PSYoungGen      total 76288K, used 1280K [0x000000076b500000, 0x0000000770a00000, 0x00000007c0000000)
  eden space 65536K, 0% used [0x000000076b500000,0x000000076b500000,0x000000076f500000)
  from space 10752K, 11% used [0x000000076f500000,0x000000076f640000,0x000000076ff80000)
  to   space 10752K, 0% used [0x000000076ff80000,0x000000076ff80000,0x0000000770a00000)
 ParOldGen       total 141312K, used 31330K [0x00000006c1e00000, 0x00000006ca800000, 0x000000076b500000)
  object space 141312K, 22% used [0x00000006c1e00000,0x00000006c3c98830,0x00000006ca800000)
 Metaspace       used 14318K, capacity 14560K, committed 14720K, reserved 1067008K
  class space    used 1760K, capacity 1841K, committed 1920K, reserved 1048576K
}
Event: 24.497 GC heap before
{Heap before GC invocations=7 (full 3):
 PSYoungGen      total 76288K, used 66816K [0x000000076b500000, 0x0000000770a00000, 0x00000007c0000000)
  eden space 65536K, 100% used [0x000000076b500000,0x000000076f500000,0x000000076f500000)
  from space 10752K, 11% used [0x000000076f500000,0x000000076f640000,0x000000076ff80000)
  to   space 10752K, 0% used [0x000000076ff80000,0x000000076ff80000,0x0000000770a00000)
 ParOldGen       total 141312K, used 31330K [0x00000006c1e00000, 0x00000006ca800000, 0x000000076b500000)
  object space 141312K, 22% used [0x00000006c1e00000,0x00000006c3c98830,0x00000006ca800000)
 Metaspace       used 14318K, capacity 14560K, committed 14720K, reserved 1067008K
  class space    used 1760K, capacity 1841K, committed 1920K, reserved 1048576K
Event: 24.499 GC heap after
Heap after GC invocations=7 (full 3):
 PSYoungGen      total 76288K, used 1760K [0x000000076b500000, 0x0000000770a00000, 0x00000007c0000000)
  eden space 65536K, 0% used [0x000000076b500000,0x000000076b500000,0x000000076f500000)
  from space 10752K, 16% used [0x000000076ff80000,0x0000000770138000,0x0000000770a00000)
  to   space 10752K, 0% used [0x000000076f500000,0x000000076f500000,0x000000076ff80000)
 ParOldGen       total 141312K, used 31330K [0x00000006c1e00000, 0x00000006ca800000, 0x000000076b500000)
  object space 141312K, 22% used [0x00000006c1e00000,0x00000006c3c98830,0x00000006ca800000)
 Metaspace       used 14318K, capacity 14560K, committed 14720K, reserved 1067008K
  class space    used 1760K, capacity 1841K, committed 1920K, reserved 1048576K
}
Event: 24.759 GC heap before
{Heap before GC invocations=8 (full 3):
 PSYoungGen      total 76288K, used 67296K [0x000000076b500000, 0x0000000770a00000, 0x00000007c0000000)
  eden space 65536K, 100% used [0x000000076b500000,0x000000076f500000,0x000000076f500000)
  from space 10752K, 16% used [0x000000076ff80000,0x0000000770138000,0x0000000770a00000)
  to   space 10752K, 0% used [0x000000076f500000,0x000000076f500000,0x000000076ff80000)
 ParOldGen       total 141312K, used 31330K [0x00000006c1e00000, 0x00000006ca800000, 0x000000076b500000)
  object space 141312K, 22% used [0x00000006c1e00000,0x00000006c3c98830,0x00000006ca800000)
 Metaspace       used 14318K, capacity 14560K, committed 14720K, reserved 1067008K
  class space    used 1760K, capacity 1841K, committed 1920K, reserved 1048576K
Event: 24.761 GC heap after
Heap after GC invocations=8 (full 3):
 PSYoungGen      total 76288K, used 2272K [0x000000076b500000, 0x0000000770a00000, 0x00000007c0000000)
  eden space 65536K, 0% used [0x000000076b500000,0x000000076b500000,0x000000076f500000)
  from space 10752K, 21% used [0x000000076f500000,0x000000076f738000,0x000000076ff80000)
  to   space 10752K, 0% used [0x000000076ff80000,0x000000076ff80000,0x0000000770a00000)
 ParOldGen       total 141312K, used 31330K [0x00000006c1e00000, 0x00000006ca800000, 0x000000076b500000)
  object space 141312K, 22% used [0x00000006c1e00000,0x00000006c3c98830,0x00000006ca800000)
 Metaspace       used 14318K, capacity 14560K, committed 14720K, reserved 1067008K
  class space    used 1760K, capacity 1841K, committed 1920K, reserved 1048576K
}

