# JRE version: Java(TM) SE Runtime Environment (8.0_161-b12) (build 1.8.0_161-b12)
# Java VM: Java HotSpot(TM) 64-Bit Server VM (25.161-b12 mixed mode windows-amd64 compressed oops)
Heap:
 PSYoungGen      total 536064K, used 280652K [0x000000076b500000, 0x000000078dd80000, 0x00000007c0000000)
  eden space 506368K, 55% used [0x000000076b500000,0x000000077c713288,0x000000078a380000)
  from space 29696K, 0% used [0x000000078a380000,0x000000078a380000,0x000000078c080000)
  to   space 28672K, 0% used [0x000000078c180000,0x000000078c180000,0x000000078dd80000)
 ParOldGen       total 175104K, used 163693K [0x00000006c1e00000, 0x00000006cc900000, 0x000000076b500000)
  object space 175104K, 93% used [0x00000006c1e00000,0x00000006cbddb4f8,0x00000006cc900000)
 Metaspace       used 19378K, capacity 19645K, committed 19712K, reserved 1067008K
  class space    used 2224K, capacity 2291K, committed 2304K, reserved 1048576K
GC Heap History (10 events):
Event: 43.321 GC heap before
{Heap before GC invocations=46 (full 0):
 PSYoungGen      total 536064K, used 507951K [0x000000076b500000, 0x000000078dd80000, 0x00000007c0000000)
  eden space 506368K, 100% used [0x000000076b500000,0x000000078a380000,0x000000078a380000)
  from space 29696K, 5% used [0x000000078a380000,0x000000078a50bd40,0x000000078c080000)
  to   space 28672K, 0% used [0x000000078c180000,0x000000078c180000,0x000000078dd80000)
 ParOldGen       total 175104K, used 149118K [0x00000006c1e00000, 0x00000006cc900000, 0x000000076b500000)
  object space 175104K, 85% used [0x00000006c1e00000,0x00000006caf9fa28,0x00000006cc900000)
 Metaspace       used 14510K, capacity 14752K, committed 14976K, reserved 1062912K
  class space    used 1770K, capacity 1841K, committed 1920K, reserved 1048576K
Event: 43.325 GC heap after
Heap after GC invocations=46 (full 0):
 PSYoungGen      total 535040K, used 3638K [0x000000076b500000, 0x000000078dd80000, 0x00000007c0000000)
  eden space 506368K, 0% used [0x000000076b500000,0x000000076b500000,0x000000078a380000)
  from space 28672K, 12% used [0x000000078c180000,0x000000078c50da60,0x000000078dd80000)
  to   space 29696K, 0% used [0x000000078a380000,0x000000078a380000,0x000000078c080000)
 ParOldGen       total 175104K, used 150374K [0x00000006c1e00000, 0x00000006cc900000, 0x000000076b500000)
  object space 175104K, 85% used [0x00000006c1e00000,0x00000006cb0d9a28,0x00000006cc900000)
 Metaspace       used 14510K, capacity 14752K, committed 14976K, reserved 1062912K
  class space    used 1770K, capacity 1841K, committed 1920K, reserved 1048576K
}
Event: 43.370 GC heap before
{Heap before GC invocations=47 (full 0):
 PSYoungGen      total 535040K, used 510006K [0x000000076b500000, 0x000000078dd80000, 0x00000007c0000000)
  eden space 506368K, 100% used [0x000000076b500000,0x000000078a380000,0x000000078a380000)
  from space 28672K, 12% used [0x000000078c180000,0x000000078c50da60,0x000000078dd80000)
  to   space 29696K, 0% used [0x000000078a380000,0x000000078a380000,0x000000078c080000)
 ParOldGen       total 175104K, used 150374K [0x00000006c1e00000, 0x00000006cc900000, 0x000000076b500000)
  object space 175104K, 85% used [0x00000006c1e00000,0x00000006cb0d9a28,0x00000006cc900000)
 Metaspace       used 14510K, capacity 14752K, committed 14976K, reserved 1062912K
  class space    used 1770K, capacity 1841K, committed 1920K, reserved 1048576K
Event: 43.374 GC heap after
Heap after GC invocations=47 (full 0):
 PSYoungGen      total 536064K, used 1702K [0x000000076b500000, 0x000000078dd80000, 0x00000007c0000000)
  eden space 506368K, 0% used [0x000000076b500000,0x000000076b500000,0x000000078a380000)
  from space 29696K, 5% used [0x000000078a380000,0x000000078a529920,0x000000078c080000)
  to   space 28672K, 0% used [0x000000078c180000,0x000000078c180000,0x000000078dd80000)
 ParOldGen       total 175104K, used 153795K [0x00000006c1e00000, 0x00000006cc900000, 0x000000076b500000)
  object space 175104K, 87% used [0x00000006c1e00000,0x00000006cb430fb0,0x00000006cc900000)
 Metaspace       used 14510K, capacity 14752K, committed 14976K, reserved 1062912K
  class space    used 1770K, capacity 1841K, committed 1920K, reserved 1048576K
}
Event: 43.417 GC heap before
{Heap before GC invocations=48 (full 0):
 PSYoungGen      total 536064K, used 508070K [0x000000076b500000, 0x000000078dd80000, 0x00000007c0000000)
  eden space 506368K, 100% used [0x000000076b500000,0x000000078a380000,0x000000078a380000)
  from space 29696K, 5% used [0x000000078a380000,0x000000078a529920,0x000000078c080000)
  to   space 28672K, 0% used [0x000000078c180000,0x000000078c180000,0x000000078dd80000)
 ParOldGen       total 175104K, used 153795K [0x00000006c1e00000, 0x00000006cc900000, 0x000000076b500000)
  object space 175104K, 87% used [0x00000006c1e00000,0x00000006cb430fb0,0x00000006cc900000)
 Metaspace       used 14510K, capacity 14752K, committed 14976K, reserved 1062912K
  class space    used 1770K, capacity 1841K, committed 1920K, reserved 1048576K
Event: 43.419 GC heap after
Heap after GC invocations=48 (full 0):
 PSYoungGen      total 535040K, used 1341K [0x000000076b500000, 0x000000078dd80000, 0x00000007c0000000)
  eden space 506368K, 0% used [0x000000076b500000,0x000000076b500000,0x000000078a380000)
  from space 28672K, 4% used [0x000000078c180000,0x000000078c2cf770,0x000000078dd80000)
  to   space 29696K, 0% used [0x000000078a380000,0x000000078a380000,0x000000078c080000)
 ParOldGen       total 175104K, used 155267K [0x00000006c1e00000, 0x00000006cc900000, 0x000000076b500000)
  object space 175104K, 88% used [0x00000006c1e00000,0x00000006cb5a0fb0,0x00000006cc900000)
 Metaspace       used 14510K, capacity 14752K, committed 14976K, reserved 1062912K
  class space    used 1770K, capacity 1841K, committed 1920K, reserved 1048576K
}
Event: 43.798 GC heap before
{Heap before GC invocations=49 (full 0):
 PSYoungGen      total 535040K, used 507709K [0x000000076b500000, 0x000000078dd80000, 0x00000007c0000000)
  eden space 506368K, 100% used [0x000000076b500000,0x000000078a380000,0x000000078a380000)
  from space 28672K, 4% used [0x000000078c180000,0x000000078c2cf770,0x000000078dd80000)
  to   space 29696K, 0% used [0x000000078a380000,0x000000078a380000,0x000000078c080000)
 ParOldGen       total 175104K, used 155267K [0x00000006c1e00000, 0x00000006cc900000, 0x000000076b500000)
  object space 175104K, 88% used [0x00000006c1e00000,0x00000006cb5a0fb0,0x00000006cc900000)
 Metaspace       used 14928K, capacity 15200K, committed 15232K, reserved 1062912K
  class space    used 1820K, capacity 1905K, committed 1920K, reserved 1048576K
Event: 43.819 GC heap after
Heap after GC invocations=49 (full 0):
 PSYoungGen      total 536064K, used 29693K [0x000000076b500000, 0x000000078dd80000, 0x00000007c0000000)
  eden space 506368K, 0% used [0x000000076b500000,0x000000076b500000,0x000000078a380000)
  from space 29696K, 99% used [0x000000078a380000,0x000000078c07f470,0x000000078c080000)
  to   space 28672K, 0% used [0x000000078c180000,0x000000078c180000,0x000000078dd80000)
 ParOldGen       total 175104K, used 171436K [0x00000006c1e00000, 0x00000006cc900000, 0x000000076b500000)
  object space 175104K, 97% used [0x00000006c1e00000,0x00000006cc56b240,0x00000006cc900000)
 Metaspace       used 14928K, capacity 15200K, committed 15232K, reserved 1062912K
  class space    used 1820K, capacity 1905K, committed 1920K, reserved 1048576K
}
Event: 43.819 GC heap before
{Heap before GC invocations=50 (full 1):
 PSYoungGen      total 536064K, used 29693K [0x000000076b500000, 0x000000078dd80000, 0x00000007c0000000)
  eden space 506368K, 0% used [0x000000076b500000,0x000000076b500000,0x000000078a380000)
  from space 29696K, 99% used [0x000000078a380000,0x000000078c07f470,0x000000078c080000)
  to   space 28672K, 0% used [0x000000078c180000,0x000000078c180000,0x000000078dd80000)
 ParOldGen       total 175104K, used 171436K [0x00000006c1e00000, 0x00000006cc900000, 0x000000076b500000)
  object space 175104K, 97% used [0x00000006c1e00000,0x00000006cc56b240,0x00000006cc900000)
 Metaspace       used 14928K, capacity 15200K, committed 15232K, reserved 1062912K
  class space    used 1820K, capacity 1905K, committed 1920K, reserved 1048576K
Event: 44.119 GC heap after
Heap after GC invocations=50 (full 1):
 PSYoungGen      total 536064K, used 0K [0x000000076b500000, 0x000000078dd80000, 0x00000007c0000000)
  eden space 506368K, 0% used [0x000000076b500000,0x000000076b500000,0x000000078a380000)
  from space 29696K, 0% used [0x000000078a380000,0x000000078a380000,0x000000078c080000)
  to   space 28672K, 0% used [0x000000078c180000,0x000000078c180000,0x000000078dd80000)
 ParOldGen       total 175104K, used 163693K [0x00000006c1e00000, 0x00000006cc900000, 0x000000076b500000)
  object space 175104K, 93% used [0x00000006c1e00000,0x00000006cbddb4f8,0x00000006cc900000)
 Metaspace       used 14928K, capacity 15200K, committed 15232K, reserved 1062912K
  class space    used 1820K, capacity 1905K, committed 1920K, reserved 1048576K
}

