# JRE version: Java(TM) SE Runtime Environment (8.0_161-b12) (build 1.8.0_161-b12)
# Java VM: Java HotSpot(TM) 64-Bit Server VM (25.161-b12 mixed mode windows-amd64 compressed oops)
Heap:
 PSYoungGen      total 1314304K, used 318765K [0x000000076b500000, 0x00000007bf800000, 0x00000007c0000000)
  eden space 1259520K, 24% used [0x000000076b500000,0x000000077dfe3240,0x00000007b8300000)
  from space 54784K, 23% used [0x00000007bc280000,0x00000007bcee83c0,0x00000007bf800000)
  to   space 59904K, 0% used [0x00000007b8300000,0x00000007b8300000,0x00000007bbd80000)
 ParOldGen       total 549376K, used 394422K [0x00000006c1e00000, 0x00000006e3680000, 0x000000076b500000)
  object space 549376K, 71% used [0x00000006c1e00000,0x00000006d9f2dae0,0x00000006e3680000)
 Metaspace       used 28208K, capacity 28582K, committed 28928K, reserved 1075200K
  class space    used 3660K, capacity 3773K, committed 3840K, reserved 1048576K
GC Heap History (10 events):
Event: 86.665 GC heap before
{Heap before GC invocations=55 (full 2):
 PSYoungGen      total 1327104K, used 1327080K [0x000000076b500000, 0x00000007c0000000, 0x00000007c0000000)
  eden space 1298432K, 100% used [0x000000076b500000,0x00000007ba900000,0x00000007ba900000)
  from space 28672K, 99% used [0x00000007be400000,0x00000007bfffa160,0x00000007c0000000)
  to   space 44544K, 0% used [0x00000007ba900000,0x00000007ba900000,0x00000007bd480000)
 ParOldGen       total 371712K, used 329320K [0x00000006c1e00000, 0x00000006d8900000, 0x000000076b500000)
  object space 371712K, 88% used [0x00000006c1e00000,0x00000006d5f9a048,0x00000006d8900000)
 Metaspace       used 27892K, capacity 28230K, committed 28672K, reserved 1075200K
  class space    used 3653K, capacity 3741K, committed 3840K, reserved 1048576K
Event: 86.691 GC heap after
Heap after GC invocations=55 (full 2):
 PSYoungGen      total 1342976K, used 44523K [0x000000076b500000, 0x00000007c0000000, 0x00000007c0000000)
  eden space 1298432K, 0% used [0x000000076b500000,0x000000076b500000,0x00000007ba900000)
  from space 44544K, 99% used [0x00000007ba900000,0x00000007bd47aec0,0x00000007bd480000)
  to   space 44544K, 0% used [0x00000007bd480000,0x00000007bd480000,0x00000007c0000000)
 ParOldGen       total 371712K, used 369569K [0x00000006c1e00000, 0x00000006d8900000, 0x000000076b500000)
  object space 371712K, 99% used [0x00000006c1e00000,0x00000006d86e8550,0x00000006d8900000)
 Metaspace       used 27892K, capacity 28230K, committed 28672K, reserved 1075200K
  class space    used 3653K, capacity 3741K, committed 3840K, reserved 1048576K
}
Event: 86.691 GC heap before
{Heap before GC invocations=56 (full 3):
 PSYoungGen      total 1342976K, used 44523K [0x000000076b500000, 0x00000007c0000000, 0x00000007c0000000)
  eden space 1298432K, 0% used [0x000000076b500000,0x000000076b500000,0x00000007ba900000)
  from space 44544K, 99% used [0x00000007ba900000,0x00000007bd47aec0,0x00000007bd480000)
  to   space 44544K, 0% used [0x00000007bd480000,0x00000007bd480000,0x00000007c0000000)
 ParOldGen       total 371712K, used 369569K [0x00000006c1e00000, 0x00000006d8900000, 0x000000076b500000)
  object space 371712K, 99% used [0x00000006c1e00000,0x00000006d86e8550,0x00000006d8900000)
 Metaspace       used 27892K, capacity 28230K, committed 28672K, reserved 1075200K
  class space    used 3653K, capacity 3741K, committed 3840K, reserved 1048576K
Event: 87.289 GC heap after
Heap after GC invocations=56 (full 3):
 PSYoungGen      total 1342976K, used 22242K [0x000000076b500000, 0x00000007c0000000, 0x00000007c0000000)
  eden space 1298432K, 0% used [0x000000076b500000,0x000000076b500000,0x00000007ba900000)
  from space 44544K, 49% used [0x00000007ba900000,0x00000007bbeb8af8,0x00000007bd480000)
  to   space 44544K, 0% used [0x00000007bd480000,0x00000007bd480000,0x00000007c0000000)
 ParOldGen       total 549376K, used 371327K [0x00000006c1e00000, 0x00000006e3680000, 0x000000076b500000)
  object space 549376K, 67% used [0x00000006c1e00000,0x00000006d889fda8,0x00000006e3680000)
 Metaspace       used 27892K, capacity 28230K, committed 28672K, reserved 1075200K
  class space    used 3653K, capacity 3741K, committed 3840K, reserved 1048576K
}
Event: 89.196 GC heap before
{Heap before GC invocations=57 (full 3):
 PSYoungGen      total 1342976K, used 1320674K [0x000000076b500000, 0x00000007c0000000, 0x00000007c0000000)
  eden space 1298432K, 100% used [0x000000076b500000,0x00000007ba900000,0x00000007ba900000)
  from space 44544K, 49% used [0x00000007ba900000,0x00000007bbeb8af8,0x00000007bd480000)
  to   space 44544K, 0% used [0x00000007bd480000,0x00000007bd480000,0x00000007c0000000)
 ParOldGen       total 549376K, used 371327K [0x00000006c1e00000, 0x00000006e3680000, 0x000000076b500000)
  object space 549376K, 67% used [0x00000006c1e00000,0x00000006d889fda8,0x00000006e3680000)
 Metaspace       used 27974K, capacity 28294K, committed 28672K, reserved 1075200K
  class space    used 3653K, capacity 3741K, committed 3840K, reserved 1048576K
Event: 89.227 GC heap after
Heap after GC invocations=57 (full 3):
 PSYoungGen      total 1302016K, used 8384K [0x000000076b500000, 0x00000007c0000000, 0x00000007c0000000)
  eden space 1257472K, 0% used [0x000000076b500000,0x000000076b500000,0x00000007b8100000)
  from space 44544K, 18% used [0x00000007bd480000,0x00000007bdcb0000,0x00000007c0000000)
  to   space 65024K, 0% used [0x00000007b8100000,0x00000007b8100000,0x00000007bc080000)
 ParOldGen       total 549376K, used 394406K [0x00000006c1e00000, 0x00000006e3680000, 0x000000076b500000)
  object space 549376K, 71% used [0x00000006c1e00000,0x00000006d9f29ae0,0x00000006e3680000)
 Metaspace       used 27974K, capacity 28294K, committed 28672K, reserved 1075200K
  class space    used 3653K, capacity 3741K, committed 3840K, reserved 1048576K
}
Event: 91.058 GC heap before
{Heap before GC invocations=58 (full 3):
 PSYoungGen      total 1302016K, used 1265856K [0x000000076b500000, 0x00000007c0000000, 0x00000007c0000000)
  eden space 1257472K, 100% used [0x000000076b500000,0x00000007b8100000,0x00000007b8100000)
  from space 44544K, 18% used [0x00000007bd480000,0x00000007bdcb0000,0x00000007c0000000)
  to   space 65024K, 0% used [0x00000007b8100000,0x00000007b8100000,0x00000007bc080000)
 ParOldGen       total 549376K, used 394406K [0x00000006c1e00000, 0x00000006e3680000, 0x000000076b500000)
  object space 549376K, 71% used [0x00000006c1e00000,0x00000006d9f29ae0,0x00000006e3680000)
 Metaspace       used 28058K, capacity 28358K, committed 28672K, reserved 1075200K
  class space    used 3654K, capacity 3741K, committed 3840K, reserved 1048576K
Event: 91.061 GC heap after
Heap after GC invocations=58 (full 3):
 PSYoungGen      total 1322496K, used 9120K [0x000000076b500000, 0x00000007c0000000, 0x00000007c0000000)
  eden space 1257472K, 0% used [0x000000076b500000,0x000000076b500000,0x00000007b8100000)
  from space 65024K, 14% used [0x00000007b8100000,0x00000007b89e8000,0x00000007bc080000)
  to   space 62976K, 0% used [0x00000007bc280000,0x00000007bc280000,0x00000007c0000000)
 ParOldGen       total 549376K, used 394414K [0x00000006c1e00000, 0x00000006e3680000, 0x000000076b500000)
  object space 549376K, 71% used [0x00000006c1e00000,0x00000006d9f2bae0,0x00000006e3680000)
 Metaspace       used 28058K, capacity 28358K, committed 28672K, reserved 1075200K
  class space    used 3654K, capacity 3741K, committed 3840K, reserved 1048576K
}
Event: 92.814 GC heap before
{Heap before GC invocations=59 (full 3):
 PSYoungGen      total 1322496K, used 1266592K [0x000000076b500000, 0x00000007c0000000, 0x00000007c0000000)
  eden space 1257472K, 100% used [0x000000076b500000,0x00000007b8100000,0x00000007b8100000)
  from space 65024K, 14% used [0x00000007b8100000,0x00000007b89e8000,0x00000007bc080000)
  to   space 62976K, 0% used [0x00000007bc280000,0x00000007bc280000,0x00000007c0000000)
 ParOldGen       total 549376K, used 394414K [0x00000006c1e00000, 0x00000006e3680000, 0x000000076b500000)
  object space 549376K, 71% used [0x00000006c1e00000,0x00000006d9f2bae0,0x00000006e3680000)
 Metaspace       used 28163K, capacity 28518K, committed 28928K, reserved 1075200K
  class space    used 3660K, capacity 3773K, committed 3840K, reserved 1048576K
Event: 92.818 GC heap after
Heap after GC invocations=59 (full 3):
 PSYoungGen      total 1314304K, used 12704K [0x000000076b500000, 0x00000007bf800000, 0x00000007c0000000)
  eden space 1259520K, 0% used [0x000000076b500000,0x000000076b500000,0x00000007b8300000)
  from space 54784K, 23% used [0x00000007bc280000,0x00000007bcee83c0,0x00000007bf800000)
  to   space 59904K, 0% used [0x00000007b8300000,0x00000007b8300000,0x00000007bbd80000)
 ParOldGen       total 549376K, used 394422K [0x00000006c1e00000, 0x00000006e3680000, 0x000000076b500000)
  object space 549376K, 71% used [0x00000006c1e00000,0x00000006d9f2dae0,0x00000006e3680000)
 Metaspace       used 28163K, capacity 28518K, committed 28928K, reserved 1075200K
  class space    used 3660K, capacity 3773K, committed 3840K, reserved 1048576K
}

