# JRE version: Java(TM) SE Runtime Environment (8.0_161-b12) (build 1.8.0_161-b12)
# Java VM: Java HotSpot(TM) 64-Bit Server VM (25.161-b12 mixed mode windows-amd64 compressed oops)
Heap:
 PSYoungGen      total 1339904K, used 383803K [0x000000076b500000, 0x00000007bee80000, 0x00000007c0000000)
  eden space 1313792K, 28% used [0x000000076b500000,0x00000007825aeb38,0x00000007bb800000)
  from space 26112K, 24% used [0x00000007bb800000,0x00000007bbe20160,0x00000007bd180000)
  to   space 26624K, 0% used [0x00000007bd480000,0x00000007bd480000,0x00000007bee80000)
 ParOldGen       total 540160K, used 464243K [0x00000006c1e00000, 0x00000006e2d80000, 0x000000076b500000)
  object space 540160K, 85% used [0x00000006c1e00000,0x00000006de35cd10,0x00000006e2d80000)
 Metaspace       used 29408K, capacity 29728K, committed 30080K, reserved 1075200K
  class space    used 3813K, capacity 3900K, committed 3968K, reserved 1048576K
GC Heap History (10 events):
Event: 255.538 GC heap before
{Heap before GC invocations=157 (full 4):
 PSYoungGen      total 1334272K, used 1324798K [0x000000076b500000, 0x00000007be800000, 0x00000007c0000000)
  eden space 1308672K, 100% used [0x000000076b500000,0x00000007bb300000,0x00000007bb300000)
  from space 25600K, 62% used [0x00000007bcf00000,0x00000007bdebf928,0x00000007be800000)
  to   space 27136K, 0% used [0x00000007bb300000,0x00000007bb300000,0x00000007bcd80000)
 ParOldGen       total 540160K, used 448624K [0x00000006c1e00000, 0x00000006e2d80000, 0x000000076b500000)
  object space 540160K, 83% used [0x00000006c1e00000,0x00000006dd41c3e0,0x00000006e2d80000)
 Metaspace       used 29360K, capacity 29728K, committed 30080K, reserved 1075200K
  class space    used 3813K, capacity 3900K, committed 3968K, reserved 1048576K
Event: 255.544 GC heap after
Heap after GC invocations=157 (full 4):
 PSYoungGen      total 1335808K, used 11467K [0x000000076b500000, 0x00000007bea80000, 0x00000007c0000000)
  eden space 1308672K, 0% used [0x000000076b500000,0x000000076b500000,0x00000007bb300000)
  from space 27136K, 42% used [0x00000007bb300000,0x00000007bbe32e88,0x00000007bcd80000)
  to   space 27136K, 0% used [0x00000007bd000000,0x00000007bd000000,0x00000007bea80000)
 ParOldGen       total 540160K, used 459864K [0x00000006c1e00000, 0x00000006e2d80000, 0x000000076b500000)
  object space 540160K, 85% used [0x00000006c1e00000,0x00000006ddf163c0,0x00000006e2d80000)
 Metaspace       used 29360K, capacity 29728K, committed 30080K, reserved 1075200K
  class space    used 3813K, capacity 3900K, committed 3968K, reserved 1048576K
}
Event: 257.427 GC heap before
{Heap before GC invocations=158 (full 4):
 PSYoungGen      total 1335808K, used 1320139K [0x000000076b500000, 0x00000007bea80000, 0x00000007c0000000)
  eden space 1308672K, 100% used [0x000000076b500000,0x00000007bb300000,0x00000007bb300000)
  from space 27136K, 42% used [0x00000007bb300000,0x00000007bbe32e88,0x00000007bcd80000)
  to   space 27136K, 0% used [0x00000007bd000000,0x00000007bd000000,0x00000007bea80000)
 ParOldGen       total 540160K, used 459864K [0x00000006c1e00000, 0x00000006e2d80000, 0x000000076b500000)
  object space 540160K, 85% used [0x00000006c1e00000,0x00000006ddf163c0,0x00000006e2d80000)
 Metaspace       used 29377K, capacity 29728K, committed 30080K, reserved 1075200K
  class space    used 3813K, capacity 3900K, committed 3968K, reserved 1048576K
Event: 257.432 GC heap after
Heap after GC invocations=158 (full 4):
 PSYoungGen      total 1336320K, used 14596K [0x000000076b500000, 0x00000007be880000, 0x00000007c0000000)
  eden space 1311232K, 0% used [0x000000076b500000,0x000000076b500000,0x00000007bb580000)
  from space 25088K, 58% used [0x00000007bd000000,0x00000007bde41378,0x00000007be880000)
  to   space 26112K, 0% used [0x00000007bb580000,0x00000007bb580000,0x00000007bcf00000)
 ParOldGen       total 540160K, used 459864K [0x00000006c1e00000, 0x00000006e2d80000, 0x000000076b500000)
  object space 540160K, 85% used [0x00000006c1e00000,0x00000006ddf163c0,0x00000006e2d80000)
 Metaspace       used 29377K, capacity 29728K, committed 30080K, reserved 1075200K
  class space    used 3813K, capacity 3900K, committed 3968K, reserved 1048576K
}
Event: 259.388 GC heap before
{Heap before GC invocations=159 (full 4):
 PSYoungGen      total 1336320K, used 1325828K [0x000000076b500000, 0x00000007be880000, 0x00000007c0000000)
  eden space 1311232K, 100% used [0x000000076b500000,0x00000007bb580000,0x00000007bb580000)
  from space 25088K, 58% used [0x00000007bd000000,0x00000007bde41378,0x00000007be880000)
  to   space 26112K, 0% used [0x00000007bb580000,0x00000007bb580000,0x00000007bcf00000)
 ParOldGen       total 540160K, used 459864K [0x00000006c1e00000, 0x00000006e2d80000, 0x000000076b500000)
  object space 540160K, 85% used [0x00000006c1e00000,0x00000006ddf163c0,0x00000006e2d80000)
 Metaspace       used 29377K, capacity 29728K, committed 30080K, reserved 1075200K
  class space    used 3813K, capacity 3900K, committed 3968K, reserved 1048576K
Event: 259.392 GC heap after
Heap after GC invocations=159 (full 4):
 PSYoungGen      total 1337344K, used 4265K [0x000000076b500000, 0x00000007bec00000, 0x00000007c0000000)
  eden space 1311232K, 0% used [0x000000076b500000,0x000000076b500000,0x00000007bb580000)
  from space 26112K, 16% used [0x00000007bb580000,0x00000007bb9aa608,0x00000007bcf00000)
  to   space 26624K, 0% used [0x00000007bd200000,0x00000007bd200000,0x00000007bec00000)
 ParOldGen       total 540160K, used 459952K [0x00000006c1e00000, 0x00000006e2d80000, 0x000000076b500000)
  object space 540160K, 85% used [0x00000006c1e00000,0x00000006ddf2c3c0,0x00000006e2d80000)
 Metaspace       used 29377K, capacity 29728K, committed 30080K, reserved 1075200K
  class space    used 3813K, capacity 3900K, committed 3968K, reserved 1048576K
}
Event: 261.301 GC heap before
{Heap before GC invocations=160 (full 4):
 PSYoungGen      total 1337344K, used 1315497K [0x000000076b500000, 0x00000007bec00000, 0x00000007c0000000)
  eden space 1311232K, 100% used [0x000000076b500000,0x00000007bb580000,0x00000007bb580000)
  from space 26112K, 16% used [0x00000007bb580000,0x00000007bb9aa608,0x00000007bcf00000)
  to   space 26624K, 0% used [0x00000007bd200000,0x00000007bd200000,0x00000007bec00000)
 ParOldGen       total 540160K, used 459952K [0x00000006c1e00000, 0x00000006e2d80000, 0x000000076b500000)
  object space 540160K, 85% used [0x00000006c1e00000,0x00000006ddf2c3c0,0x00000006e2d80000)
 Metaspace       used 29402K, capacity 29728K, committed 30080K, reserved 1075200K
  class space    used 3813K, capacity 3900K, committed 3968K, reserved 1048576K
Event: 261.306 GC heap after
Heap after GC invocations=160 (full 4):
 PSYoungGen      total 1339392K, used 9985K [0x000000076b500000, 0x00000007beb00000, 0x00000007c0000000)
  eden space 1313792K, 0% used [0x000000076b500000,0x000000076b500000,0x00000007bb800000)
  from space 25600K, 39% used [0x00000007bd200000,0x00000007bdbc0558,0x00000007beb00000)
  to   space 26112K, 0% used [0x00000007bb800000,0x00000007bb800000,0x00000007bd180000)
 ParOldGen       total 540160K, used 464039K [0x00000006c1e00000, 0x00000006e2d80000, 0x000000076b500000)
  object space 540160K, 85% used [0x00000006c1e00000,0x00000006de329d00,0x00000006e2d80000)
 Metaspace       used 29402K, capacity 29728K, committed 30080K, reserved 1075200K
  class space    used 3813K, capacity 3900K, committed 3968K, reserved 1048576K
}
Event: 263.129 GC heap before
{Heap before GC invocations=161 (full 4):
 PSYoungGen      total 1339392K, used 1323777K [0x000000076b500000, 0x00000007beb00000, 0x00000007c0000000)
  eden space 1313792K, 100% used [0x000000076b500000,0x00000007bb800000,0x00000007bb800000)
  from space 25600K, 39% used [0x00000007bd200000,0x00000007bdbc0558,0x00000007beb00000)
  to   space 26112K, 0% used [0x00000007bb800000,0x00000007bb800000,0x00000007bd180000)
 ParOldGen       total 540160K, used 464039K [0x00000006c1e00000, 0x00000006e2d80000, 0x000000076b500000)
  object space 540160K, 85% used [0x00000006c1e00000,0x00000006de329d00,0x00000006e2d80000)
 Metaspace       used 29403K, capacity 29728K, committed 30080K, reserved 1075200K
  class space    used 3813K, capacity 3900K, committed 3968K, reserved 1048576K
Event: 263.134 GC heap after
Heap after GC invocations=161 (full 4):
 PSYoungGen      total 1339904K, used 6272K [0x000000076b500000, 0x00000007bee80000, 0x00000007c0000000)
  eden space 1313792K, 0% used [0x000000076b500000,0x000000076b500000,0x00000007bb800000)
  from space 26112K, 24% used [0x00000007bb800000,0x00000007bbe20160,0x00000007bd180000)
  to   space 26624K, 0% used [0x00000007bd480000,0x00000007bd480000,0x00000007bee80000)
 ParOldGen       total 540160K, used 464243K [0x00000006c1e00000, 0x00000006e2d80000, 0x000000076b500000)
  object space 540160K, 85% used [0x00000006c1e00000,0x00000006de35cd10,0x00000006e2d80000)
 Metaspace       used 29403K, capacity 29728K, committed 30080K, reserved 1075200K
  class space    used 3813K, capacity 3900K, committed 3968K, reserved 1048576K
}

