# JRE version: Java(TM) SE Runtime Environment (8.0_161-b12) (build 1.8.0_161-b12)
# Java VM: Java HotSpot(TM) 64-Bit Server VM (25.161-b12 mixed mode windows-amd64 compressed oops)
Heap:
 PSYoungGen      total 1360896K, used 1276857K [0x000000076b500000, 0x00000007c0000000, 0x00000007c0000000)
  eden space 1338368K, 94% used [0x000000076b500000,0x00000007b8308cf0,0x00000007bd000000)
  from space 22528K, 76% used [0x00000007bd000000,0x00000007be0e5a00,0x00000007be600000)
  to   space 24576K, 0% used [0x00000007be800000,0x00000007be800000,0x00000007c0000000)
 ParOldGen       total 370176K, used 232866K [0x00000006c1e00000, 0x00000006d8780000, 0x000000076b500000)
  object space 370176K, 62% used [0x00000006c1e00000,0x00000006d0168bc8,0x00000006d8780000)
 Metaspace       used 21305K, capacity 21666K, committed 22016K, reserved 1069056K
  class space    used 2359K, capacity 2455K, committed 2560K, reserved 1048576K
GC Heap History (10 events):
Event: 51.101 GC heap before
{Heap before GC invocations=47 (full 1):
 PSYoungGen      total 1357312K, used 1334331K [0x000000076b500000, 0x00000007c0000000, 0x00000007c0000000)
  eden space 1330688K, 100% used [0x000000076b500000,0x00000007bc880000,0x00000007bc880000)
  from space 26624K, 13% used [0x00000007bc880000,0x00000007bcc0ec28,0x00000007be280000)
  to   space 26112K, 0% used [0x00000007be680000,0x00000007be680000,0x00000007c0000000)
 ParOldGen       total 295936K, used 272440K [0x00000006c1e00000, 0x00000006d3f00000, 0x000000076b500000)
  object space 295936K, 92% used [0x00000006c1e00000,0x00000006d280e050,0x00000006d3f00000)
 Metaspace       used 20027K, capacity 20368K, committed 20608K, reserved 1067008K
  class space    used 2240K, capacity 2324K, committed 2432K, reserved 1048576K
Event: 51.137 GC heap after
Heap after GC invocations=47 (full 1):
 PSYoungGen      total 1358336K, used 3136K [0x000000076b500000, 0x00000007bfd80000, 0x00000007c0000000)
  eden space 1334784K, 0% used [0x000000076b500000,0x000000076b500000,0x00000007bcc80000)
  from space 23552K, 13% used [0x00000007be680000,0x00000007be990010,0x00000007bfd80000)
  to   space 25088K, 0% used [0x00000007bcc80000,0x00000007bcc80000,0x00000007be500000)
 ParOldGen       total 295936K, used 275304K [0x00000006c1e00000, 0x00000006d3f00000, 0x000000076b500000)
  object space 295936K, 93% used [0x00000006c1e00000,0x00000006d2ada240,0x00000006d3f00000)
 Metaspace       used 20027K, capacity 20368K, committed 20608K, reserved 1067008K
  class space    used 2240K, capacity 2324K, committed 2432K, reserved 1048576K
}
Event: 51.759 GC heap before
{Heap before GC invocations=48 (full 2):
 PSYoungGen      total 1358336K, used 1337920K [0x000000076b500000, 0x00000007bfd80000, 0x00000007c0000000)
  eden space 1334784K, 100% used [0x000000076b500000,0x00000007bcc80000,0x00000007bcc80000)
  from space 23552K, 13% used [0x00000007be680000,0x00000007be990010,0x00000007bfd80000)
  to   space 25088K, 0% used [0x00000007bcc80000,0x00000007bcc80000,0x00000007be500000)
 ParOldGen       total 390144K, used 389751K [0x00000006c1e00000, 0x00000006d9b00000, 0x000000076b500000)
  object space 390144K, 99% used [0x00000006c1e00000,0x00000006d9a9ddf0,0x00000006d9b00000)
 Metaspace       used 20054K, capacity 20368K, committed 20608K, reserved 1067008K
  class space    used 2241K, capacity 2324K, committed 2432K, reserved 1048576K
Event: 52.302 GC heap after
Heap after GC invocations=48 (full 2):
 PSYoungGen      total 1358336K, used 0K [0x000000076b500000, 0x00000007bfd80000, 0x00000007c0000000)
  eden space 1334784K, 0% used [0x000000076b500000,0x000000076b500000,0x00000007bcc80000)
  from space 23552K, 0% used [0x00000007be680000,0x00000007be680000,0x00000007bfd80000)
  to   space 25088K, 0% used [0x00000007bcc80000,0x00000007bcc80000,0x00000007be500000)
 ParOldGen       total 370176K, used 229363K [0x00000006c1e00000, 0x00000006d8780000, 0x000000076b500000)
  object space 370176K, 61% used [0x00000006c1e00000,0x00000006cfdfce78,0x00000006d8780000)
 Metaspace       used 20054K, capacity 20368K, committed 20608K, reserved 1067008K
  class space    used 2241K, capacity 2324K, committed 2432K, reserved 1048576K
}
Event: 52.749 GC heap before
{Heap before GC invocations=49 (full 2):
 PSYoungGen      total 1358336K, used 1334784K [0x000000076b500000, 0x00000007bfd80000, 0x00000007c0000000)
  eden space 1334784K, 100% used [0x000000076b500000,0x00000007bcc80000,0x00000007bcc80000)
  from space 23552K, 0% used [0x00000007be680000,0x00000007be680000,0x00000007bfd80000)
  to   space 25088K, 0% used [0x00000007bcc80000,0x00000007bcc80000,0x00000007be500000)
 ParOldGen       total 370176K, used 229538K [0x00000006c1e00000, 0x00000006d8780000, 0x000000076b500000)
  object space 370176K, 62% used [0x00000006c1e00000,0x00000006cfe28bc8,0x00000006d8780000)
 Metaspace       used 20054K, capacity 20368K, committed 20608K, reserved 1067008K
  class space    used 2241K, capacity 2324K, committed 2432K, reserved 1048576K
Event: 52.765 GC heap after
Heap after GC invocations=49 (full 2):
 PSYoungGen      total 1359872K, used 3360K [0x000000076b500000, 0x00000007bff80000, 0x00000007c0000000)
  eden space 1334784K, 0% used [0x000000076b500000,0x000000076b500000,0x00000007bcc80000)
  from space 25088K, 13% used [0x00000007bcc80000,0x00000007bcfc8000,0x00000007be500000)
  to   space 24064K, 0% used [0x00000007be800000,0x00000007be800000,0x00000007bff80000)
 ParOldGen       total 370176K, used 229538K [0x00000006c1e00000, 0x00000006d8780000, 0x000000076b500000)
  object space 370176K, 62% used [0x00000006c1e00000,0x00000006cfe28bc8,0x00000006d8780000)
 Metaspace       used 20054K, capacity 20368K, committed 20608K, reserved 1067008K
  class space    used 2241K, capacity 2324K, committed 2432K, reserved 1048576K
}
Event: 53.264 GC heap before
{Heap before GC invocations=50 (full 2):
 PSYoungGen      total 1359872K, used 1338144K [0x000000076b500000, 0x00000007bff80000, 0x00000007c0000000)
  eden space 1334784K, 100% used [0x000000076b500000,0x00000007bcc80000,0x00000007bcc80000)
  from space 25088K, 13% used [0x00000007bcc80000,0x00000007bcfc8000,0x00000007be500000)
  to   space 24064K, 0% used [0x00000007be800000,0x00000007be800000,0x00000007bff80000)
 ParOldGen       total 370176K, used 229538K [0x00000006c1e00000, 0x00000006d8780000, 0x000000076b500000)
  object space 370176K, 62% used [0x00000006c1e00000,0x00000006cfe28bc8,0x00000006d8780000)
 Metaspace       used 20190K, capacity 20528K, committed 20864K, reserved 1067008K
  class space    used 2256K, capacity 2356K, committed 2432K, reserved 1048576K
Event: 53.286 GC heap after
Heap after GC invocations=50 (full 2):
 PSYoungGen      total 1358848K, used 7596K [0x000000076b500000, 0x00000007bfc00000, 0x00000007c0000000)
  eden space 1338368K, 0% used [0x000000076b500000,0x000000076b500000,0x00000007bd000000)
  from space 20480K, 37% used [0x00000007be800000,0x00000007bef6b2e8,0x00000007bfc00000)
  to   space 22528K, 0% used [0x00000007bd000000,0x00000007bd000000,0x00000007be600000)
 ParOldGen       total 370176K, used 232866K [0x00000006c1e00000, 0x00000006d8780000, 0x000000076b500000)
  object space 370176K, 62% used [0x00000006c1e00000,0x00000006d0168bc8,0x00000006d8780000)
 Metaspace       used 20190K, capacity 20528K, committed 20864K, reserved 1067008K
  class space    used 2256K, capacity 2356K, committed 2432K, reserved 1048576K
}
Event: 53.610 GC heap before
{Heap before GC invocations=51 (full 2):
 PSYoungGen      total 1358848K, used 1345964K [0x000000076b500000, 0x00000007bfc00000, 0x00000007c0000000)
  eden space 1338368K, 100% used [0x000000076b500000,0x00000007bd000000,0x00000007bd000000)
  from space 20480K, 37% used [0x00000007be800000,0x00000007bef6b2e8,0x00000007bfc00000)
  to   space 22528K, 0% used [0x00000007bd000000,0x00000007bd000000,0x00000007be600000)
 ParOldGen       total 370176K, used 232866K [0x00000006c1e00000, 0x00000006d8780000, 0x000000076b500000)
  object space 370176K, 62% used [0x00000006c1e00000,0x00000006d0168bc8,0x00000006d8780000)
 Metaspace       used 20358K, capacity 20668K, committed 20864K, reserved 1067008K
  class space    used 2269K, capacity 2358K, committed 2432K, reserved 1048576K
Event: 53.643 GC heap after
Heap after GC invocations=51 (full 2):
 PSYoungGen      total 1360896K, used 17302K [0x000000076b500000, 0x00000007c0000000, 0x00000007c0000000)
  eden space 1338368K, 0% used [0x000000076b500000,0x000000076b500000,0x00000007bd000000)
  from space 22528K, 76% used [0x00000007bd000000,0x00000007be0e5a00,0x00000007be600000)
  to   space 24576K, 0% used [0x00000007be800000,0x00000007be800000,0x00000007c0000000)
 ParOldGen       total 370176K, used 232866K [0x00000006c1e00000, 0x00000006d8780000, 0x000000076b500000)
  object space 370176K, 62% used [0x00000006c1e00000,0x00000006d0168bc8,0x00000006d8780000)
 Metaspace       used 20358K, capacity 20668K, committed 20864K, reserved 1067008K
  class space    used 2269K, capacity 2358K, committed 2432K, reserved 1048576K
}

