# JRE version: Java(TM) SE Runtime Environment (8.0_161-b12) (build 1.8.0_161-b12)
# Java VM: Java HotSpot(TM) 64-Bit Server VM (25.161-b12 mixed mode windows-amd64 compressed oops)
Heap:
 PSYoungGen      total 1313280K, used 845050K [0x000000076b500000, 0x00000007bf700000, 0x00000007c0000000)
  eden space 1259520K, 65% used [0x000000076b500000,0x000000079dbdb198,0x00000007b8300000)
  from space 53760K, 35% used [0x00000007bc280000,0x00000007bd4e36a0,0x00000007bf700000)
  to   space 59392K, 0% used [0x00000007b8300000,0x00000007b8300000,0x00000007bbd00000)
 ParOldGen       total 582144K, used 361893K [0x00000006c1e00000, 0x00000006e5680000, 0x000000076b500000)
  object space 582144K, 62% used [0x00000006c1e00000,0x00000006d7f695c8,0x00000006e5680000)
 Metaspace       used 27867K, capacity 28192K, committed 28416K, reserved 1073152K
  class space    used 3659K, capacity 3772K, committed 3840K, reserved 1048576K
GC Heap History (10 events):
Event: 82.287 GC heap before
{Heap before GC invocations=71 (full 3):
 PSYoungGen      total 1305600K, used 1243712K [0x000000076b500000, 0x00000007c0000000, 0x00000007c0000000)
  eden space 1223680K, 100% used [0x000000076b500000,0x00000007b6000000,0x00000007b6000000)
  from space 81920K, 24% used [0x00000007b6000000,0x00000007b7390050,0x00000007bb000000)
  to   space 77312K, 0% used [0x00000007bb480000,0x00000007bb480000,0x00000007c0000000)
 ParOldGen       total 582144K, used 361869K [0x00000006c1e00000, 0x00000006e5680000, 0x000000076b500000)
  object space 582144K, 62% used [0x00000006c1e00000,0x00000006d7f635c8,0x00000006e5680000)
 Metaspace       used 27547K, capacity 27840K, committed 28160K, reserved 1073152K
  class space    used 3654K, capacity 3740K, committed 3840K, reserved 1048576K
Event: 82.300 GC heap after
Heap after GC invocations=71 (full 3):
 PSYoungGen      total 1291776K, used 26336K [0x000000076b500000, 0x00000007bf280000, 0x00000007c0000000)
  eden space 1228288K, 0% used [0x000000076b500000,0x000000076b500000,0x00000007b6480000)
  from space 63488K, 41% used [0x00000007bb480000,0x00000007bce38050,0x00000007bf280000)
  to   space 72704K, 0% used [0x00000007b6480000,0x00000007b6480000,0x00000007bab80000)
 ParOldGen       total 582144K, used 361869K [0x00000006c1e00000, 0x00000006e5680000, 0x000000076b500000)
  object space 582144K, 62% used [0x00000006c1e00000,0x00000006d7f635c8,0x00000006e5680000)
 Metaspace       used 27547K, capacity 27840K, committed 28160K, reserved 1073152K
  class space    used 3654K, capacity 3740K, committed 3840K, reserved 1048576K
}
Event: 85.368 GC heap before
{Heap before GC invocations=72 (full 3):
 PSYoungGen      total 1291776K, used 1254624K [0x000000076b500000, 0x00000007bf280000, 0x00000007c0000000)
  eden space 1228288K, 100% used [0x000000076b500000,0x00000007b6480000,0x00000007b6480000)
  from space 63488K, 41% used [0x00000007bb480000,0x00000007bce38050,0x00000007bf280000)
  to   space 72704K, 0% used [0x00000007b6480000,0x00000007b6480000,0x00000007bab80000)
 ParOldGen       total 582144K, used 361869K [0x00000006c1e00000, 0x00000006e5680000, 0x000000076b500000)
  object space 582144K, 62% used [0x00000006c1e00000,0x00000006d7f635c8,0x00000006e5680000)
 Metaspace       used 27608K, capacity 27904K, committed 28160K, reserved 1073152K
  class space    used 3654K, capacity 3740K, committed 3840K, reserved 1048576K
Event: 85.379 GC heap after
Heap after GC invocations=72 (full 3):
 PSYoungGen      total 1300992K, used 19968K [0x000000076b500000, 0x00000007c0000000, 0x00000007c0000000)
  eden space 1228288K, 0% used [0x000000076b500000,0x000000076b500000,0x00000007b6480000)
  from space 72704K, 27% used [0x00000007b6480000,0x00000007b7800050,0x00000007bab80000)
  to   space 68608K, 0% used [0x00000007bbd00000,0x00000007bbd00000,0x00000007c0000000)
 ParOldGen       total 582144K, used 361877K [0x00000006c1e00000, 0x00000006e5680000, 0x000000076b500000)
  object space 582144K, 62% used [0x00000006c1e00000,0x00000006d7f655c8,0x00000006e5680000)
 Metaspace       used 27608K, capacity 27904K, committed 28160K, reserved 1073152K
  class space    used 3654K, capacity 3740K, committed 3840K, reserved 1048576K
}
Event: 88.468 GC heap before
{Heap before GC invocations=73 (full 3):
 PSYoungGen      total 1300992K, used 1248256K [0x000000076b500000, 0x00000007c0000000, 0x00000007c0000000)
  eden space 1228288K, 100% used [0x000000076b500000,0x00000007b6480000,0x00000007b6480000)
  from space 72704K, 27% used [0x00000007b6480000,0x00000007b7800050,0x00000007bab80000)
  to   space 68608K, 0% used [0x00000007bbd00000,0x00000007bbd00000,0x00000007c0000000)
 ParOldGen       total 582144K, used 361877K [0x00000006c1e00000, 0x00000006e5680000, 0x000000076b500000)
  object space 582144K, 62% used [0x00000006c1e00000,0x00000006d7f655c8,0x00000006e5680000)
 Metaspace       used 27620K, capacity 27904K, committed 28160K, reserved 1073152K
  class space    used 3654K, capacity 3740K, committed 3840K, reserved 1048576K
Event: 88.478 GC heap after
Heap after GC invocations=73 (full 3):
 PSYoungGen      total 1303552K, used 19968K [0x000000076b500000, 0x00000007bf500000, 0x00000007c0000000)
  eden space 1246208K, 0% used [0x000000076b500000,0x000000076b500000,0x00000007b7600000)
  from space 57344K, 34% used [0x00000007bbd00000,0x00000007bd080050,0x00000007bf500000)
  to   space 65024K, 0% used [0x00000007b7600000,0x00000007b7600000,0x00000007bb580000)
 ParOldGen       total 582144K, used 361877K [0x00000006c1e00000, 0x00000006e5680000, 0x000000076b500000)
  object space 582144K, 62% used [0x00000006c1e00000,0x00000006d7f655c8,0x00000006e5680000)
 Metaspace       used 27620K, capacity 27904K, committed 28160K, reserved 1073152K
  class space    used 3654K, capacity 3740K, committed 3840K, reserved 1048576K
}
Event: 91.443 GC heap before
{Heap before GC invocations=74 (full 3):
 PSYoungGen      total 1303552K, used 1266176K [0x000000076b500000, 0x00000007bf500000, 0x00000007c0000000)
  eden space 1246208K, 100% used [0x000000076b500000,0x00000007b7600000,0x00000007b7600000)
  from space 57344K, 34% used [0x00000007bbd00000,0x00000007bd080050,0x00000007bf500000)
  to   space 65024K, 0% used [0x00000007b7600000,0x00000007b7600000,0x00000007bb580000)
 ParOldGen       total 582144K, used 361877K [0x00000006c1e00000, 0x00000006e5680000, 0x000000076b500000)
  object space 582144K, 62% used [0x00000006c1e00000,0x00000006d7f655c8,0x00000006e5680000)
 Metaspace       used 27655K, capacity 28032K, committed 28416K, reserved 1073152K
  class space    used 3654K, capacity 3740K, committed 3840K, reserved 1048576K
Event: 91.454 GC heap after
Heap after GC invocations=74 (full 3):
 PSYoungGen      total 1311232K, used 12288K [0x000000076b500000, 0x00000007c0000000, 0x00000007c0000000)
  eden space 1246208K, 0% used [0x000000076b500000,0x000000076b500000,0x00000007b7600000)
  from space 65024K, 18% used [0x00000007b7600000,0x00000007b8200050,0x00000007bb580000)
  to   space 62976K, 0% used [0x00000007bc280000,0x00000007bc280000,0x00000007c0000000)
 ParOldGen       total 582144K, used 361885K [0x00000006c1e00000, 0x00000006e5680000, 0x000000076b500000)
  object space 582144K, 62% used [0x00000006c1e00000,0x00000006d7f675c8,0x00000006e5680000)
 Metaspace       used 27655K, capacity 28032K, committed 28416K, reserved 1073152K
  class space    used 3654K, capacity 3740K, committed 3840K, reserved 1048576K
}
Event: 94.059 GC heap before
{Heap before GC invocations=75 (full 3):
 PSYoungGen      total 1311232K, used 1258496K [0x000000076b500000, 0x00000007c0000000, 0x00000007c0000000)
  eden space 1246208K, 100% used [0x000000076b500000,0x00000007b7600000,0x00000007b7600000)
  from space 65024K, 18% used [0x00000007b7600000,0x00000007b8200050,0x00000007bb580000)
  to   space 62976K, 0% used [0x00000007bc280000,0x00000007bc280000,0x00000007c0000000)
 ParOldGen       total 582144K, used 361885K [0x00000006c1e00000, 0x00000006e5680000, 0x000000076b500000)
  object space 582144K, 62% used [0x00000006c1e00000,0x00000006d7f675c8,0x00000006e5680000)
 Metaspace       used 27852K, capacity 28192K, committed 28416K, reserved 1073152K
  class space    used 3659K, capacity 3772K, committed 3840K, reserved 1048576K
Event: 94.066 GC heap after
Heap after GC invocations=75 (full 3):
 PSYoungGen      total 1313280K, used 18829K [0x000000076b500000, 0x00000007bf700000, 0x00000007c0000000)
  eden space 1259520K, 0% used [0x000000076b500000,0x000000076b500000,0x00000007b8300000)
  from space 53760K, 35% used [0x00000007bc280000,0x00000007bd4e36a0,0x00000007bf700000)
  to   space 59392K, 0% used [0x00000007b8300000,0x00000007b8300000,0x00000007bbd00000)
 ParOldGen       total 582144K, used 361893K [0x00000006c1e00000, 0x00000006e5680000, 0x000000076b500000)
  object space 582144K, 62% used [0x00000006c1e00000,0x00000006d7f695c8,0x00000006e5680000)
 Metaspace       used 27852K, capacity 28192K, committed 28416K, reserved 1073152K
  class space    used 3659K, capacity 3772K, committed 3840K, reserved 1048576K
}

